# zsim stats
===
root: # Stats
 contention: # Contention simulation stats
  domain-0: # Domain stats
   time: 5869531219831 # Weave simulation time
 time: # Simulator time breakdown
  init: 591533392
  bound: 8898883000777
  weave: 7453294628733
  ff: 1217533
 trigger: 20000 # Reason for this stats dump
 phase: 26159509 # Simulated phases
 core: # Core stats
  core-0: # Core stats
   cycles: 26159509238 # Simulated unhalted cycles
   cCycles: 456459556 # Cycles due to contention stalls
   instrs: 43451714986 # Simulated instructions
   uops: 59232972459 # Retired micro-ops
   branchUops: 7679937590 # Retired branch micro-ops
   fpAddSubUops: 0 # Retired floating point add and sub micro-ops
   fpMulDivUops: 0 # Retired floating point mul and div micro-ops
   bbls: 7680046477 # Basic blocks
   approxInstrs: 587430401 # Instrs with approx uop decoding
   mispredBranches: 107960191 # Mispredicted branches
   mispredInstrs: 525380100 # Instructions executed in wrong path
   mispredPenalty: 2029682117 # Cycles delayed due to branch misprediction
   opExecuted: 0 # cycles with high (more than 3) number of operations executed
   loadStallsTotal: 9658049173 # stalls due to load
   storeStallsTotal: 5174001587 # stalls due to store
   spatialLocality: 8410 # Spatial Locality times 10000
   temporalLocality: 4578 # Temporal Locality times 10000
 l1d: # Cache stats
  l1d-0: # Filter cache stats
   fhGETS: 17293389413 # Filtered GETS hits
   fhGETX: 10605067028 # Filtered GETX hits
   hGETS: 168850628 # GETS hits
   hGETX: 189415619 # GETX hits
   mGETS: 17749671 # GETS misses
   mGETXIM: 21815368 # GETX I->M misses
   mGETXSM: 0 # GETX S->M misses (upgrade misses)
   PUTS: 0 # Clean evictions (from lower level)
   PUTX: 0 # Dirty evictions (from lower level)
   INV: 101 # Invalidates (from upper level)
   INVX: 0 # Downgrades (from upper level)
   FWD: 0 # Forwards (from upper level)
   latGETnl: 1103561313 # GET request latency on next level
   latGETnet: 0 # GET request latency on network to next level
   sharedRequests: 0 # Shared Requests
 l1i: # Cache stats
  l1i-0: # Filter cache stats
   fhGETS: 8941686455 # Filtered GETS hits
   fhGETX: 0 # Filtered GETX hits
   hGETS: 92277456 # GETS hits
   hGETX: 0 # GETX hits
   mGETS: 380945 # GETS misses
   mGETXIM: 0 # GETX I->M misses
   mGETXSM: 0 # GETX S->M misses (upgrade misses)
   PUTS: 0 # Clean evictions (from lower level)
   PUTX: 0 # Dirty evictions (from lower level)
   INV: 13 # Invalidates (from upper level)
   INVX: 0 # Downgrades (from upper level)
   FWD: 0 # Forwards (from upper level)
   latGETnl: 10288398 # GET request latency on next level
   latGETnet: 0 # GET request latency on network to next level
   sharedRequests: 92277456 # Shared Requests
 l3: # Cache stats
  l3-0: # Timing cache stats
   hGETS: 2998741 # GETS hits
   hGETX: 1639100 # GETX hits
   mGETS: 15131875 # GETS misses
   mGETXIM: 20176268 # GETX I->M misses
   mGETXSM: 0 # GETX S->M misses (upgrade misses)
   PUTS: 16929840 # Clean evictions (from lower level)
   PUTX: 23014006 # Dirty evictions (from lower level)
   INV: 0 # Invalidates (from upper level)
   INVX: 0 # Downgrades (from upper level)
   FWD: 0 # Forwards (from upper level)
   latGETnl: 35308143 # GET request latency on next level
   latGETnet: 0 # GET request latency on network to next level
   sharedRequests: 757994 # Shared Requests
   occHist: # Occupancy MSHR cycle histogram
    0: 25338587056
    1: 430907561
    2: 34834752
    3: 13825656
    4: 13981801
    5: 24726648
    6: 36645276
    7: 35500182
    8: 41515242
    9: 25202735
    10: 31957092
    11: 33575259
    12: 31923772
    13: 18936712
    14: 16361428
    15: 15514832
    16: 15512996
   latHit: 40737895 # Cumulative latency accesses that hit (demand and non-demand)
   latMissResp: 2553243151 # Cumulative latency for miss start to response
   latMiss: 3777085360 # Cumulative latency for miss start to finish (free MSHR)
 mem: # Memory controller stats
  mem-0: # Memory controller stats
   rd: 35308130 # Read requests
   wr: 21120298 # Write requests
   rdlat: 1597273434 # Total latency experienced by read requests
   wrlat: 2229148055 # Total latency experienced by write requests
   reissuedAccesses: 0 # Number of accesses that were reissued due to full queue
 sched: # Scheduler stats
  thCr: 1 # Threads created
  thFn: 1 # Threads finished
  schedEvs: 1 # Schedule events
  waitEvs: 0 # Wait events
  handoffEvs: 0 # Handoff events
  sleepEvs: 0 # Sleep events
  idlePhases: 0 # Phases with no thread active
  idlePeriods: 0 # Periods with no thread active
  occHist: # Occupancy histogram
   0: 0
   1: 26159509
  rqSzHist: # Run queue size histogram
   0: 26159509
   1: 0
   2: 0
   3: 0
   4: 0
   5: 0
   6: 0
   7: 0
   8: 0
   9: 0
   10: 0
   11: 0
   12: 0
   13: 0
   14: 0
   15: 0
   16: 0
 procCycles: # Per-process unhalted core cycles
  0: 26159509238
  1: 0
  2: 0
  3: 0
  4: 0
  5: 0
  6: 0
  7: 0
  8: 0
  9: 0
  10: 0
  11: 0
  12: 0
  13: 0
  14: 0
  15: 0
  16: 0
  17: 0
  18: 0
  19: 0
  20: 0
  21: 0
  22: 0
  23: 0
  24: 0
  25: 0
  26: 0
  27: 0
  28: 0
  29: 0
  30: 0
  31: 0
  32: 0
  33: 0
  34: 0
  35: 0
  36: 0
  37: 0
  38: 0
  39: 0
  40: 0
  41: 0
  42: 0
  43: 0
  44: 0
  45: 0
  46: 0
  47: 0
  48: 0
  49: 0
  50: 0
  51: 0
  52: 0
  53: 0
  54: 0
  55: 0
  56: 0
  57: 0
  58: 0
  59: 0
  60: 0
  61: 0
  62: 0
  63: 0
 procInstrs: # Per-process instructions
  0: 43451714986
  1: 0
  2: 0
  3: 0
  4: 0
  5: 0
  6: 0
  7: 0
  8: 0
  9: 0
  10: 0
  11: 0
  12: 0
  13: 0
  14: 0
  15: 0
  16: 0
  17: 0
  18: 0
  19: 0
  20: 0
  21: 0
  22: 0
  23: 0
  24: 0
  25: 0
  26: 0
  27: 0
  28: 0
  29: 0
  30: 0
  31: 0
  32: 0
  33: 0
  34: 0
  35: 0
  36: 0
  37: 0
  38: 0
  39: 0
  40: 0
  41: 0
  42: 0
  43: 0
  44: 0
  45: 0
  46: 0
  47: 0
  48: 0
  49: 0
  50: 0
  51: 0
  52: 0
  53: 0
  54: 0
  55: 0
  56: 0
  57: 0
  58: 0
  59: 0
  60: 0
  61: 0
  62: 0
  63: 0
 heartbeats: # Per-process heartbeats
  0: 0
  1: 0
  2: 0
  3: 0
  4: 0
  5: 0
  6: 0
  7: 0
  8: 0
  9: 0
  10: 0
  11: 0
  12: 0
  13: 0
  14: 0
  15: 0
  16: 0
  17: 0
  18: 0
  19: 0
  20: 0
  21: 0
  22: 0
  23: 0
  24: 0
  25: 0
  26: 0
  27: 0
  28: 0
  29: 0
  30: 0
  31: 0
  32: 0
  33: 0
  34: 0
  35: 0
  36: 0
  37: 0
  38: 0
  39: 0
  40: 0
  41: 0
  42: 0
  43: 0
  44: 0
  45: 0
  46: 0
  47: 0
  48: 0
  49: 0
  50: 0
  51: 0
  52: 0
  53: 0
  54: 0
  55: 0
  56: 0
  57: 0
  58: 0
  59: 0
  60: 0
  61: 0
  62: 0
  63: 0
===
