# zsim stats
===
root: # Stats
 contention: # Contention simulation stats
  domain-0: # Domain stats
   time: 77051258578 # Weave simulation time
 time: # Simulator time breakdown
  init: 313740947020
  bound: 190486720986
  weave: 177397142323
  ff: 1090115
 trigger: 20000 # Reason for this stats dump
 phase: 397371 # Simulated phases
 core: # Core stats
  core-0: # Core stats
   cycles: 397371282 # Simulated unhalted cycles
   cCycles: 39437095 # Cycles due to contention stalls
   instrs: 504849270 # Simulated instructions
   uops: 674274888 # Retired micro-ops
   branchUops: 80529984 # Retired branch micro-ops
   fpAddSubUops: 0 # Retired floating point add and sub micro-ops
   fpMulDivUops: 0 # Retired floating point mul and div micro-ops
   bbls: 80529984 # Basic blocks
   approxInstrs: 13446083 # Instrs with approx uop decoding
   mispredBranches: 2308213 # Mispredicted branches
   mispredInstrs: 11369418 # Instructions executed in wrong path
   mispredPenalty: 44066640 # Cycles delayed due to branch misprediction
   opExecuted: 0 # cycles with high (more than 3) number of operations executed
   loadStallsTotal: 229515139 # stalls due to load
   storeStallsTotal: 215767186 # stalls due to store
   spatialLocality: 5594 # Spatial Locality times 10000
   temporalLocality: 6035 # Temporal Locality times 10000
 l1d: # Cache stats
  l1d-0: # Filter cache stats
   fhGETS: 198583070 # Filtered GETS hits
   fhGETX: 116464384 # Filtered GETX hits
   hGETS: 1203862 # GETS hits
   hGETX: 670603 # GETX hits
   mGETS: 965548 # GETS misses
   mGETXIM: 914547 # GETX I->M misses
   mGETXSM: 0 # GETX S->M misses (upgrade misses)
   PUTS: 0 # Clean evictions (from lower level)
   PUTX: 0 # Dirty evictions (from lower level)
   INV: 0 # Invalidates (from upper level)
   INVX: 0 # Downgrades (from upper level)
   FWD: 0 # Forwards (from upper level)
   latGETnl: 52319829 # GET request latency on next level
   latGETnet: 0 # GET request latency on network to next level
   sharedRequests: 0 # Shared Requests
 l1i: # Cache stats
  l1i-0: # Filter cache stats
   fhGETS: 100287078 # Filtered GETS hits
   fhGETX: 0 # Filtered GETX hits
   hGETS: 2052773 # GETS hits
   hGETX: 0 # GETX hits
   mGETS: 912 # GETS misses
   mGETXIM: 0 # GETX I->M misses
   mGETXSM: 0 # GETX S->M misses (upgrade misses)
   PUTS: 0 # Clean evictions (from lower level)
   PUTX: 0 # Dirty evictions (from lower level)
   INV: 0 # Invalidates (from upper level)
   INVX: 0 # Downgrades (from upper level)
   FWD: 0 # Forwards (from upper level)
   latGETnl: 25332 # GET request latency on next level
   latGETnet: 0 # GET request latency on network to next level
   sharedRequests: 2052773 # Shared Requests
 l3: # Cache stats
  l3-0: # Timing cache stats
   hGETS: 321981 # GETS hits
   hGETX: 1054 # GETX hits
   mGETS: 644479 # GETS misses
   mGETXIM: 913493 # GETX I->M misses
   mGETXSM: 0 # GETX S->M misses (upgrade misses)
   PUTS: 964365 # Clean evictions (from lower level)
   PUTX: 914999 # Dirty evictions (from lower level)
   INV: 0 # Invalidates (from upper level)
   INVX: 0 # Downgrades (from upper level)
   FWD: 0 # Forwards (from upper level)
   latGETnl: 1557972 # GET request latency on next level
   latGETnet: 0 # GET request latency on network to next level
   sharedRequests: 497 # Shared Requests
   occHist: # Occupancy MSHR cycle histogram
    0: 320054184
    1: 66020520
    2: 5221525
    3: 462142
    4: 381305
    5: 418836
    6: 547648
    7: 541284
    8: 461304
    9: 457630
    10: 469093
    11: 464028
    12: 410787
    13: 373819
    14: 348718
    15: 325835
    16: 412342
   latHit: 1924686 # Cumulative latency accesses that hit (demand and non-demand)
   latMissResp: 103498110 # Cumulative latency for miss start to response
   latMiss: 132304412 # Cumulative latency for miss start to finish (free MSHR)
 mem: # Memory controller stats
  mem-0: # Memory controller stats
   rd: 1557952 # Read requests
   wr: 893943 # Write requests
   rdlat: 61308149 # Total latency experienced by read requests
   wrlat: 63405418 # Total latency experienced by write requests
   reissuedAccesses: 0 # Number of accesses that were reissued due to full queue
 sched: # Scheduler stats
  thCr: 1 # Threads created
  thFn: 1 # Threads finished
  schedEvs: 1 # Schedule events
  waitEvs: 0 # Wait events
  handoffEvs: 0 # Handoff events
  sleepEvs: 0 # Sleep events
  idlePhases: 0 # Phases with no thread active
  idlePeriods: 0 # Periods with no thread active
  occHist: # Occupancy histogram
   0: 0
   1: 397371
  rqSzHist: # Run queue size histogram
   0: 397371
   1: 0
   2: 0
   3: 0
   4: 0
   5: 0
   6: 0
   7: 0
   8: 0
   9: 0
   10: 0
   11: 0
   12: 0
   13: 0
   14: 0
   15: 0
   16: 0
 procCycles: # Per-process unhalted core cycles
  0: 397371282
  1: 0
  2: 0
  3: 0
  4: 0
  5: 0
  6: 0
  7: 0
  8: 0
  9: 0
  10: 0
  11: 0
  12: 0
  13: 0
  14: 0
  15: 0
  16: 0
  17: 0
  18: 0
  19: 0
  20: 0
  21: 0
  22: 0
  23: 0
  24: 0
  25: 0
  26: 0
  27: 0
  28: 0
  29: 0
  30: 0
  31: 0
  32: 0
  33: 0
  34: 0
  35: 0
  36: 0
  37: 0
  38: 0
  39: 0
  40: 0
  41: 0
  42: 0
  43: 0
  44: 0
  45: 0
  46: 0
  47: 0
  48: 0
  49: 0
  50: 0
  51: 0
  52: 0
  53: 0
  54: 0
  55: 0
  56: 0
  57: 0
  58: 0
  59: 0
  60: 0
  61: 0
  62: 0
  63: 0
 procInstrs: # Per-process instructions
  0: 504849270
  1: 0
  2: 0
  3: 0
  4: 0
  5: 0
  6: 0
  7: 0
  8: 0
  9: 0
  10: 0
  11: 0
  12: 0
  13: 0
  14: 0
  15: 0
  16: 0
  17: 0
  18: 0
  19: 0
  20: 0
  21: 0
  22: 0
  23: 0
  24: 0
  25: 0
  26: 0
  27: 0
  28: 0
  29: 0
  30: 0
  31: 0
  32: 0
  33: 0
  34: 0
  35: 0
  36: 0
  37: 0
  38: 0
  39: 0
  40: 0
  41: 0
  42: 0
  43: 0
  44: 0
  45: 0
  46: 0
  47: 0
  48: 0
  49: 0
  50: 0
  51: 0
  52: 0
  53: 0
  54: 0
  55: 0
  56: 0
  57: 0
  58: 0
  59: 0
  60: 0
  61: 0
  62: 0
  63: 0
 heartbeats: # Per-process heartbeats
  0: 0
  1: 0
  2: 0
  3: 0
  4: 0
  5: 0
  6: 0
  7: 0
  8: 0
  9: 0
  10: 0
  11: 0
  12: 0
  13: 0
  14: 0
  15: 0
  16: 0
  17: 0
  18: 0
  19: 0
  20: 0
  21: 0
  22: 0
  23: 0
  24: 0
  25: 0
  26: 0
  27: 0
  28: 0
  29: 0
  30: 0
  31: 0
  32: 0
  33: 0
  34: 0
  35: 0
  36: 0
  37: 0
  38: 0
  39: 0
  40: 0
  41: 0
  42: 0
  43: 0
  44: 0
  45: 0
  46: 0
  47: 0
  48: 0
  49: 0
  50: 0
  51: 0
  52: 0
  53: 0
  54: 0
  55: 0
  56: 0
  57: 0
  58: 0
  59: 0
  60: 0
  61: 0
  62: 0
  63: 0
===
