# zsim stats
===
root: # Stats
 contention: # Contention simulation stats
  domain-0: # Domain stats
   time: 2052644467547 # Weave simulation time
 time: # Simulator time breakdown
  init: 4001465809
  bound: 2868151346381
  weave: 4261813700642
  ff: 9252534
 trigger: 20000 # Reason for this stats dump
 phase: 9118695 # Simulated phases
 core: # Core stats
  core-0: # Core stats
   cycles: 9118695245 # Simulated unhalted cycles
   cCycles: 400455217 # Cycles due to contention stalls
   instrs: 13795335921 # Simulated instructions
   uops: 16078511780 # Retired micro-ops
   branchUops: 1130525189 # Retired branch micro-ops
   fpAddSubUops: 0 # Retired floating point add and sub micro-ops
   fpMulDivUops: 0 # Retired floating point mul and div micro-ops
   bbls: 1130527073 # Basic blocks
   approxInstrs: 594700860 # Instrs with approx uop decoding
   mispredBranches: 98499613 # Mispredicted branches
   mispredInstrs: 491785211 # Instructions executed in wrong path
   mispredPenalty: 1948427243 # Cycles delayed due to branch misprediction
   opExecuted: 0 # cycles with high (more than 3) number of operations executed
   loadStallsTotal: 1936824504 # stalls due to load
   storeStallsTotal: 1287304820 # stalls due to store
   spatialLocality: 6894 # Spatial Locality times 10000
   temporalLocality: 5507 # Temporal Locality times 10000
 l1d: # Cache stats
  l1d-0: # Filter cache stats
   fhGETS: 4738714061 # Filtered GETS hits
   fhGETX: 1934159544 # Filtered GETX hits
   hGETS: 100872482 # GETS hits
   hGETX: 169749221 # GETX hits
   mGETS: 14527101 # GETS misses
   mGETXIM: 5215549 # GETX I->M misses
   mGETXSM: 0 # GETX S->M misses (upgrade misses)
   PUTS: 0 # Clean evictions (from lower level)
   PUTX: 0 # Dirty evictions (from lower level)
   INV: 113 # Invalidates (from upper level)
   INVX: 0 # Downgrades (from upper level)
   FWD: 0 # Forwards (from upper level)
   latGETnl: 548683760 # GET request latency on next level
   latGETnet: 0 # GET request latency on network to next level
   sharedRequests: 0 # Shared Requests
 l1i: # Cache stats
  l1i-0: # Filter cache stats
   fhGETS: 2163041139 # Filtered GETS hits
   fhGETX: 0 # Filtered GETX hits
   hGETS: 25499261 # GETS hits
   hGETX: 0 # GETX hits
   mGETS: 80237 # GETS misses
   mGETXIM: 0 # GETX I->M misses
   mGETXSM: 0 # GETX S->M misses (upgrade misses)
   PUTS: 0 # Clean evictions (from lower level)
   PUTX: 0 # Dirty evictions (from lower level)
   INV: 105 # Invalidates (from upper level)
   INVX: 0 # Downgrades (from upper level)
   FWD: 0 # Forwards (from upper level)
   latGETnl: 2167325 # GET request latency on next level
   latGETnet: 0 # GET request latency on network to next level
   sharedRequests: 25499261 # Shared Requests
 l3: # Cache stats
  l3-0: # Timing cache stats
   hGETS: 1864485 # GETS hits
   hGETX: 2325266 # GETX hits
   mGETS: 12742853 # GETS misses
   mGETXIM: 2890283 # GETX I->M misses
   mGETXSM: 0 # GETX S->M misses (upgrade misses)
   PUTS: 14001514 # Clean evictions (from lower level)
   PUTX: 5819421 # Dirty evictions (from lower level)
   INV: 0 # Invalidates (from upper level)
   INVX: 0 # Downgrades (from upper level)
   FWD: 0 # Forwards (from upper level)
   latGETnl: 15633136 # GET request latency on next level
   latGETnet: 0 # GET request latency on network to next level
   sharedRequests: 158733 # Shared Requests
   occHist: # Occupancy MSHR cycle histogram
    0: 8315675605
    1: 755187437
    2: 18392272
    3: 6488736
    4: 7470591
    5: 4826569
    6: 3838458
    7: 3404857
    8: 1690174
    9: 601206
    10: 319780
    11: 241864
    12: 217519
    13: 152136
    14: 81850
    15: 49385
    16: 56561
   latHit: 19925751 # Cumulative latency accesses that hit (demand and non-demand)
   latMissResp: 909438235 # Cumulative latency for miss start to response
   latMiss: 944488313 # Cumulative latency for miss start to finish (free MSHR)
 mem: # Memory controller stats
  mem-0: # Memory controller stats
   rd: 15633122 # Read requests
   wr: 3241714 # Write requests
   rdlat: 487303968 # Total latency experienced by read requests
   wrlat: 138787560 # Total latency experienced by write requests
   reissuedAccesses: 0 # Number of accesses that were reissued due to full queue
 sched: # Scheduler stats
  thCr: 1 # Threads created
  thFn: 1 # Threads finished
  schedEvs: 1 # Schedule events
  waitEvs: 0 # Wait events
  handoffEvs: 0 # Handoff events
  sleepEvs: 0 # Sleep events
  idlePhases: 0 # Phases with no thread active
  idlePeriods: 0 # Periods with no thread active
  occHist: # Occupancy histogram
   0: 0
   1: 9118695
  rqSzHist: # Run queue size histogram
   0: 9118695
   1: 0
   2: 0
   3: 0
   4: 0
   5: 0
   6: 0
   7: 0
   8: 0
   9: 0
   10: 0
   11: 0
   12: 0
   13: 0
   14: 0
   15: 0
   16: 0
 procCycles: # Per-process unhalted core cycles
  0: 9118695245
  1: 0
  2: 0
  3: 0
  4: 0
  5: 0
  6: 0
  7: 0
  8: 0
  9: 0
  10: 0
  11: 0
  12: 0
  13: 0
  14: 0
  15: 0
  16: 0
  17: 0
  18: 0
  19: 0
  20: 0
  21: 0
  22: 0
  23: 0
  24: 0
  25: 0
  26: 0
  27: 0
  28: 0
  29: 0
  30: 0
  31: 0
  32: 0
  33: 0
  34: 0
  35: 0
  36: 0
  37: 0
  38: 0
  39: 0
  40: 0
  41: 0
  42: 0
  43: 0
  44: 0
  45: 0
  46: 0
  47: 0
  48: 0
  49: 0
  50: 0
  51: 0
  52: 0
  53: 0
  54: 0
  55: 0
  56: 0
  57: 0
  58: 0
  59: 0
  60: 0
  61: 0
  62: 0
  63: 0
 procInstrs: # Per-process instructions
  0: 13795335921
  1: 0
  2: 0
  3: 0
  4: 0
  5: 0
  6: 0
  7: 0
  8: 0
  9: 0
  10: 0
  11: 0
  12: 0
  13: 0
  14: 0
  15: 0
  16: 0
  17: 0
  18: 0
  19: 0
  20: 0
  21: 0
  22: 0
  23: 0
  24: 0
  25: 0
  26: 0
  27: 0
  28: 0
  29: 0
  30: 0
  31: 0
  32: 0
  33: 0
  34: 0
  35: 0
  36: 0
  37: 0
  38: 0
  39: 0
  40: 0
  41: 0
  42: 0
  43: 0
  44: 0
  45: 0
  46: 0
  47: 0
  48: 0
  49: 0
  50: 0
  51: 0
  52: 0
  53: 0
  54: 0
  55: 0
  56: 0
  57: 0
  58: 0
  59: 0
  60: 0
  61: 0
  62: 0
  63: 0
 heartbeats: # Per-process heartbeats
  0: 0
  1: 0
  2: 0
  3: 0
  4: 0
  5: 0
  6: 0
  7: 0
  8: 0
  9: 0
  10: 0
  11: 0
  12: 0
  13: 0
  14: 0
  15: 0
  16: 0
  17: 0
  18: 0
  19: 0
  20: 0
  21: 0
  22: 0
  23: 0
  24: 0
  25: 0
  26: 0
  27: 0
  28: 0
  29: 0
  30: 0
  31: 0
  32: 0
  33: 0
  34: 0
  35: 0
  36: 0
  37: 0
  38: 0
  39: 0
  40: 0
  41: 0
  42: 0
  43: 0
  44: 0
  45: 0
  46: 0
  47: 0
  48: 0
  49: 0
  50: 0
  51: 0
  52: 0
  53: 0
  54: 0
  55: 0
  56: 0
  57: 0
  58: 0
  59: 0
  60: 0
  61: 0
  62: 0
  63: 0
===
