# zsim stats
===
root: # Stats
 contention: # Contention simulation stats
  domain-0: # Domain stats
   time: 117716231319 # Weave simulation time
 time: # Simulator time breakdown
  init: 133602054789
  bound: 251394396795
  weave: 203830347214
  ff: 2168363
 trigger: 20000 # Reason for this stats dump
 phase: 397434 # Simulated phases
 core: # Core stats
  core-0: # Core stats
   cycles: 397434302 # Simulated unhalted cycles
   cCycles: 39439021 # Cycles due to contention stalls
   instrs: 504849260 # Simulated instructions
   uops: 674274878 # Retired micro-ops
   branchUops: 80529982 # Retired branch micro-ops
   fpAddSubUops: 0 # Retired floating point add and sub micro-ops
   fpMulDivUops: 0 # Retired floating point mul and div micro-ops
   bbls: 80529982 # Basic blocks
   approxInstrs: 13446083 # Instrs with approx uop decoding
   mispredBranches: 2308213 # Mispredicted branches
   mispredInstrs: 11364336 # Instructions executed in wrong path
   mispredPenalty: 44071465 # Cycles delayed due to branch misprediction
   opExecuted: 0 # cycles with high (more than 3) number of operations executed
   loadStallsTotal: 229636800 # stalls due to load
   storeStallsTotal: 212006954 # stalls due to store
   spatialLocality: 5594 # Spatial Locality times 10000
   temporalLocality: 6035 # Temporal Locality times 10000
 l1d: # Cache stats
  l1d-0: # Filter cache stats
   fhGETS: 198688676 # Filtered GETS hits
   fhGETX: 116532341 # Filtered GETX hits
   hGETS: 1099240 # GETS hits
   hGETX: 602472 # GETX hits
   mGETS: 964560 # GETS misses
   mGETXIM: 914721 # GETX I->M misses
   mGETXSM: 0 # GETX S->M misses (upgrade misses)
   PUTS: 0 # Clean evictions (from lower level)
   PUTX: 0 # Dirty evictions (from lower level)
   INV: 0 # Invalidates (from upper level)
   INVX: 0 # Downgrades (from upper level)
   FWD: 0 # Forwards (from upper level)
   latGETnl: 52297680 # GET request latency on next level
   latGETnet: 0 # GET request latency on network to next level
   sharedRequests: 0 # Shared Requests
 l1i: # Cache stats
  l1i-0: # Filter cache stats
   fhGETS: 100402246 # Filtered GETS hits
   fhGETX: 0 # Filtered GETX hits
   hGETS: 1920315 # GETS hits
   hGETX: 0 # GETX hits
   mGETS: 13118 # GETS misses
   mGETXIM: 0 # GETX I->M misses
   mGETXSM: 0 # GETX S->M misses (upgrade misses)
   PUTS: 0 # Clean evictions (from lower level)
   PUTX: 0 # Dirty evictions (from lower level)
   INV: 0 # Invalidates (from upper level)
   INVX: 0 # Downgrades (from upper level)
   FWD: 0 # Forwards (from upper level)
   latGETnl: 355067 # GET request latency on next level
   latGETnet: 0 # GET request latency on network to next level
   sharedRequests: 1920315 # Shared Requests
 l3: # Cache stats
  l3-0: # Timing cache stats
   hGETS: 333196 # GETS hits
   hGETX: 1229 # GETX hits
   mGETS: 644482 # GETS misses
   mGETXIM: 913492 # GETX I->M misses
   mGETXSM: 0 # GETX S->M misses (upgrade misses)
   PUTS: 975947 # Clean evictions (from lower level)
   PUTX: 914842 # Dirty evictions (from lower level)
   INV: 0 # Invalidates (from upper level)
   INVX: 0 # Downgrades (from upper level)
   FWD: 0 # Forwards (from upper level)
   latGETnl: 1557974 # GET request latency on next level
   latGETnet: 0 # GET request latency on network to next level
   sharedRequests: 24769 # Shared Requests
   occHist: # Occupancy MSHR cycle histogram
    0: 320104001
    1: 66055954
    2: 5191844
    3: 459828
    4: 376974
    5: 415359
    6: 542684
    7: 550296
    8: 464765
    9: 459695
    10: 474409
    11: 457782
    12: 411400
    13: 374026
    14: 353192
    15: 335308
    16: 406483
   latHit: 1941296 # Cumulative latency accesses that hit (demand and non-demand)
   latMissResp: 103575833 # Cumulative latency for miss start to response
   latMiss: 132424085 # Cumulative latency for miss start to finish (free MSHR)
 mem: # Memory controller stats
  mem-0: # Memory controller stats
   rd: 1557955 # Read requests
   wr: 893942 # Write requests
   rdlat: 61384527 # Total latency experienced by read requests
   wrlat: 63474504 # Total latency experienced by write requests
   reissuedAccesses: 0 # Number of accesses that were reissued due to full queue
 sched: # Scheduler stats
  thCr: 1 # Threads created
  thFn: 1 # Threads finished
  schedEvs: 1 # Schedule events
  waitEvs: 0 # Wait events
  handoffEvs: 0 # Handoff events
  sleepEvs: 0 # Sleep events
  idlePhases: 0 # Phases with no thread active
  idlePeriods: 0 # Periods with no thread active
  occHist: # Occupancy histogram
   0: 0
   1: 397434
  rqSzHist: # Run queue size histogram
   0: 397434
   1: 0
   2: 0
   3: 0
   4: 0
   5: 0
   6: 0
   7: 0
   8: 0
   9: 0
   10: 0
   11: 0
   12: 0
   13: 0
   14: 0
   15: 0
   16: 0
 procCycles: # Per-process unhalted core cycles
  0: 397434302
  1: 0
  2: 0
  3: 0
  4: 0
  5: 0
  6: 0
  7: 0
  8: 0
  9: 0
  10: 0
  11: 0
  12: 0
  13: 0
  14: 0
  15: 0
  16: 0
  17: 0
  18: 0
  19: 0
  20: 0
  21: 0
  22: 0
  23: 0
  24: 0
  25: 0
  26: 0
  27: 0
  28: 0
  29: 0
  30: 0
  31: 0
  32: 0
  33: 0
  34: 0
  35: 0
  36: 0
  37: 0
  38: 0
  39: 0
  40: 0
  41: 0
  42: 0
  43: 0
  44: 0
  45: 0
  46: 0
  47: 0
  48: 0
  49: 0
  50: 0
  51: 0
  52: 0
  53: 0
  54: 0
  55: 0
  56: 0
  57: 0
  58: 0
  59: 0
  60: 0
  61: 0
  62: 0
  63: 0
 procInstrs: # Per-process instructions
  0: 504849260
  1: 0
  2: 0
  3: 0
  4: 0
  5: 0
  6: 0
  7: 0
  8: 0
  9: 0
  10: 0
  11: 0
  12: 0
  13: 0
  14: 0
  15: 0
  16: 0
  17: 0
  18: 0
  19: 0
  20: 0
  21: 0
  22: 0
  23: 0
  24: 0
  25: 0
  26: 0
  27: 0
  28: 0
  29: 0
  30: 0
  31: 0
  32: 0
  33: 0
  34: 0
  35: 0
  36: 0
  37: 0
  38: 0
  39: 0
  40: 0
  41: 0
  42: 0
  43: 0
  44: 0
  45: 0
  46: 0
  47: 0
  48: 0
  49: 0
  50: 0
  51: 0
  52: 0
  53: 0
  54: 0
  55: 0
  56: 0
  57: 0
  58: 0
  59: 0
  60: 0
  61: 0
  62: 0
  63: 0
 heartbeats: # Per-process heartbeats
  0: 0
  1: 0
  2: 0
  3: 0
  4: 0
  5: 0
  6: 0
  7: 0
  8: 0
  9: 0
  10: 0
  11: 0
  12: 0
  13: 0
  14: 0
  15: 0
  16: 0
  17: 0
  18: 0
  19: 0
  20: 0
  21: 0
  22: 0
  23: 0
  24: 0
  25: 0
  26: 0
  27: 0
  28: 0
  29: 0
  30: 0
  31: 0
  32: 0
  33: 0
  34: 0
  35: 0
  36: 0
  37: 0
  38: 0
  39: 0
  40: 0
  41: 0
  42: 0
  43: 0
  44: 0
  45: 0
  46: 0
  47: 0
  48: 0
  49: 0
  50: 0
  51: 0
  52: 0
  53: 0
  54: 0
  55: 0
  56: 0
  57: 0
  58: 0
  59: 0
  60: 0
  61: 0
  62: 0
  63: 0
===
