# zsim stats
===
root: # Stats
 contention: # Contention simulation stats
  domain-0: # Domain stats
   time: 1347513927226 # Weave simulation time
 time: # Simulator time breakdown
  init: 607692364
  bound: 1612485986290
  weave: 2321624083417
  ff: 8328222
 trigger: 20000 # Reason for this stats dump
 phase: 4371147 # Simulated phases
 core: # Core stats
  core-0: # Core stats
   cycles: 4371147331 # Simulated unhalted cycles
   cCycles: 239992416 # Cycles due to contention stalls
   instrs: 6585245826 # Simulated instructions
   uops: 7730528910 # Retired micro-ops
   branchUops: 581542470 # Retired branch micro-ops
   fpAddSubUops: 0 # Retired floating point add and sub micro-ops
   fpMulDivUops: 0 # Retired floating point mul and div micro-ops
   bbls: 581586671 # Basic blocks
   approxInstrs: 270050733 # Instrs with approx uop decoding
   mispredBranches: 44895055 # Mispredicted branches
   mispredInstrs: 224070040 # Instructions executed in wrong path
   mispredPenalty: 887248908 # Cycles delayed due to branch misprediction
   opExecuted: 0 # cycles with high (more than 3) number of operations executed
   loadStallsTotal: 1030502312 # stalls due to load
   storeStallsTotal: 707236102 # stalls due to store
   spatialLocality: 8343 # Spatial Locality times 10000
   temporalLocality: 4768 # Temporal Locality times 10000
 l1d: # Cache stats
  l1d-0: # Filter cache stats
   fhGETS: 2231452243 # Filtered GETS hits
   fhGETX: 958159901 # Filtered GETX hits
   hGETS: 54056179 # GETS hits
   hGETX: 81285297 # GETX hits
   mGETS: 6969651 # GETS misses
   mGETXIM: 8309434 # GETX I->M misses
   mGETXSM: 0 # GETX S->M misses (upgrade misses)
   PUTS: 0 # Clean evictions (from lower level)
   PUTX: 0 # Dirty evictions (from lower level)
   INV: 1 # Invalidates (from upper level)
   INVX: 0 # Downgrades (from upper level)
   FWD: 0 # Forwards (from upper level)
   latGETnl: 425581194 # GET request latency on next level
   latGETnet: 0 # GET request latency on network to next level
   sharedRequests: 0 # Shared Requests
 l1i: # Cache stats
  l1i-0: # Filter cache stats
   fhGETS: 1042548952 # Filtered GETS hits
   fhGETX: 0 # Filtered GETX hits
   hGETS: 20676893 # GETS hits
   hGETX: 0 # GETX hits
   mGETS: 1522 # GETS misses
   mGETXIM: 0 # GETX I->M misses
   mGETXSM: 0 # GETX S->M misses (upgrade misses)
   PUTS: 0 # Clean evictions (from lower level)
   PUTX: 0 # Dirty evictions (from lower level)
   INV: 0 # Invalidates (from upper level)
   INVX: 0 # Downgrades (from upper level)
   FWD: 0 # Forwards (from upper level)
   latGETnl: 42489 # GET request latency on next level
   latGETnet: 0 # GET request latency on network to next level
   sharedRequests: 20676893 # Shared Requests
 l3: # Cache stats
  l3-0: # Timing cache stats
   hGETS: 1116083 # GETS hits
   hGETX: 1117230 # GETX hits
   mGETS: 5855090 # GETS misses
   mGETXIM: 7192204 # GETX I->M misses
   mGETXSM: 0 # GETX S->M misses (upgrade misses)
   PUTS: 6608043 # Clean evictions (from lower level)
   PUTX: 8670568 # Dirty evictions (from lower level)
   INV: 0 # Invalidates (from upper level)
   INVX: 0 # Downgrades (from upper level)
   FWD: 0 # Forwards (from upper level)
   latGETnl: 13047294 # GET request latency on next level
   latGETnet: 0 # GET request latency on network to next level
   sharedRequests: 678 # Shared Requests
   occHist: # Occupancy MSHR cycle histogram
    0: 3904738820
    1: 369266568
    2: 9427188
    3: 4016527
    4: 4784719
    5: 5839182
    6: 5590563
    7: 8377046
    8: 12802146
    9: 5124151
    10: 7216832
    11: 8779861
    12: 9240524
    13: 4810916
    14: 4037405
    15: 3964897
    16: 3129655
   latHit: 14810102 # Cumulative latency accesses that hit (demand and non-demand)
   latMissResp: 887810291 # Cumulative latency for miss start to response
   latMiss: 1197467914 # Cumulative latency for miss start to finish (free MSHR)
 mem: # Memory controller stats
  mem-0: # Memory controller stats
   rd: 13047273 # Read requests
   wr: 7405553 # Write requests
   rdlat: 535161872 # Total latency experienced by read requests
   wrlat: 654198835 # Total latency experienced by write requests
   reissuedAccesses: 0 # Number of accesses that were reissued due to full queue
 sched: # Scheduler stats
  thCr: 1 # Threads created
  thFn: 1 # Threads finished
  schedEvs: 1 # Schedule events
  waitEvs: 0 # Wait events
  handoffEvs: 0 # Handoff events
  sleepEvs: 0 # Sleep events
  idlePhases: 0 # Phases with no thread active
  idlePeriods: 0 # Periods with no thread active
  occHist: # Occupancy histogram
   0: 0
   1: 4371147
  rqSzHist: # Run queue size histogram
   0: 4371147
   1: 0
   2: 0
   3: 0
   4: 0
   5: 0
   6: 0
   7: 0
   8: 0
   9: 0
   10: 0
   11: 0
   12: 0
   13: 0
   14: 0
   15: 0
   16: 0
 procCycles: # Per-process unhalted core cycles
  0: 4371147331
  1: 0
  2: 0
  3: 0
  4: 0
  5: 0
  6: 0
  7: 0
  8: 0
  9: 0
  10: 0
  11: 0
  12: 0
  13: 0
  14: 0
  15: 0
  16: 0
  17: 0
  18: 0
  19: 0
  20: 0
  21: 0
  22: 0
  23: 0
  24: 0
  25: 0
  26: 0
  27: 0
  28: 0
  29: 0
  30: 0
  31: 0
  32: 0
  33: 0
  34: 0
  35: 0
  36: 0
  37: 0
  38: 0
  39: 0
  40: 0
  41: 0
  42: 0
  43: 0
  44: 0
  45: 0
  46: 0
  47: 0
  48: 0
  49: 0
  50: 0
  51: 0
  52: 0
  53: 0
  54: 0
  55: 0
  56: 0
  57: 0
  58: 0
  59: 0
  60: 0
  61: 0
  62: 0
  63: 0
 procInstrs: # Per-process instructions
  0: 6585245826
  1: 0
  2: 0
  3: 0
  4: 0
  5: 0
  6: 0
  7: 0
  8: 0
  9: 0
  10: 0
  11: 0
  12: 0
  13: 0
  14: 0
  15: 0
  16: 0
  17: 0
  18: 0
  19: 0
  20: 0
  21: 0
  22: 0
  23: 0
  24: 0
  25: 0
  26: 0
  27: 0
  28: 0
  29: 0
  30: 0
  31: 0
  32: 0
  33: 0
  34: 0
  35: 0
  36: 0
  37: 0
  38: 0
  39: 0
  40: 0
  41: 0
  42: 0
  43: 0
  44: 0
  45: 0
  46: 0
  47: 0
  48: 0
  49: 0
  50: 0
  51: 0
  52: 0
  53: 0
  54: 0
  55: 0
  56: 0
  57: 0
  58: 0
  59: 0
  60: 0
  61: 0
  62: 0
  63: 0
 heartbeats: # Per-process heartbeats
  0: 0
  1: 0
  2: 0
  3: 0
  4: 0
  5: 0
  6: 0
  7: 0
  8: 0
  9: 0
  10: 0
  11: 0
  12: 0
  13: 0
  14: 0
  15: 0
  16: 0
  17: 0
  18: 0
  19: 0
  20: 0
  21: 0
  22: 0
  23: 0
  24: 0
  25: 0
  26: 0
  27: 0
  28: 0
  29: 0
  30: 0
  31: 0
  32: 0
  33: 0
  34: 0
  35: 0
  36: 0
  37: 0
  38: 0
  39: 0
  40: 0
  41: 0
  42: 0
  43: 0
  44: 0
  45: 0
  46: 0
  47: 0
  48: 0
  49: 0
  50: 0
  51: 0
  52: 0
  53: 0
  54: 0
  55: 0
  56: 0
  57: 0
  58: 0
  59: 0
  60: 0
  61: 0
  62: 0
  63: 0
===
