# zsim stats
===
root: # Stats
 contention: # Contention simulation stats
  domain-0: # Domain stats
   time: 1723005975245 # Weave simulation time
 time: # Simulator time breakdown
  init: 3618676724
  bound: 2504896577626
  weave: 3588595975697
  ff: 8673456
 trigger: 20000 # Reason for this stats dump
 phase: 7634108 # Simulated phases
 core: # Core stats
  core-0: # Core stats
   cycles: 7634108338 # Simulated unhalted cycles
   cCycles: 343681095 # Cycles due to contention stalls
   instrs: 11656893880 # Simulated instructions
   uops: 13610525519 # Retired micro-ops
   branchUops: 962591092 # Retired branch micro-ops
   fpAddSubUops: 0 # Retired floating point add and sub micro-ops
   fpMulDivUops: 0 # Retired floating point mul and div micro-ops
   bbls: 962592855 # Basic blocks
   approxInstrs: 498854629 # Instrs with approx uop decoding
   mispredBranches: 79168289 # Mispredicted branches
   mispredInstrs: 395221525 # Instructions executed in wrong path
   mispredPenalty: 1565608764 # Cycles delayed due to branch misprediction
   opExecuted: 0 # cycles with high (more than 3) number of operations executed
   loadStallsTotal: 1631400037 # stalls due to load
   storeStallsTotal: 1080369830 # stalls due to store
   spatialLocality: 7110 # Spatial Locality times 10000
   temporalLocality: 5433 # Temporal Locality times 10000
 l1d: # Cache stats
  l1d-0: # Filter cache stats
   fhGETS: 4002013575 # Filtered GETS hits
   fhGETX: 1648552828 # Filtered GETX hits
   hGETS: 85290079 # GETS hits
   hGETX: 146366410 # GETX hits
   mGETS: 12767721 # GETS misses
   mGETXIM: 4621275 # GETX I->M misses
   mGETXSM: 0 # GETX S->M misses (upgrade misses)
   PUTS: 0 # Clean evictions (from lower level)
   PUTX: 0 # Dirty evictions (from lower level)
   INV: 77 # Invalidates (from upper level)
   INVX: 0 # Downgrades (from upper level)
   FWD: 0 # Forwards (from upper level)
   latGETnl: 483045902 # GET request latency on next level
   latGETnet: 0 # GET request latency on network to next level
   sharedRequests: 0 # Shared Requests
 l1i: # Cache stats
  l1i-0: # Filter cache stats
   fhGETS: 1810698675 # Filtered GETS hits
   fhGETX: 0 # Filtered GETX hits
   hGETS: 21726975 # GETS hits
   hGETX: 0 # GETX hits
   mGETS: 75478 # GETS misses
   mGETXIM: 0 # GETX I->M misses
   mGETXSM: 0 # GETX S->M misses (upgrade misses)
   PUTS: 0 # Clean evictions (from lower level)
   PUTX: 0 # Dirty evictions (from lower level)
   INV: 102 # Invalidates (from upper level)
   INVX: 0 # Downgrades (from upper level)
   FWD: 0 # Forwards (from upper level)
   latGETnl: 2038802 # GET request latency on next level
   latGETnet: 0 # GET request latency on network to next level
   sharedRequests: 21726975 # Shared Requests
 l3: # Cache stats
  l3-0: # Timing cache stats
   hGETS: 1717936 # GETS hits
   hGETX: 2202632 # GETX hits
   mGETS: 11125263 # GETS misses
   mGETXIM: 2418643 # GETX I->M misses
   mGETXSM: 0 # GETX S->M misses (upgrade misses)
   PUTS: 12325996 # Clean evictions (from lower level)
   PUTX: 5136554 # Dirty evictions (from lower level)
   INV: 0 # Invalidates (from upper level)
   INVX: 0 # Downgrades (from upper level)
   FWD: 0 # Forwards (from upper level)
   latGETnl: 13543906 # GET request latency on next level
   latGETnet: 0 # GET request latency on network to next level
   sharedRequests: 149237 # Shared Requests
   occHist: # Occupancy MSHR cycle histogram
    0: 6940848141
    1: 650633988
    2: 18354305
    3: 5788238
    4: 6365620
    5: 3412804
    6: 2847387
    7: 2876507
    8: 1589648
    9: 487619
    10: 250424
    11: 193142
    12: 174070
    13: 124752
    14: 70842
    15: 40425
    16: 50088
   latHit: 17556673 # Cumulative latency accesses that hit (demand and non-demand)
   latMissResp: 783714480 # Cumulative latency for miss start to response
   latMiss: 812298267 # Cumulative latency for miss start to finish (free MSHR)
 mem: # Memory controller stats
  mem-0: # Memory controller stats
   rd: 13543885 # Read requests
   wr: 2706669 # Write requests
   rdlat: 417990209 # Total latency experienced by read requests
   wrlat: 114408668 # Total latency experienced by write requests
   reissuedAccesses: 0 # Number of accesses that were reissued due to full queue
 sched: # Scheduler stats
  thCr: 1 # Threads created
  thFn: 1 # Threads finished
  schedEvs: 1 # Schedule events
  waitEvs: 0 # Wait events
  handoffEvs: 0 # Handoff events
  sleepEvs: 0 # Sleep events
  idlePhases: 0 # Phases with no thread active
  idlePeriods: 0 # Periods with no thread active
  occHist: # Occupancy histogram
   0: 0
   1: 7634108
  rqSzHist: # Run queue size histogram
   0: 7634108
   1: 0
   2: 0
   3: 0
   4: 0
   5: 0
   6: 0
   7: 0
   8: 0
   9: 0
   10: 0
   11: 0
   12: 0
   13: 0
   14: 0
   15: 0
   16: 0
 procCycles: # Per-process unhalted core cycles
  0: 7634108338
  1: 0
  2: 0
  3: 0
  4: 0
  5: 0
  6: 0
  7: 0
  8: 0
  9: 0
  10: 0
  11: 0
  12: 0
  13: 0
  14: 0
  15: 0
  16: 0
  17: 0
  18: 0
  19: 0
  20: 0
  21: 0
  22: 0
  23: 0
  24: 0
  25: 0
  26: 0
  27: 0
  28: 0
  29: 0
  30: 0
  31: 0
  32: 0
  33: 0
  34: 0
  35: 0
  36: 0
  37: 0
  38: 0
  39: 0
  40: 0
  41: 0
  42: 0
  43: 0
  44: 0
  45: 0
  46: 0
  47: 0
  48: 0
  49: 0
  50: 0
  51: 0
  52: 0
  53: 0
  54: 0
  55: 0
  56: 0
  57: 0
  58: 0
  59: 0
  60: 0
  61: 0
  62: 0
  63: 0
 procInstrs: # Per-process instructions
  0: 11656893880
  1: 0
  2: 0
  3: 0
  4: 0
  5: 0
  6: 0
  7: 0
  8: 0
  9: 0
  10: 0
  11: 0
  12: 0
  13: 0
  14: 0
  15: 0
  16: 0
  17: 0
  18: 0
  19: 0
  20: 0
  21: 0
  22: 0
  23: 0
  24: 0
  25: 0
  26: 0
  27: 0
  28: 0
  29: 0
  30: 0
  31: 0
  32: 0
  33: 0
  34: 0
  35: 0
  36: 0
  37: 0
  38: 0
  39: 0
  40: 0
  41: 0
  42: 0
  43: 0
  44: 0
  45: 0
  46: 0
  47: 0
  48: 0
  49: 0
  50: 0
  51: 0
  52: 0
  53: 0
  54: 0
  55: 0
  56: 0
  57: 0
  58: 0
  59: 0
  60: 0
  61: 0
  62: 0
  63: 0
 heartbeats: # Per-process heartbeats
  0: 0
  1: 0
  2: 0
  3: 0
  4: 0
  5: 0
  6: 0
  7: 0
  8: 0
  9: 0
  10: 0
  11: 0
  12: 0
  13: 0
  14: 0
  15: 0
  16: 0
  17: 0
  18: 0
  19: 0
  20: 0
  21: 0
  22: 0
  23: 0
  24: 0
  25: 0
  26: 0
  27: 0
  28: 0
  29: 0
  30: 0
  31: 0
  32: 0
  33: 0
  34: 0
  35: 0
  36: 0
  37: 0
  38: 0
  39: 0
  40: 0
  41: 0
  42: 0
  43: 0
  44: 0
  45: 0
  46: 0
  47: 0
  48: 0
  49: 0
  50: 0
  51: 0
  52: 0
  53: 0
  54: 0
  55: 0
  56: 0
  57: 0
  58: 0
  59: 0
  60: 0
  61: 0
  62: 0
  63: 0
===
