# zsim stats
===
root: # Stats
 contention: # Contention simulation stats
  domain-0: # Domain stats
   time: 336271002725 # Weave simulation time
 time: # Simulator time breakdown
  init: 51674561377
  bound: 417612789699
  weave: 539190685665
  ff: 1925803
 trigger: 20000 # Reason for this stats dump
 phase: 1169042 # Simulated phases
 core: # Core stats
  core-0: # Core stats
   cycles: 1169042395 # Simulated unhalted cycles
   cCycles: 89082358 # Cycles due to contention stalls
   instrs: 1285317444 # Simulated instructions
   uops: 1789988650 # Retired micro-ops
   branchUops: 182770961 # Retired branch micro-ops
   fpAddSubUops: 0 # Retired floating point add and sub micro-ops
   fpMulDivUops: 0 # Retired floating point mul and div micro-ops
   bbls: 182770961 # Basic blocks
   approxInstrs: 41445905 # Instrs with approx uop decoding
   mispredBranches: 17671930 # Mispredicted branches
   mispredInstrs: 88247986 # Instructions executed in wrong path
   mispredPenalty: 347473382 # Cycles delayed due to branch misprediction
   opExecuted: 0 # cycles with high (more than 3) number of operations executed
   loadStallsTotal: 356752824 # stalls due to load
   storeStallsTotal: 365782458 # stalls due to store
   spatialLocality: 7969 # Spatial Locality times 10000
   temporalLocality: 3933 # Temporal Locality times 10000
 l1d: # Cache stats
  l1d-0: # Filter cache stats
   fhGETS: 457607975 # Filtered GETS hits
   fhGETX: 325358195 # Filtered GETX hits
   hGETS: 2620255 # GETS hits
   hGETX: 1495003 # GETX hits
   mGETS: 1783986 # GETS misses
   mGETXIM: 2206625 # GETX I->M misses
   mGETXSM: 0 # GETX S->M misses (upgrade misses)
   PUTS: 0 # Clean evictions (from lower level)
   PUTX: 0 # Dirty evictions (from lower level)
   INV: 0 # Invalidates (from upper level)
   INVX: 0 # Downgrades (from upper level)
   FWD: 0 # Forwards (from upper level)
   latGETnl: 111252194 # GET request latency on next level
   latGETnet: 0 # GET request latency on network to next level
   sharedRequests: 0 # Shared Requests
 l1i: # Cache stats
  l1i-0: # Filter cache stats
   fhGETS: 277300440 # Filtered GETS hits
   fhGETX: 0 # Filtered GETX hits
   hGETS: 2948255 # GETS hits
   hGETX: 0 # GETX hits
   mGETS: 386 # GETS misses
   mGETXIM: 0 # GETX I->M misses
   mGETXSM: 0 # GETX S->M misses (upgrade misses)
   PUTS: 0 # Clean evictions (from lower level)
   PUTX: 0 # Dirty evictions (from lower level)
   INV: 0 # Invalidates (from upper level)
   INVX: 0 # Downgrades (from upper level)
   FWD: 0 # Forwards (from upper level)
   latGETnl: 10808 # GET request latency on next level
   latGETnet: 0 # GET request latency on network to next level
   sharedRequests: 2948255 # Shared Requests
 l3: # Cache stats
  l3-0: # Timing cache stats
   hGETS: 484655 # GETS hits
   hGETX: 259 # GETX hits
   mGETS: 1299717 # GETS misses
   mGETXIM: 2206366 # GETX I->M misses
   mGETXSM: 0 # GETX S->M misses (upgrade misses)
   PUTS: 1782643 # Clean evictions (from lower level)
   PUTX: 2206945 # Dirty evictions (from lower level)
   INV: 0 # Invalidates (from upper level)
   INVX: 0 # Downgrades (from upper level)
   FWD: 0 # Forwards (from upper level)
   latGETnl: 3506083 # GET request latency on next level
   latGETnet: 0 # GET request latency on network to next level
   sharedRequests: 1 # Shared Requests
   occHist: # Occupancy MSHR cycle histogram
    0: 994192935
    1: 151722903
    2: 8282237
    3: 913907
    4: 914960
    5: 1008270
    6: 1403826
    7: 1457757
    8: 1246301
    9: 1211187
    10: 1231735
    11: 1172609
    12: 1009301
    13: 868524
    14: 787835
    15: 712360
    16: 905353
   latHit: 4102147 # Cumulative latency accesses that hit (demand and non-demand)
   latMissResp: 233559077 # Cumulative latency for miss start to response
   latMiss: 304047802 # Cumulative latency for miss start to finish (free MSHR)
 mem: # Memory controller stats
  mem-0: # Memory controller stats
   rd: 3506057 # Read requests
   wr: 2185324 # Write requests
   rdlat: 138598740 # Total latency experienced by read requests
   wrlat: 155467147 # Total latency experienced by write requests
   reissuedAccesses: 0 # Number of accesses that were reissued due to full queue
 sched: # Scheduler stats
  thCr: 1 # Threads created
  thFn: 1 # Threads finished
  schedEvs: 1 # Schedule events
  waitEvs: 0 # Wait events
  handoffEvs: 0 # Handoff events
  sleepEvs: 0 # Sleep events
  idlePhases: 0 # Phases with no thread active
  idlePeriods: 0 # Periods with no thread active
  occHist: # Occupancy histogram
   0: 0
   1: 1169042
  rqSzHist: # Run queue size histogram
   0: 1169042
   1: 0
   2: 0
   3: 0
   4: 0
   5: 0
   6: 0
   7: 0
   8: 0
   9: 0
   10: 0
   11: 0
   12: 0
   13: 0
   14: 0
   15: 0
   16: 0
 procCycles: # Per-process unhalted core cycles
  0: 1169042395
  1: 0
  2: 0
  3: 0
  4: 0
  5: 0
  6: 0
  7: 0
  8: 0
  9: 0
  10: 0
  11: 0
  12: 0
  13: 0
  14: 0
  15: 0
  16: 0
  17: 0
  18: 0
  19: 0
  20: 0
  21: 0
  22: 0
  23: 0
  24: 0
  25: 0
  26: 0
  27: 0
  28: 0
  29: 0
  30: 0
  31: 0
  32: 0
  33: 0
  34: 0
  35: 0
  36: 0
  37: 0
  38: 0
  39: 0
  40: 0
  41: 0
  42: 0
  43: 0
  44: 0
  45: 0
  46: 0
  47: 0
  48: 0
  49: 0
  50: 0
  51: 0
  52: 0
  53: 0
  54: 0
  55: 0
  56: 0
  57: 0
  58: 0
  59: 0
  60: 0
  61: 0
  62: 0
  63: 0
 procInstrs: # Per-process instructions
  0: 1285317444
  1: 0
  2: 0
  3: 0
  4: 0
  5: 0
  6: 0
  7: 0
  8: 0
  9: 0
  10: 0
  11: 0
  12: 0
  13: 0
  14: 0
  15: 0
  16: 0
  17: 0
  18: 0
  19: 0
  20: 0
  21: 0
  22: 0
  23: 0
  24: 0
  25: 0
  26: 0
  27: 0
  28: 0
  29: 0
  30: 0
  31: 0
  32: 0
  33: 0
  34: 0
  35: 0
  36: 0
  37: 0
  38: 0
  39: 0
  40: 0
  41: 0
  42: 0
  43: 0
  44: 0
  45: 0
  46: 0
  47: 0
  48: 0
  49: 0
  50: 0
  51: 0
  52: 0
  53: 0
  54: 0
  55: 0
  56: 0
  57: 0
  58: 0
  59: 0
  60: 0
  61: 0
  62: 0
  63: 0
 heartbeats: # Per-process heartbeats
  0: 0
  1: 0
  2: 0
  3: 0
  4: 0
  5: 0
  6: 0
  7: 0
  8: 0
  9: 0
  10: 0
  11: 0
  12: 0
  13: 0
  14: 0
  15: 0
  16: 0
  17: 0
  18: 0
  19: 0
  20: 0
  21: 0
  22: 0
  23: 0
  24: 0
  25: 0
  26: 0
  27: 0
  28: 0
  29: 0
  30: 0
  31: 0
  32: 0
  33: 0
  34: 0
  35: 0
  36: 0
  37: 0
  38: 0
  39: 0
  40: 0
  41: 0
  42: 0
  43: 0
  44: 0
  45: 0
  46: 0
  47: 0
  48: 0
  49: 0
  50: 0
  51: 0
  52: 0
  53: 0
  54: 0
  55: 0
  56: 0
  57: 0
  58: 0
  59: 0
  60: 0
  61: 0
  62: 0
  63: 0
===
