# zsim stats
===
root: # Stats
 contention: # Contention simulation stats
  domain-0: # Domain stats
   time: 192510697506 # Weave simulation time
 time: # Simulator time breakdown
  init: 44793655818
  bound: 291688247247
  weave: 280199823911
  ff: 2178077
 trigger: 20000 # Reason for this stats dump
 phase: 719871 # Simulated phases
 core: # Core stats
  core-0: # Core stats
   cycles: 719871312 # Simulated unhalted cycles
   cCycles: 57539002 # Cycles due to contention stalls
   instrs: 794807021 # Simulated instructions
   uops: 1113352073 # Retired micro-ops
   branchUops: 116180509 # Retired branch micro-ops
   fpAddSubUops: 0 # Retired floating point add and sub micro-ops
   fpMulDivUops: 0 # Retired floating point mul and div micro-ops
   bbls: 116180509 # Basic blocks
   approxInstrs: 27508988 # Instrs with approx uop decoding
   mispredBranches: 10081035 # Mispredicted branches
   mispredInstrs: 50340237 # Instructions executed in wrong path
   mispredPenalty: 198278514 # Cycles delayed due to branch misprediction
   opExecuted: 0 # cycles with high (more than 3) number of operations executed
   loadStallsTotal: 258109967 # stalls due to load
   storeStallsTotal: 249986931 # stalls due to store
   spatialLocality: 7819 # Spatial Locality times 10000
   temporalLocality: 4087 # Temporal Locality times 10000
 l1d: # Cache stats
  l1d-0: # Filter cache stats
   fhGETS: 282739398 # Filtered GETS hits
   fhGETX: 203889859 # Filtered GETX hits
   hGETS: 1566043 # GETS hits
   hGETX: 888102 # GETX hits
   mGETS: 1345402 # GETS misses
   mGETXIM: 1275549 # GETX I->M misses
   mGETXSM: 0 # GETX S->M misses (upgrade misses)
   PUTS: 0 # Clean evictions (from lower level)
   PUTX: 0 # Dirty evictions (from lower level)
   INV: 0 # Invalidates (from upper level)
   INVX: 0 # Downgrades (from upper level)
   FWD: 0 # Forwards (from upper level)
   latGETnl: 72953985 # GET request latency on next level
   latGETnet: 0 # GET request latency on network to next level
   sharedRequests: 0 # Shared Requests
 l1i: # Cache stats
  l1i-0: # Filter cache stats
   fhGETS: 169644192 # Filtered GETS hits
   fhGETX: 0 # Filtered GETX hits
   hGETS: 1894095 # GETS hits
   hGETX: 0 # GETX hits
   mGETS: 382 # GETS misses
   mGETXIM: 0 # GETX I->M misses
   mGETXSM: 0 # GETX S->M misses (upgrade misses)
   PUTS: 0 # Clean evictions (from lower level)
   PUTX: 0 # Dirty evictions (from lower level)
   INV: 0 # Invalidates (from upper level)
   INVX: 0 # Downgrades (from upper level)
   FWD: 0 # Forwards (from upper level)
   latGETnl: 10696 # GET request latency on next level
   latGETnet: 0 # GET request latency on network to next level
   sharedRequests: 1894095 # Shared Requests
 l3: # Cache stats
  l3-0: # Timing cache stats
   hGETS: 432515 # GETS hits
   hGETX: 128 # GETX hits
   mGETS: 913269 # GETS misses
   mGETXIM: 1275421 # GETX I->M misses
   mGETXSM: 0 # GETX S->M misses (upgrade misses)
   PUTS: 1343765 # Clean evictions (from lower level)
   PUTX: 1276163 # Dirty evictions (from lower level)
   INV: 0 # Invalidates (from upper level)
   INVX: 0 # Downgrades (from upper level)
   FWD: 0 # Forwards (from upper level)
   latGETnl: 2188690 # GET request latency on next level
   latGETnet: 0 # GET request latency on network to next level
   sharedRequests: 1 # Shared Requests
   occHist: # Occupancy MSHR cycle histogram
    0: 607933415
    1: 97721718
    2: 6032894
    3: 577592
    4: 538178
    5: 604767
    6: 806717
    7: 816910
    8: 685437
    9: 644178
    10: 653089
    11: 615518
    12: 530996
    13: 462945
    14: 412183
    15: 372132
    16: 462331
   latHit: 2693802 # Cumulative latency accesses that hit (demand and non-demand)
   latMissResp: 144969972 # Cumulative latency for miss start to response
   latMiss: 182978262 # Cumulative latency for miss start to finish (free MSHR)
 mem: # Memory controller stats
  mem-0: # Memory controller stats
   rd: 2188667 # Read requests
   wr: 1254956 # Write requests
   rdlat: 85713408 # Total latency experienced by read requests
   wrlat: 86308063 # Total latency experienced by write requests
   reissuedAccesses: 0 # Number of accesses that were reissued due to full queue
 sched: # Scheduler stats
  thCr: 1 # Threads created
  thFn: 1 # Threads finished
  schedEvs: 1 # Schedule events
  waitEvs: 0 # Wait events
  handoffEvs: 0 # Handoff events
  sleepEvs: 0 # Sleep events
  idlePhases: 0 # Phases with no thread active
  idlePeriods: 0 # Periods with no thread active
  occHist: # Occupancy histogram
   0: 0
   1: 719871
  rqSzHist: # Run queue size histogram
   0: 719871
   1: 0
   2: 0
   3: 0
   4: 0
   5: 0
   6: 0
   7: 0
   8: 0
   9: 0
   10: 0
   11: 0
   12: 0
   13: 0
   14: 0
   15: 0
   16: 0
 procCycles: # Per-process unhalted core cycles
  0: 719871312
  1: 0
  2: 0
  3: 0
  4: 0
  5: 0
  6: 0
  7: 0
  8: 0
  9: 0
  10: 0
  11: 0
  12: 0
  13: 0
  14: 0
  15: 0
  16: 0
  17: 0
  18: 0
  19: 0
  20: 0
  21: 0
  22: 0
  23: 0
  24: 0
  25: 0
  26: 0
  27: 0
  28: 0
  29: 0
  30: 0
  31: 0
  32: 0
  33: 0
  34: 0
  35: 0
  36: 0
  37: 0
  38: 0
  39: 0
  40: 0
  41: 0
  42: 0
  43: 0
  44: 0
  45: 0
  46: 0
  47: 0
  48: 0
  49: 0
  50: 0
  51: 0
  52: 0
  53: 0
  54: 0
  55: 0
  56: 0
  57: 0
  58: 0
  59: 0
  60: 0
  61: 0
  62: 0
  63: 0
 procInstrs: # Per-process instructions
  0: 794807021
  1: 0
  2: 0
  3: 0
  4: 0
  5: 0
  6: 0
  7: 0
  8: 0
  9: 0
  10: 0
  11: 0
  12: 0
  13: 0
  14: 0
  15: 0
  16: 0
  17: 0
  18: 0
  19: 0
  20: 0
  21: 0
  22: 0
  23: 0
  24: 0
  25: 0
  26: 0
  27: 0
  28: 0
  29: 0
  30: 0
  31: 0
  32: 0
  33: 0
  34: 0
  35: 0
  36: 0
  37: 0
  38: 0
  39: 0
  40: 0
  41: 0
  42: 0
  43: 0
  44: 0
  45: 0
  46: 0
  47: 0
  48: 0
  49: 0
  50: 0
  51: 0
  52: 0
  53: 0
  54: 0
  55: 0
  56: 0
  57: 0
  58: 0
  59: 0
  60: 0
  61: 0
  62: 0
  63: 0
 heartbeats: # Per-process heartbeats
  0: 0
  1: 0
  2: 0
  3: 0
  4: 0
  5: 0
  6: 0
  7: 0
  8: 0
  9: 0
  10: 0
  11: 0
  12: 0
  13: 0
  14: 0
  15: 0
  16: 0
  17: 0
  18: 0
  19: 0
  20: 0
  21: 0
  22: 0
  23: 0
  24: 0
  25: 0
  26: 0
  27: 0
  28: 0
  29: 0
  30: 0
  31: 0
  32: 0
  33: 0
  34: 0
  35: 0
  36: 0
  37: 0
  38: 0
  39: 0
  40: 0
  41: 0
  42: 0
  43: 0
  44: 0
  45: 0
  46: 0
  47: 0
  48: 0
  49: 0
  50: 0
  51: 0
  52: 0
  53: 0
  54: 0
  55: 0
  56: 0
  57: 0
  58: 0
  59: 0
  60: 0
  61: 0
  62: 0
  63: 0
===
