# zsim stats
===
root: # Stats
 contention: # Contention simulation stats
  domain-0: # Domain stats
   time: 4637641075531 # Weave simulation time
 time: # Simulator time breakdown
  init: 576319867
  bound: 7913464965253
  weave: 8657268318277
  ff: 6444840
 trigger: 20000 # Reason for this stats dump
 phase: 19797721 # Simulated phases
 core: # Core stats
  core-0: # Core stats
   cycles: 19797721201 # Simulated unhalted cycles
   cCycles: 530006108 # Cycles due to contention stalls
   instrs: 32566641691 # Simulated instructions
   uops: 44434110986 # Retired micro-ops
   branchUops: 5755684845 # Retired branch micro-ops
   fpAddSubUops: 0 # Retired floating point add and sub micro-ops
   fpMulDivUops: 0 # Retired floating point mul and div micro-ops
   bbls: 5755771718 # Basic blocks
   approxInstrs: 434010876 # Instrs with approx uop decoding
   mispredBranches: 75337979 # Mispredicted branches
   mispredInstrs: 366578477 # Instructions executed in wrong path
   mispredPenalty: 1415654362 # Cycles delayed due to branch misprediction
   opExecuted: 0 # cycles with high (more than 3) number of operations executed
   loadStallsTotal: 7054474800 # stalls due to load
   storeStallsTotal: 4163961612 # stalls due to store
   spatialLocality: 8410 # Spatial Locality times 10000
   temporalLocality: 4578 # Temporal Locality times 10000
 l1d: # Cache stats
  l1d-0: # Filter cache stats
   fhGETS: 12992623383 # Filtered GETS hits
   fhGETX: 7970270976 # Filtered GETX hits
   hGETS: 127566308 # GETS hits
   hGETX: 134611189 # GETX hits
   mGETS: 13117138 # GETS misses
   mGETXIM: 15233254 # GETX I->M misses
   mGETXSM: 0 # GETX S->M misses (upgrade misses)
   PUTS: 0 # Clean evictions (from lower level)
   PUTX: 0 # Dirty evictions (from lower level)
   INV: 3 # Invalidates (from upper level)
   INVX: 0 # Downgrades (from upper level)
   FWD: 0 # Forwards (from upper level)
   latGETnl: 791598875 # GET request latency on next level
   latGETnet: 0 # GET request latency on network to next level
   sharedRequests: 0 # Shared Requests
 l1i: # Cache stats
  l1i-0: # Filter cache stats
   fhGETS: 6681631405 # Filtered GETS hits
   fhGETX: 0 # Filtered GETX hits
   hGETS: 63012590 # GETS hits
   hGETX: 0 # GETX hits
   mGETS: 45007 # GETS misses
   mGETXIM: 0 # GETX I->M misses
   mGETXSM: 0 # GETX S->M misses (upgrade misses)
   PUTS: 0 # Clean evictions (from lower level)
   PUTX: 0 # Dirty evictions (from lower level)
   INV: 20 # Invalidates (from upper level)
   INVX: 0 # Downgrades (from upper level)
   FWD: 0 # Forwards (from upper level)
   latGETnl: 1217901 # GET request latency on next level
   latGETnet: 0 # GET request latency on network to next level
   sharedRequests: 63012590 # Shared Requests
 l3: # Cache stats
  l3-0: # Timing cache stats
   hGETS: 1501505 # GETS hits
   hGETX: 752891 # GETX hits
   mGETS: 11660640 # GETS misses
   mGETXIM: 14480363 # GETX I->M misses
   mGETXSM: 0 # GETX S->M misses (upgrade misses)
   PUTS: 12617357 # Clean evictions (from lower level)
   PUTX: 15775994 # Dirty evictions (from lower level)
   INV: 0 # Invalidates (from upper level)
   INVX: 0 # Downgrades (from upper level)
   FWD: 0 # Forwards (from upper level)
   latGETnl: 26141003 # GET request latency on next level
   latGETnet: 0 # GET request latency on network to next level
   sharedRequests: 86281 # Shared Requests
   occHist: # Occupancy MSHR cycle histogram
    0: 18810819332
    1: 794877441
    2: 16779494
    3: 8617784
    4: 10562774
    5: 8003001
    6: 9709254
    7: 17360703
    8: 26880574
    9: 10846713
    10: 14770785
    11: 17700095
    12: 18700791
    13: 9814945
    14: 8116608
    15: 7894774
    16: 6265932
   latHit: 27406662 # Cumulative latency accesses that hit (demand and non-demand)
   latMissResp: 1825663783 # Cumulative latency for miss start to response
   latMiss: 2455723021 # Cumulative latency for miss start to finish (free MSHR)
 mem: # Memory controller stats
  mem-0: # Memory controller stats
   rd: 26140996 # Read requests
   wr: 14924092 # Write requests
   rdlat: 1119124300 # Total latency experienced by read requests
   wrlat: 1334072844 # Total latency experienced by write requests
   reissuedAccesses: 0 # Number of accesses that were reissued due to full queue
 sched: # Scheduler stats
  thCr: 1 # Threads created
  thFn: 1 # Threads finished
  schedEvs: 1 # Schedule events
  waitEvs: 0 # Wait events
  handoffEvs: 0 # Handoff events
  sleepEvs: 0 # Sleep events
  idlePhases: 0 # Phases with no thread active
  idlePeriods: 0 # Periods with no thread active
  occHist: # Occupancy histogram
   0: 0
   1: 19797721
  rqSzHist: # Run queue size histogram
   0: 19797721
   1: 0
   2: 0
   3: 0
   4: 0
   5: 0
   6: 0
   7: 0
   8: 0
   9: 0
   10: 0
   11: 0
   12: 0
   13: 0
   14: 0
   15: 0
   16: 0
 procCycles: # Per-process unhalted core cycles
  0: 19797721201
  1: 0
  2: 0
  3: 0
  4: 0
  5: 0
  6: 0
  7: 0
  8: 0
  9: 0
  10: 0
  11: 0
  12: 0
  13: 0
  14: 0
  15: 0
  16: 0
  17: 0
  18: 0
  19: 0
  20: 0
  21: 0
  22: 0
  23: 0
  24: 0
  25: 0
  26: 0
  27: 0
  28: 0
  29: 0
  30: 0
  31: 0
  32: 0
  33: 0
  34: 0
  35: 0
  36: 0
  37: 0
  38: 0
  39: 0
  40: 0
  41: 0
  42: 0
  43: 0
  44: 0
  45: 0
  46: 0
  47: 0
  48: 0
  49: 0
  50: 0
  51: 0
  52: 0
  53: 0
  54: 0
  55: 0
  56: 0
  57: 0
  58: 0
  59: 0
  60: 0
  61: 0
  62: 0
  63: 0
 procInstrs: # Per-process instructions
  0: 32566641691
  1: 0
  2: 0
  3: 0
  4: 0
  5: 0
  6: 0
  7: 0
  8: 0
  9: 0
  10: 0
  11: 0
  12: 0
  13: 0
  14: 0
  15: 0
  16: 0
  17: 0
  18: 0
  19: 0
  20: 0
  21: 0
  22: 0
  23: 0
  24: 0
  25: 0
  26: 0
  27: 0
  28: 0
  29: 0
  30: 0
  31: 0
  32: 0
  33: 0
  34: 0
  35: 0
  36: 0
  37: 0
  38: 0
  39: 0
  40: 0
  41: 0
  42: 0
  43: 0
  44: 0
  45: 0
  46: 0
  47: 0
  48: 0
  49: 0
  50: 0
  51: 0
  52: 0
  53: 0
  54: 0
  55: 0
  56: 0
  57: 0
  58: 0
  59: 0
  60: 0
  61: 0
  62: 0
  63: 0
 heartbeats: # Per-process heartbeats
  0: 0
  1: 0
  2: 0
  3: 0
  4: 0
  5: 0
  6: 0
  7: 0
  8: 0
  9: 0
  10: 0
  11: 0
  12: 0
  13: 0
  14: 0
  15: 0
  16: 0
  17: 0
  18: 0
  19: 0
  20: 0
  21: 0
  22: 0
  23: 0
  24: 0
  25: 0
  26: 0
  27: 0
  28: 0
  29: 0
  30: 0
  31: 0
  32: 0
  33: 0
  34: 0
  35: 0
  36: 0
  37: 0
  38: 0
  39: 0
  40: 0
  41: 0
  42: 0
  43: 0
  44: 0
  45: 0
  46: 0
  47: 0
  48: 0
  49: 0
  50: 0
  51: 0
  52: 0
  53: 0
  54: 0
  55: 0
  56: 0
  57: 0
  58: 0
  59: 0
  60: 0
  61: 0
  62: 0
  63: 0
===
