# zsim stats
===
root: # Stats
 contention: # Contention simulation stats
  domain-0: # Domain stats
   time: 54341574439 # Weave simulation time
 time: # Simulator time breakdown
  init: 20888054908
  bound: 123914778254
  weave: 61028075374
  ff: 560349
 trigger: 20000 # Reason for this stats dump
 phase: 218737 # Simulated phases
 core: # Core stats
  core-0: # Core stats
   cycles: 218737276 # Simulated unhalted cycles
   cCycles: 16355868 # Cycles due to contention stalls
   instrs: 241509334 # Simulated instructions
   uops: 341486081 # Retired micro-ops
   branchUops: 37017707 # Retired branch micro-ops
   fpAddSubUops: 0 # Retired floating point add and sub micro-ops
   fpMulDivUops: 0 # Retired floating point mul and div micro-ops
   bbls: 37017707 # Basic blocks
   approxInstrs: 8636110 # Instrs with approx uop decoding
   mispredBranches: 2761996 # Mispredicted branches
   mispredInstrs: 13792875 # Instructions executed in wrong path
   mispredPenalty: 54390344 # Cycles delayed due to branch misprediction
   opExecuted: 0 # cycles with high (more than 3) number of operations executed
   loadStallsTotal: 104646546 # stalls due to load
   storeStallsTotal: 94610138 # stalls due to store
   spatialLocality: 7476 # Spatial Locality times 10000
   temporalLocality: 4413 # Temporal Locality times 10000
 l1d: # Cache stats
  l1d-0: # Filter cache stats
   fhGETS: 85825046 # Filtered GETS hits
   fhGETX: 62933998 # Filtered GETX hits
   hGETS: 490771 # GETS hits
   hGETX: 247283 # GETX hits
   mGETS: 494907 # GETS misses
   mGETXIM: 325591 # GETX I->M misses
   mGETXSM: 0 # GETX S->M misses (upgrade misses)
   PUTS: 0 # Clean evictions (from lower level)
   PUTX: 0 # Dirty evictions (from lower level)
   INV: 0 # Invalidates (from upper level)
   INVX: 0 # Downgrades (from upper level)
   FWD: 0 # Forwards (from upper level)
   latGETnl: 22749500 # GET request latency on next level
   latGETnet: 0 # GET request latency on network to next level
   sharedRequests: 0 # Shared Requests
 l1i: # Cache stats
  l1i-0: # Filter cache stats
   fhGETS: 51487080 # Filtered GETS hits
   fhGETX: 0 # Filtered GETX hits
   hGETS: 610598 # GETS hits
   hGETX: 0 # GETX hits
   mGETS: 383 # GETS misses
   mGETXIM: 0 # GETX I->M misses
   mGETXSM: 0 # GETX S->M misses (upgrade misses)
   PUTS: 0 # Clean evictions (from lower level)
   PUTX: 0 # Dirty evictions (from lower level)
   INV: 0 # Invalidates (from upper level)
   INVX: 0 # Downgrades (from upper level)
   FWD: 0 # Forwards (from upper level)
   latGETnl: 10724 # GET request latency on next level
   latGETnet: 0 # GET request latency on network to next level
   sharedRequests: 610598 # Shared Requests
 l3: # Cache stats
  l3-0: # Timing cache stats
   hGETS: 224233 # GETS hits
   hGETX: 211 # GETX hits
   mGETS: 271057 # GETS misses
   mGETXIM: 325380 # GETX I->M misses
   mGETXSM: 0 # GETX S->M misses (upgrade misses)
   PUTS: 493688 # Clean evictions (from lower level)
   PUTX: 325787 # Dirty evictions (from lower level)
   INV: 0 # Invalidates (from upper level)
   INVX: 0 # Downgrades (from upper level)
   FWD: 0 # Forwards (from upper level)
   latGETnl: 596437 # GET request latency on next level
   latGETnet: 0 # GET request latency on network to next level
   sharedRequests: 1 # Shared Requests
   occHist: # Occupancy MSHR cycle histogram
    0: 187200385
    1: 27933847
    2: 1660768
    3: 153110
    4: 158235
    5: 173651
    6: 216714
    7: 211805
    8: 170172
    9: 155539
    10: 149443
    11: 133417
    12: 110575
    13: 90042
    14: 73347
    15: 66017
    16: 79933
   latHit: 841873 # Cumulative latency accesses that hit (demand and non-demand)
   latMissResp: 39141965 # Cumulative latency for miss start to response
   latMiss: 47515450 # Cumulative latency for miss start to finish (free MSHR)
 mem: # Memory controller stats
  mem-0: # Memory controller stats
   rd: 596418 # Read requests
   wr: 305335 # Write requests
   rdlat: 23003434 # Total latency experienced by read requests
   wrlat: 20057533 # Total latency experienced by write requests
   reissuedAccesses: 0 # Number of accesses that were reissued due to full queue
 sched: # Scheduler stats
  thCr: 1 # Threads created
  thFn: 1 # Threads finished
  schedEvs: 1 # Schedule events
  waitEvs: 0 # Wait events
  handoffEvs: 0 # Handoff events
  sleepEvs: 0 # Sleep events
  idlePhases: 0 # Phases with no thread active
  idlePeriods: 0 # Periods with no thread active
  occHist: # Occupancy histogram
   0: 0
   1: 218737
  rqSzHist: # Run queue size histogram
   0: 218737
   1: 0
   2: 0
   3: 0
   4: 0
   5: 0
   6: 0
   7: 0
   8: 0
   9: 0
   10: 0
   11: 0
   12: 0
   13: 0
   14: 0
   15: 0
   16: 0
 procCycles: # Per-process unhalted core cycles
  0: 218737276
  1: 0
  2: 0
  3: 0
  4: 0
  5: 0
  6: 0
  7: 0
  8: 0
  9: 0
  10: 0
  11: 0
  12: 0
  13: 0
  14: 0
  15: 0
  16: 0
  17: 0
  18: 0
  19: 0
  20: 0
  21: 0
  22: 0
  23: 0
  24: 0
  25: 0
  26: 0
  27: 0
  28: 0
  29: 0
  30: 0
  31: 0
  32: 0
  33: 0
  34: 0
  35: 0
  36: 0
  37: 0
  38: 0
  39: 0
  40: 0
  41: 0
  42: 0
  43: 0
  44: 0
  45: 0
  46: 0
  47: 0
  48: 0
  49: 0
  50: 0
  51: 0
  52: 0
  53: 0
  54: 0
  55: 0
  56: 0
  57: 0
  58: 0
  59: 0
  60: 0
  61: 0
  62: 0
  63: 0
 procInstrs: # Per-process instructions
  0: 241509334
  1: 0
  2: 0
  3: 0
  4: 0
  5: 0
  6: 0
  7: 0
  8: 0
  9: 0
  10: 0
  11: 0
  12: 0
  13: 0
  14: 0
  15: 0
  16: 0
  17: 0
  18: 0
  19: 0
  20: 0
  21: 0
  22: 0
  23: 0
  24: 0
  25: 0
  26: 0
  27: 0
  28: 0
  29: 0
  30: 0
  31: 0
  32: 0
  33: 0
  34: 0
  35: 0
  36: 0
  37: 0
  38: 0
  39: 0
  40: 0
  41: 0
  42: 0
  43: 0
  44: 0
  45: 0
  46: 0
  47: 0
  48: 0
  49: 0
  50: 0
  51: 0
  52: 0
  53: 0
  54: 0
  55: 0
  56: 0
  57: 0
  58: 0
  59: 0
  60: 0
  61: 0
  62: 0
  63: 0
 heartbeats: # Per-process heartbeats
  0: 0
  1: 0
  2: 0
  3: 0
  4: 0
  5: 0
  6: 0
  7: 0
  8: 0
  9: 0
  10: 0
  11: 0
  12: 0
  13: 0
  14: 0
  15: 0
  16: 0
  17: 0
  18: 0
  19: 0
  20: 0
  21: 0
  22: 0
  23: 0
  24: 0
  25: 0
  26: 0
  27: 0
  28: 0
  29: 0
  30: 0
  31: 0
  32: 0
  33: 0
  34: 0
  35: 0
  36: 0
  37: 0
  38: 0
  39: 0
  40: 0
  41: 0
  42: 0
  43: 0
  44: 0
  45: 0
  46: 0
  47: 0
  48: 0
  49: 0
  50: 0
  51: 0
  52: 0
  53: 0
  54: 0
  55: 0
  56: 0
  57: 0
  58: 0
  59: 0
  60: 0
  61: 0
  62: 0
  63: 0
===
