# zsim stats
===
root: # Stats
 contention: # Contention simulation stats
  domain-0: # Domain stats
   time: 208497682112 # Weave simulation time
 time: # Simulator time breakdown
  init: 168164959470
  bound: 356427299036
  weave: 347387641923
  ff: 1803871
 trigger: 20000 # Reason for this stats dump
 phase: 642637 # Simulated phases
 core: # Core stats
  core-0: # Core stats
   cycles: 642637245 # Simulated unhalted cycles
   cCycles: 62509712 # Cycles due to contention stalls
   instrs: 831481268 # Simulated instructions
   uops: 1104347311 # Retired micro-ops
   branchUops: 131289130 # Retired branch micro-ops
   fpAddSubUops: 0 # Retired floating point add and sub micro-ops
   fpMulDivUops: 0 # Retired floating point mul and div micro-ops
   bbls: 131289130 # Basic blocks
   approxInstrs: 21665405 # Instrs with approx uop decoding
   mispredBranches: 3695532 # Mispredicted branches
   mispredInstrs: 18183028 # Instructions executed in wrong path
   mispredPenalty: 70422486 # Cycles delayed due to branch misprediction
   opExecuted: 0 # cycles with high (more than 3) number of operations executed
   loadStallsTotal: 358336958 # stalls due to load
   storeStallsTotal: 335806839 # stalls due to store
   spatialLocality: 5671 # Spatial Locality times 10000
   temporalLocality: 5986 # Temporal Locality times 10000
 l1d: # Cache stats
  l1d-0: # Filter cache stats
   fhGETS: 327964179 # Filtered GETS hits
   fhGETX: 189834026 # Filtered GETX hits
   hGETS: 1772204 # GETS hits
   hGETX: 1025027 # GETX hits
   mGETS: 1443608 # GETS misses
   mGETXIM: 1504782 # GETX I->M misses
   mGETXSM: 0 # GETX S->M misses (upgrade misses)
   PUTS: 0 # Clean evictions (from lower level)
   PUTX: 0 # Dirty evictions (from lower level)
   INV: 0 # Invalidates (from upper level)
   INVX: 0 # Downgrades (from upper level)
   FWD: 0 # Forwards (from upper level)
   latGETnl: 82120512 # GET request latency on next level
   latGETnet: 0 # GET request latency on network to next level
   sharedRequests: 0 # Shared Requests
 l1i: # Cache stats
  l1i-0: # Filter cache stats
   fhGETS: 164419197 # Filtered GETS hits
   fhGETX: 0 # Filtered GETX hits
   hGETS: 3037060 # GETS hits
   hGETX: 0 # GETX hits
   mGETS: 18964 # GETS misses
   mGETXIM: 0 # GETX I->M misses
   mGETXSM: 0 # GETX S->M misses (upgrade misses)
   PUTS: 0 # Clean evictions (from lower level)
   PUTX: 0 # Dirty evictions (from lower level)
   INV: 1 # Invalidates (from upper level)
   INVX: 0 # Downgrades (from upper level)
   FWD: 0 # Forwards (from upper level)
   latGETnl: 513015 # GET request latency on next level
   latGETnet: 0 # GET request latency on network to next level
   sharedRequests: 3037060 # Shared Requests
 l3: # Cache stats
  l3-0: # Timing cache stats
   hGETS: 450816 # GETS hits
   hGETX: 1569 # GETX hits
   mGETS: 1011756 # GETS misses
   mGETXIM: 1503213 # GETX I->M misses
   mGETXSM: 0 # GETX S->M misses (upgrade misses)
   PUTS: 1460483 # Clean evictions (from lower level)
   PUTX: 1505260 # Dirty evictions (from lower level)
   INV: 0 # Invalidates (from upper level)
   INVX: 0 # Downgrades (from upper level)
   FWD: 0 # Forwards (from upper level)
   latGETnl: 2514969 # GET request latency on next level
   latGETnet: 0 # GET request latency on network to next level
   sharedRequests: 36354 # Shared Requests
   occHist: # Occupancy MSHR cycle histogram
    0: 520174309
    1: 104134774
    2: 7792483
    3: 674448
    4: 600093
    5: 680483
    6: 906560
    7: 945808
    8: 816865
    9: 808270
    10: 846604
    11: 839616
    12: 739215
    13: 692081
    14: 638248
    15: 597787
    16: 749356
   latHit: 3046891 # Cumulative latency accesses that hit (demand and non-demand)
   latMissResp: 168452278 # Cumulative latency for miss start to response
   latMiss: 732068554 # Cumulative latency for miss start to finish (free MSHR)
 mem: # Memory controller stats
  mem-0: # Memory controller stats
   rd: 2514953 # Read requests
   wr: 1482388 # Write requests
   rdlat: 100323460 # Total latency experienced by read requests
   wrlat: 108362755 # Total latency experienced by write requests
   reissuedAccesses: 0 # Number of accesses that were reissued due to full queue
 sched: # Scheduler stats
  thCr: 1 # Threads created
  thFn: 1 # Threads finished
  schedEvs: 1 # Schedule events
  waitEvs: 0 # Wait events
  handoffEvs: 0 # Handoff events
  sleepEvs: 0 # Sleep events
  idlePhases: 0 # Phases with no thread active
  idlePeriods: 0 # Periods with no thread active
  occHist: # Occupancy histogram
   0: 0
   1: 642637
  rqSzHist: # Run queue size histogram
   0: 642637
   1: 0
   2: 0
   3: 0
   4: 0
   5: 0
   6: 0
   7: 0
   8: 0
   9: 0
   10: 0
   11: 0
   12: 0
   13: 0
   14: 0
   15: 0
   16: 0
 procCycles: # Per-process unhalted core cycles
  0: 642637245
  1: 0
  2: 0
  3: 0
  4: 0
  5: 0
  6: 0
  7: 0
  8: 0
  9: 0
  10: 0
  11: 0
  12: 0
  13: 0
  14: 0
  15: 0
  16: 0
  17: 0
  18: 0
  19: 0
  20: 0
  21: 0
  22: 0
  23: 0
  24: 0
  25: 0
  26: 0
  27: 0
  28: 0
  29: 0
  30: 0
  31: 0
  32: 0
  33: 0
  34: 0
  35: 0
  36: 0
  37: 0
  38: 0
  39: 0
  40: 0
  41: 0
  42: 0
  43: 0
  44: 0
  45: 0
  46: 0
  47: 0
  48: 0
  49: 0
  50: 0
  51: 0
  52: 0
  53: 0
  54: 0
  55: 0
  56: 0
  57: 0
  58: 0
  59: 0
  60: 0
  61: 0
  62: 0
  63: 0
 procInstrs: # Per-process instructions
  0: 831481268
  1: 0
  2: 0
  3: 0
  4: 0
  5: 0
  6: 0
  7: 0
  8: 0
  9: 0
  10: 0
  11: 0
  12: 0
  13: 0
  14: 0
  15: 0
  16: 0
  17: 0
  18: 0
  19: 0
  20: 0
  21: 0
  22: 0
  23: 0
  24: 0
  25: 0
  26: 0
  27: 0
  28: 0
  29: 0
  30: 0
  31: 0
  32: 0
  33: 0
  34: 0
  35: 0
  36: 0
  37: 0
  38: 0
  39: 0
  40: 0
  41: 0
  42: 0
  43: 0
  44: 0
  45: 0
  46: 0
  47: 0
  48: 0
  49: 0
  50: 0
  51: 0
  52: 0
  53: 0
  54: 0
  55: 0
  56: 0
  57: 0
  58: 0
  59: 0
  60: 0
  61: 0
  62: 0
  63: 0
 heartbeats: # Per-process heartbeats
  0: 0
  1: 0
  2: 0
  3: 0
  4: 0
  5: 0
  6: 0
  7: 0
  8: 0
  9: 0
  10: 0
  11: 0
  12: 0
  13: 0
  14: 0
  15: 0
  16: 0
  17: 0
  18: 0
  19: 0
  20: 0
  21: 0
  22: 0
  23: 0
  24: 0
  25: 0
  26: 0
  27: 0
  28: 0
  29: 0
  30: 0
  31: 0
  32: 0
  33: 0
  34: 0
  35: 0
  36: 0
  37: 0
  38: 0
  39: 0
  40: 0
  41: 0
  42: 0
  43: 0
  44: 0
  45: 0
  46: 0
  47: 0
  48: 0
  49: 0
  50: 0
  51: 0
  52: 0
  53: 0
  54: 0
  55: 0
  56: 0
  57: 0
  58: 0
  59: 0
  60: 0
  61: 0
  62: 0
  63: 0
===
