# zsim stats
===
root: # Stats
 contention: # Contention simulation stats
  domain-0: # Domain stats
   time: 4906671001187 # Weave simulation time
 time: # Simulator time breakdown
  init: 4320091130
  bound: 9198498268958
  weave: 8113848052497
  ff: 3255095
 trigger: 20000 # Reason for this stats dump
 phase: 25531260 # Simulated phases
 core: # Core stats
  core-0: # Core stats
   cycles: 25531260281 # Simulated unhalted cycles
   cCycles: 514028471 # Cycles due to contention stalls
   instrs: 41944049337 # Simulated instructions
   uops: 57300966339 # Retired micro-ops
   branchUops: 7434445700 # Retired branch micro-ops
   fpAddSubUops: 0 # Retired floating point add and sub micro-ops
   fpMulDivUops: 0 # Retired floating point mul and div micro-ops
   bbls: 7434447797 # Basic blocks
   approxInstrs: 569253629 # Instrs with approx uop decoding
   mispredBranches: 103657691 # Mispredicted branches
   mispredInstrs: 504986357 # Instructions executed in wrong path
   mispredPenalty: 1954333675 # Cycles delayed due to branch misprediction
   opExecuted: 0 # cycles with high (more than 3) number of operations executed
   loadStallsTotal: 8976029832 # stalls due to load
   storeStallsTotal: 5336206397 # stalls due to store
   spatialLocality: 4967 # Spatial Locality times 10000
   temporalLocality: 7055 # Temporal Locality times 10000
 l1d: # Cache stats
  l1d-0: # Filter cache stats
   fhGETS: 16882427967 # Filtered GETS hits
   fhGETX: 10301141273 # Filtered GETX hits
   hGETS: 130009001 # GETS hits
   hGETX: 139026475 # GETX hits
   mGETS: 15013126 # GETS misses
   mGETXIM: 3660710 # GETX I->M misses
   mGETXSM: 0 # GETX S->M misses (upgrade misses)
   PUTS: 0 # Clean evictions (from lower level)
   PUTX: 0 # Dirty evictions (from lower level)
   INV: 18 # Invalidates (from upper level)
   INVX: 0 # Downgrades (from upper level)
   FWD: 0 # Forwards (from upper level)
   latGETnl: 521616092 # GET request latency on next level
   latGETnet: 0 # GET request latency on network to next level
   sharedRequests: 0 # Shared Requests
 l1i: # Cache stats
  l1i-0: # Filter cache stats
   fhGETS: 8690296865 # Filtered GETS hits
   fhGETX: 0 # Filtered GETX hits
   hGETS: 51268108 # GETS hits
   hGETX: 0 # GETX hits
   mGETS: 9961 # GETS misses
   mGETXIM: 0 # GETX I->M misses
   mGETXSM: 0 # GETX S->M misses (upgrade misses)
   PUTS: 0 # Clean evictions (from lower level)
   PUTX: 0 # Dirty evictions (from lower level)
   INV: 7 # Invalidates (from upper level)
   INVX: 0 # Downgrades (from upper level)
   FWD: 0 # Forwards (from upper level)
   latGETnl: 270135 # GET request latency on next level
   latGETnet: 0 # GET request latency on network to next level
   sharedRequests: 51268108 # Shared Requests
 l3: # Cache stats
  l3-0: # Timing cache stats
   hGETS: 987395 # GETS hits
   hGETX: 272694 # GETX hits
   mGETS: 14035692 # GETS misses
   mGETXIM: 3388016 # GETX I->M misses
   mGETXSM: 0 # GETX S->M misses (upgrade misses)
   PUTS: 14589024 # Clean evictions (from lower level)
   PUTX: 4092920 # Dirty evictions (from lower level)
   INV: 0 # Invalidates (from upper level)
   INVX: 0 # Downgrades (from upper level)
   FWD: 0 # Forwards (from upper level)
   latGETnl: 17423708 # GET request latency on next level
   latGETnet: 0 # GET request latency on network to next level
   sharedRequests: 17923 # Shared Requests
   occHist: # Occupancy MSHR cycle histogram
    0: 24568540950
    1: 915742168
    2: 12907197
    3: 7314208
    4: 7804186
    5: 7221549
    6: 4641330
    7: 4234099
    8: 1157572
    9: 610277
    10: 356079
    11: 247219
    12: 219155
    13: 118114
    14: 52645
    15: 39000
    16: 54252
   latHit: 18720646 # Cumulative latency accesses that hit (demand and non-demand)
   latMissResp: 1074494945 # Cumulative latency for miss start to response
   latMiss: 1115698968 # Cumulative latency for miss start to finish (free MSHR)
 mem: # Memory controller stats
  mem-0: # Memory controller stats
   rd: 17423705 # Read requests
   wr: 3774904 # Write requests
   rdlat: 604021182 # Total latency experienced by read requests
   wrlat: 176494127 # Total latency experienced by write requests
   reissuedAccesses: 0 # Number of accesses that were reissued due to full queue
 sched: # Scheduler stats
  thCr: 1 # Threads created
  thFn: 1 # Threads finished
  schedEvs: 1 # Schedule events
  waitEvs: 0 # Wait events
  handoffEvs: 0 # Handoff events
  sleepEvs: 0 # Sleep events
  idlePhases: 0 # Phases with no thread active
  idlePeriods: 0 # Periods with no thread active
  occHist: # Occupancy histogram
   0: 0
   1: 25531260
  rqSzHist: # Run queue size histogram
   0: 25531260
   1: 0
   2: 0
   3: 0
   4: 0
   5: 0
   6: 0
   7: 0
   8: 0
   9: 0
   10: 0
   11: 0
   12: 0
   13: 0
   14: 0
   15: 0
   16: 0
 procCycles: # Per-process unhalted core cycles
  0: 25531260281
  1: 0
  2: 0
  3: 0
  4: 0
  5: 0
  6: 0
  7: 0
  8: 0
  9: 0
  10: 0
  11: 0
  12: 0
  13: 0
  14: 0
  15: 0
  16: 0
  17: 0
  18: 0
  19: 0
  20: 0
  21: 0
  22: 0
  23: 0
  24: 0
  25: 0
  26: 0
  27: 0
  28: 0
  29: 0
  30: 0
  31: 0
  32: 0
  33: 0
  34: 0
  35: 0
  36: 0
  37: 0
  38: 0
  39: 0
  40: 0
  41: 0
  42: 0
  43: 0
  44: 0
  45: 0
  46: 0
  47: 0
  48: 0
  49: 0
  50: 0
  51: 0
  52: 0
  53: 0
  54: 0
  55: 0
  56: 0
  57: 0
  58: 0
  59: 0
  60: 0
  61: 0
  62: 0
  63: 0
 procInstrs: # Per-process instructions
  0: 41944049337
  1: 0
  2: 0
  3: 0
  4: 0
  5: 0
  6: 0
  7: 0
  8: 0
  9: 0
  10: 0
  11: 0
  12: 0
  13: 0
  14: 0
  15: 0
  16: 0
  17: 0
  18: 0
  19: 0
  20: 0
  21: 0
  22: 0
  23: 0
  24: 0
  25: 0
  26: 0
  27: 0
  28: 0
  29: 0
  30: 0
  31: 0
  32: 0
  33: 0
  34: 0
  35: 0
  36: 0
  37: 0
  38: 0
  39: 0
  40: 0
  41: 0
  42: 0
  43: 0
  44: 0
  45: 0
  46: 0
  47: 0
  48: 0
  49: 0
  50: 0
  51: 0
  52: 0
  53: 0
  54: 0
  55: 0
  56: 0
  57: 0
  58: 0
  59: 0
  60: 0
  61: 0
  62: 0
  63: 0
 heartbeats: # Per-process heartbeats
  0: 0
  1: 0
  2: 0
  3: 0
  4: 0
  5: 0
  6: 0
  7: 0
  8: 0
  9: 0
  10: 0
  11: 0
  12: 0
  13: 0
  14: 0
  15: 0
  16: 0
  17: 0
  18: 0
  19: 0
  20: 0
  21: 0
  22: 0
  23: 0
  24: 0
  25: 0
  26: 0
  27: 0
  28: 0
  29: 0
  30: 0
  31: 0
  32: 0
  33: 0
  34: 0
  35: 0
  36: 0
  37: 0
  38: 0
  39: 0
  40: 0
  41: 0
  42: 0
  43: 0
  44: 0
  45: 0
  46: 0
  47: 0
  48: 0
  49: 0
  50: 0
  51: 0
  52: 0
  53: 0
  54: 0
  55: 0
  56: 0
  57: 0
  58: 0
  59: 0
  60: 0
  61: 0
  62: 0
  63: 0
===
