# zsim stats
===
root: # Stats
 contention: # Contention simulation stats
  domain-0: # Domain stats
   time: 928688718461 # Weave simulation time
 time: # Simulator time breakdown
  init: 2303541856
  bound: 1361418988743
  weave: 1877195833717
  ff: 8372945
 trigger: 20000 # Reason for this stats dump
 phase: 4175983 # Simulated phases
 core: # Core stats
  core-0: # Core stats
   cycles: 4175983400 # Simulated unhalted cycles
   cCycles: 182880075 # Cycles due to contention stalls
   instrs: 6349847336 # Simulated instructions
   uops: 7404597066 # Retired micro-ops
   branchUops: 521954315 # Retired branch micro-ops
   fpAddSubUops: 0 # Retired floating point add and sub micro-ops
   fpMulDivUops: 0 # Retired floating point mul and div micro-ops
   bbls: 521955176 # Basic blocks
   approxInstrs: 272825653 # Instrs with approx uop decoding
   mispredBranches: 44473681 # Mispredicted branches
   mispredInstrs: 222075698 # Instructions executed in wrong path
   mispredPenalty: 879854480 # Cycles delayed due to branch misprediction
   opExecuted: 0 # cycles with high (more than 3) number of operations executed
   loadStallsTotal: 884625281 # stalls due to load
   storeStallsTotal: 589080350 # stalls due to store
   spatialLocality: 6955 # Spatial Locality times 10000
   temporalLocality: 5401 # Temporal Locality times 10000
 l1d: # Cache stats
  l1d-0: # Filter cache stats
   fhGETS: 2183741433 # Filtered GETS hits
   fhGETX: 894267165 # Filtered GETX hits
   hGETS: 43807025 # GETS hits
   hGETX: 76839991 # GETX hits
   mGETS: 6665551 # GETS misses
   mGETXIM: 2382064 # GETX I->M misses
   mGETXSM: 0 # GETX S->M misses (upgrade misses)
   PUTS: 0 # Clean evictions (from lower level)
   PUTX: 0 # Dirty evictions (from lower level)
   INV: 129 # Invalidates (from upper level)
   INVX: 0 # Downgrades (from upper level)
   FWD: 0 # Forwards (from upper level)
   latGETnl: 251495933 # GET request latency on next level
   latGETnet: 0 # GET request latency on network to next level
   sharedRequests: 0 # Shared Requests
 l1i: # Cache stats
  l1i-0: # Filter cache stats
   fhGETS: 990579836 # Filtered GETS hits
   fhGETX: 0 # Filtered GETX hits
   hGETS: 13390021 # GETS hits
   hGETX: 0 # GETX hits
   mGETS: 1362 # GETS misses
   mGETXIM: 0 # GETX I->M misses
   mGETXSM: 0 # GETX S->M misses (upgrade misses)
   PUTS: 0 # Clean evictions (from lower level)
   PUTX: 0 # Dirty evictions (from lower level)
   INV: 107 # Invalidates (from upper level)
   INVX: 0 # Downgrades (from upper level)
   FWD: 0 # Forwards (from upper level)
   latGETnl: 37709 # GET request latency on next level
   latGETnet: 0 # GET request latency on network to next level
   sharedRequests: 13390021 # Shared Requests
 l3: # Cache stats
  l3-0: # Timing cache stats
   hGETS: 808674 # GETS hits
   hGETX: 1029040 # GETX hits
   mGETS: 5858239 # GETS misses
   mGETXIM: 1353024 # GETX I->M misses
   mGETXSM: 0 # GETX S->M misses (upgrade misses)
   PUTS: 6444727 # Clean evictions (from lower level)
   PUTX: 2602265 # Dirty evictions (from lower level)
   INV: 0 # Invalidates (from upper level)
   INVX: 0 # Downgrades (from upper level)
   FWD: 0 # Forwards (from upper level)
   latGETnl: 7211263 # GET request latency on next level
   latGETnet: 0 # GET request latency on network to next level
   sharedRequests: 957 # Shared Requests
   occHist: # Occupancy MSHR cycle histogram
    0: 3807758193
    1: 346410055
    2: 8198565
    3: 3261515
    4: 3623744
    5: 1910359
    6: 1543414
    7: 1554338
    8: 900729
    9: 272582
    10: 146614
    11: 116298
    12: 108742
    13: 78483
    14: 43257
    15: 25880
    16: 30232
   latHit: 9095778 # Cumulative latency accesses that hit (demand and non-demand)
   latMissResp: 417413898 # Cumulative latency for miss start to response
   latMiss: 432986532 # Cumulative latency for miss start to finish (free MSHR)
 mem: # Memory controller stats
  mem-0: # Memory controller stats
   rd: 7211241 # Read requests
   wr: 1503061 # Write requests
   rdlat: 222691875 # Total latency experienced by read requests
   wrlat: 63024893 # Total latency experienced by write requests
   reissuedAccesses: 0 # Number of accesses that were reissued due to full queue
 sched: # Scheduler stats
  thCr: 1 # Threads created
  thFn: 1 # Threads finished
  schedEvs: 1 # Schedule events
  waitEvs: 0 # Wait events
  handoffEvs: 0 # Handoff events
  sleepEvs: 0 # Sleep events
  idlePhases: 0 # Phases with no thread active
  idlePeriods: 0 # Periods with no thread active
  occHist: # Occupancy histogram
   0: 0
   1: 4175983
  rqSzHist: # Run queue size histogram
   0: 4175983
   1: 0
   2: 0
   3: 0
   4: 0
   5: 0
   6: 0
   7: 0
   8: 0
   9: 0
   10: 0
   11: 0
   12: 0
   13: 0
   14: 0
   15: 0
   16: 0
 procCycles: # Per-process unhalted core cycles
  0: 4175983400
  1: 0
  2: 0
  3: 0
  4: 0
  5: 0
  6: 0
  7: 0
  8: 0
  9: 0
  10: 0
  11: 0
  12: 0
  13: 0
  14: 0
  15: 0
  16: 0
  17: 0
  18: 0
  19: 0
  20: 0
  21: 0
  22: 0
  23: 0
  24: 0
  25: 0
  26: 0
  27: 0
  28: 0
  29: 0
  30: 0
  31: 0
  32: 0
  33: 0
  34: 0
  35: 0
  36: 0
  37: 0
  38: 0
  39: 0
  40: 0
  41: 0
  42: 0
  43: 0
  44: 0
  45: 0
  46: 0
  47: 0
  48: 0
  49: 0
  50: 0
  51: 0
  52: 0
  53: 0
  54: 0
  55: 0
  56: 0
  57: 0
  58: 0
  59: 0
  60: 0
  61: 0
  62: 0
  63: 0
 procInstrs: # Per-process instructions
  0: 6349847336
  1: 0
  2: 0
  3: 0
  4: 0
  5: 0
  6: 0
  7: 0
  8: 0
  9: 0
  10: 0
  11: 0
  12: 0
  13: 0
  14: 0
  15: 0
  16: 0
  17: 0
  18: 0
  19: 0
  20: 0
  21: 0
  22: 0
  23: 0
  24: 0
  25: 0
  26: 0
  27: 0
  28: 0
  29: 0
  30: 0
  31: 0
  32: 0
  33: 0
  34: 0
  35: 0
  36: 0
  37: 0
  38: 0
  39: 0
  40: 0
  41: 0
  42: 0
  43: 0
  44: 0
  45: 0
  46: 0
  47: 0
  48: 0
  49: 0
  50: 0
  51: 0
  52: 0
  53: 0
  54: 0
  55: 0
  56: 0
  57: 0
  58: 0
  59: 0
  60: 0
  61: 0
  62: 0
  63: 0
 heartbeats: # Per-process heartbeats
  0: 0
  1: 0
  2: 0
  3: 0
  4: 0
  5: 0
  6: 0
  7: 0
  8: 0
  9: 0
  10: 0
  11: 0
  12: 0
  13: 0
  14: 0
  15: 0
  16: 0
  17: 0
  18: 0
  19: 0
  20: 0
  21: 0
  22: 0
  23: 0
  24: 0
  25: 0
  26: 0
  27: 0
  28: 0
  29: 0
  30: 0
  31: 0
  32: 0
  33: 0
  34: 0
  35: 0
  36: 0
  37: 0
  38: 0
  39: 0
  40: 0
  41: 0
  42: 0
  43: 0
  44: 0
  45: 0
  46: 0
  47: 0
  48: 0
  49: 0
  50: 0
  51: 0
  52: 0
  53: 0
  54: 0
  55: 0
  56: 0
  57: 0
  58: 0
  59: 0
  60: 0
  61: 0
  62: 0
  63: 0
===
