# zsim stats
===
root: # Stats
 contention: # Contention simulation stats
  domain-0: # Domain stats
   time: 2967164419652 # Weave simulation time
 time: # Simulator time breakdown
  init: 578214115
  bound: 3349084785644
  weave: 5343374530175
  ff: 8632082
 trigger: 20000 # Reason for this stats dump
 phase: 9836398 # Simulated phases
 core: # Core stats
  core-0: # Core stats
   cycles: 9836398287 # Simulated unhalted cycles
   cCycles: 546026060 # Cycles due to contention stalls
   instrs: 14802483761 # Simulated instructions
   uops: 17377586723 # Retired micro-ops
   branchUops: 1301416067 # Retired branch micro-ops
   fpAddSubUops: 0 # Retired floating point add and sub micro-ops
   fpMulDivUops: 0 # Retired floating point mul and div micro-ops
   bbls: 1301514726 # Basic blocks
   approxInstrs: 609344144 # Instrs with approx uop decoding
   mispredBranches: 99908527 # Mispredicted branches
   mispredInstrs: 498614970 # Instructions executed in wrong path
   mispredPenalty: 1974181178 # Cycles delayed due to branch misprediction
   opExecuted: 0 # cycles with high (more than 3) number of operations executed
   loadStallsTotal: 2330945857 # stalls due to load
   storeStallsTotal: 1572754013 # stalls due to store
   spatialLocality: 8410 # Spatial Locality times 10000
   temporalLocality: 4578 # Temporal Locality times 10000
 l1d: # Cache stats
  l1d-0: # Filter cache stats
   fhGETS: 5012505868 # Filtered GETS hits
   fhGETX: 2152070973 # Filtered GETX hits
   hGETS: 124027122 # GETS hits
   hGETX: 184077388 # GETX hits
   mGETS: 15453443 # GETS misses
   mGETXIM: 19417683 # GETX I->M misses
   mGETXSM: 0 # GETX S->M misses (upgrade misses)
   PUTS: 0 # Clean evictions (from lower level)
   PUTX: 0 # Dirty evictions (from lower level)
   INV: 0 # Invalidates (from upper level)
   INVX: 0 # Downgrades (from upper level)
   FWD: 0 # Forwards (from upper level)
   latGETnl: 971121044 # GET request latency on next level
   latGETnet: 0 # GET request latency on network to next level
   sharedRequests: 0 # Shared Requests
 l1i: # Cache stats
  l1i-0: # Filter cache stats
   fhGETS: 2331910674 # Filtered GETS hits
   fhGETX: 0 # Filtered GETX hits
   hGETS: 50216266 # GETS hits
   hGETX: 0 # GETX hits
   mGETS: 1795 # GETS misses
   mGETXIM: 0 # GETX I->M misses
   mGETXSM: 0 # GETX S->M misses (upgrade misses)
   PUTS: 0 # Clean evictions (from lower level)
   PUTX: 0 # Dirty evictions (from lower level)
   INV: 0 # Invalidates (from upper level)
   INVX: 0 # Downgrades (from upper level)
   FWD: 0 # Forwards (from upper level)
   latGETnl: 50015 # GET request latency on next level
   latGETnet: 0 # GET request latency on network to next level
   sharedRequests: 50216266 # Shared Requests
 l3: # Cache stats
  l3-0: # Timing cache stats
   hGETS: 2145568 # GETS hits
   hGETX: 3125161 # GETX hits
   mGETS: 13309670 # GETS misses
   mGETXIM: 16292522 # GETX I->M misses
   mGETXSM: 0 # GETX S->M misses (upgrade misses)
   PUTS: 14753085 # Clean evictions (from lower level)
   PUTX: 20117829 # Dirty evictions (from lower level)
   INV: 0 # Invalidates (from upper level)
   INVX: 0 # Downgrades (from upper level)
   FWD: 0 # Forwards (from upper level)
   latGETnl: 29602192 # GET request latency on next level
   latGETnet: 0 # GET request latency on network to next level
   sharedRequests: 1057 # Shared Requests
   occHist: # Occupancy MSHR cycle histogram
    0: 8775207965
    1: 835664820
    2: 27032540
    3: 10120313
    4: 11882259
    5: 10609602
    6: 11259612
    7: 19339057
    8: 29812064
    9: 11881044
    10: 16458629
    11: 19841727
    12: 21110773
    13: 10923453
    14: 9183403
    15: 8942462
    16: 7128277
   latHit: 33749730 # Cumulative latency accesses that hit (demand and non-demand)
   latMissResp: 2018478721 # Cumulative latency for miss start to response
   latMiss: 2723961208 # Cumulative latency for miss start to finish (free MSHR)
 mem: # Memory controller stats
  mem-0: # Memory controller stats
   rd: 29602174 # Read requests
   wr: 16802924 # Write requests
   rdlat: 1218408017 # Total latency experienced by read requests
   wrlat: 1485662387 # Total latency experienced by write requests
   reissuedAccesses: 0 # Number of accesses that were reissued due to full queue
 sched: # Scheduler stats
  thCr: 1 # Threads created
  thFn: 1 # Threads finished
  schedEvs: 1 # Schedule events
  waitEvs: 0 # Wait events
  handoffEvs: 0 # Handoff events
  sleepEvs: 0 # Sleep events
  idlePhases: 0 # Phases with no thread active
  idlePeriods: 0 # Periods with no thread active
  occHist: # Occupancy histogram
   0: 0
   1: 9836398
  rqSzHist: # Run queue size histogram
   0: 9836398
   1: 0
   2: 0
   3: 0
   4: 0
   5: 0
   6: 0
   7: 0
   8: 0
   9: 0
   10: 0
   11: 0
   12: 0
   13: 0
   14: 0
   15: 0
   16: 0
 procCycles: # Per-process unhalted core cycles
  0: 9836398287
  1: 0
  2: 0
  3: 0
  4: 0
  5: 0
  6: 0
  7: 0
  8: 0
  9: 0
  10: 0
  11: 0
  12: 0
  13: 0
  14: 0
  15: 0
  16: 0
  17: 0
  18: 0
  19: 0
  20: 0
  21: 0
  22: 0
  23: 0
  24: 0
  25: 0
  26: 0
  27: 0
  28: 0
  29: 0
  30: 0
  31: 0
  32: 0
  33: 0
  34: 0
  35: 0
  36: 0
  37: 0
  38: 0
  39: 0
  40: 0
  41: 0
  42: 0
  43: 0
  44: 0
  45: 0
  46: 0
  47: 0
  48: 0
  49: 0
  50: 0
  51: 0
  52: 0
  53: 0
  54: 0
  55: 0
  56: 0
  57: 0
  58: 0
  59: 0
  60: 0
  61: 0
  62: 0
  63: 0
 procInstrs: # Per-process instructions
  0: 14802483761
  1: 0
  2: 0
  3: 0
  4: 0
  5: 0
  6: 0
  7: 0
  8: 0
  9: 0
  10: 0
  11: 0
  12: 0
  13: 0
  14: 0
  15: 0
  16: 0
  17: 0
  18: 0
  19: 0
  20: 0
  21: 0
  22: 0
  23: 0
  24: 0
  25: 0
  26: 0
  27: 0
  28: 0
  29: 0
  30: 0
  31: 0
  32: 0
  33: 0
  34: 0
  35: 0
  36: 0
  37: 0
  38: 0
  39: 0
  40: 0
  41: 0
  42: 0
  43: 0
  44: 0
  45: 0
  46: 0
  47: 0
  48: 0
  49: 0
  50: 0
  51: 0
  52: 0
  53: 0
  54: 0
  55: 0
  56: 0
  57: 0
  58: 0
  59: 0
  60: 0
  61: 0
  62: 0
  63: 0
 heartbeats: # Per-process heartbeats
  0: 0
  1: 0
  2: 0
  3: 0
  4: 0
  5: 0
  6: 0
  7: 0
  8: 0
  9: 0
  10: 0
  11: 0
  12: 0
  13: 0
  14: 0
  15: 0
  16: 0
  17: 0
  18: 0
  19: 0
  20: 0
  21: 0
  22: 0
  23: 0
  24: 0
  25: 0
  26: 0
  27: 0
  28: 0
  29: 0
  30: 0
  31: 0
  32: 0
  33: 0
  34: 0
  35: 0
  36: 0
  37: 0
  38: 0
  39: 0
  40: 0
  41: 0
  42: 0
  43: 0
  44: 0
  45: 0
  46: 0
  47: 0
  48: 0
  49: 0
  50: 0
  51: 0
  52: 0
  53: 0
  54: 0
  55: 0
  56: 0
  57: 0
  58: 0
  59: 0
  60: 0
  61: 0
  62: 0
  63: 0
===
