# zsim stats
===
root: # Stats
 contention: # Contention simulation stats
  domain-0: # Domain stats
   time: 176288941365 # Weave simulation time
 time: # Simulator time breakdown
  init: 156075111210
  bound: 319100207797
  weave: 280111099555
  ff: 2337283
 trigger: 20000 # Reason for this stats dump
 phase: 559410 # Simulated phases
 core: # Core stats
  core-0: # Core stats
   cycles: 559410349 # Simulated unhalted cycles
   cCycles: 56038479 # Cycles due to contention stalls
   instrs: 709487025 # Simulated instructions
   uops: 947720685 # Retired micro-ops
   branchUops: 113099042 # Retired branch micro-ops
   fpAddSubUops: 0 # Retired floating point add and sub micro-ops
   fpMulDivUops: 0 # Retired floating point mul and div micro-ops
   bbls: 113099042 # Basic blocks
   approxInstrs: 18897463 # Instrs with approx uop decoding
   mispredBranches: 3262570 # Mispredicted branches
   mispredInstrs: 16057827 # Instructions executed in wrong path
   mispredPenalty: 62209155 # Cycles delayed due to branch misprediction
   opExecuted: 0 # cycles with high (more than 3) number of operations executed
   loadStallsTotal: 323129077 # stalls due to load
   storeStallsTotal: 298652569 # stalls due to store
   spatialLocality: 5572 # Spatial Locality times 10000
   temporalLocality: 6046 # Temporal Locality times 10000
 l1d: # Cache stats
  l1d-0: # Filter cache stats
   fhGETS: 279277100 # Filtered GETS hits
   fhGETX: 163760102 # Filtered GETX hits
   hGETS: 1513376 # GETS hits
   hGETX: 832147 # GETX hits
   mGETS: 1372923 # GETS misses
   mGETXIM: 1281655 # GETX I->M misses
   mGETXSM: 0 # GETX S->M misses (upgrade misses)
   PUTS: 0 # Clean evictions (from lower level)
   PUTX: 0 # Dirty evictions (from lower level)
   INV: 0 # Invalidates (from upper level)
   INVX: 0 # Downgrades (from upper level)
   FWD: 0 # Forwards (from upper level)
   latGETnl: 73886599 # GET request latency on next level
   latGETnet: 0 # GET request latency on network to next level
   sharedRequests: 0 # Shared Requests
 l1i: # Cache stats
  l1i-0: # Filter cache stats
   fhGETS: 141095112 # Filtered GETS hits
   fhGETX: 0 # Filtered GETX hits
   hGETS: 2674902 # GETS hits
   hGETX: 0 # GETX hits
   mGETS: 17051 # GETS misses
   mGETXIM: 0 # GETX I->M misses
   mGETXSM: 0 # GETX S->M misses (upgrade misses)
   PUTS: 0 # Clean evictions (from lower level)
   PUTX: 0 # Dirty evictions (from lower level)
   INV: 1 # Invalidates (from upper level)
   INVX: 0 # Downgrades (from upper level)
   FWD: 0 # Forwards (from upper level)
   latGETnl: 461385 # GET request latency on next level
   latGETnet: 0 # GET request latency on network to next level
   sharedRequests: 2674902 # Shared Requests
 l3: # Cache stats
  l3-0: # Timing cache stats
   hGETS: 455436 # GETS hits
   hGETX: 2192 # GETX hits
   mGETS: 934538 # GETS misses
   mGETXIM: 1279463 # GETX I->M misses
   mGETXSM: 0 # GETX S->M misses (upgrade misses)
   PUTS: 1388103 # Clean evictions (from lower level)
   PUTX: 1281898 # Dirty evictions (from lower level)
   INV: 0 # Invalidates (from upper level)
   INVX: 0 # Downgrades (from upper level)
   FWD: 0 # Forwards (from upper level)
   latGETnl: 2214001 # GET request latency on next level
   latGETnet: 0 # GET request latency on network to next level
   sharedRequests: 32490 # Shared Requests
   occHist: # Occupancy MSHR cycle histogram
    0: 449781357
    1: 93607049
    2: 7395831
    3: 627138
    4: 521301
    5: 598726
    6: 798655
    7: 824553
    8: 683324
    9: 666992
    10: 681864
    11: 653142
    12: 580343
    13: 513744
    14: 483702
    15: 448915
    16: 543364
   latHit: 2748703 # Cumulative latency accesses that hit (demand and non-demand)
   latMissResp: 147104770 # Cumulative latency for miss start to response
   latMiss: 187237325 # Cumulative latency for miss start to finish (free MSHR)
 mem: # Memory controller stats
  mem-0: # Memory controller stats
   rd: 2213970 # Read requests
   wr: 1259278 # Write requests
   rdlat: 87147987 # Total latency experienced by read requests
   wrlat: 88748871 # Total latency experienced by write requests
   reissuedAccesses: 0 # Number of accesses that were reissued due to full queue
 sched: # Scheduler stats
  thCr: 1 # Threads created
  thFn: 1 # Threads finished
  schedEvs: 1 # Schedule events
  waitEvs: 0 # Wait events
  handoffEvs: 0 # Handoff events
  sleepEvs: 0 # Sleep events
  idlePhases: 0 # Phases with no thread active
  idlePeriods: 0 # Periods with no thread active
  occHist: # Occupancy histogram
   0: 0
   1: 559410
  rqSzHist: # Run queue size histogram
   0: 559410
   1: 0
   2: 0
   3: 0
   4: 0
   5: 0
   6: 0
   7: 0
   8: 0
   9: 0
   10: 0
   11: 0
   12: 0
   13: 0
   14: 0
   15: 0
   16: 0
 procCycles: # Per-process unhalted core cycles
  0: 559410349
  1: 0
  2: 0
  3: 0
  4: 0
  5: 0
  6: 0
  7: 0
  8: 0
  9: 0
  10: 0
  11: 0
  12: 0
  13: 0
  14: 0
  15: 0
  16: 0
  17: 0
  18: 0
  19: 0
  20: 0
  21: 0
  22: 0
  23: 0
  24: 0
  25: 0
  26: 0
  27: 0
  28: 0
  29: 0
  30: 0
  31: 0
  32: 0
  33: 0
  34: 0
  35: 0
  36: 0
  37: 0
  38: 0
  39: 0
  40: 0
  41: 0
  42: 0
  43: 0
  44: 0
  45: 0
  46: 0
  47: 0
  48: 0
  49: 0
  50: 0
  51: 0
  52: 0
  53: 0
  54: 0
  55: 0
  56: 0
  57: 0
  58: 0
  59: 0
  60: 0
  61: 0
  62: 0
  63: 0
 procInstrs: # Per-process instructions
  0: 709487025
  1: 0
  2: 0
  3: 0
  4: 0
  5: 0
  6: 0
  7: 0
  8: 0
  9: 0
  10: 0
  11: 0
  12: 0
  13: 0
  14: 0
  15: 0
  16: 0
  17: 0
  18: 0
  19: 0
  20: 0
  21: 0
  22: 0
  23: 0
  24: 0
  25: 0
  26: 0
  27: 0
  28: 0
  29: 0
  30: 0
  31: 0
  32: 0
  33: 0
  34: 0
  35: 0
  36: 0
  37: 0
  38: 0
  39: 0
  40: 0
  41: 0
  42: 0
  43: 0
  44: 0
  45: 0
  46: 0
  47: 0
  48: 0
  49: 0
  50: 0
  51: 0
  52: 0
  53: 0
  54: 0
  55: 0
  56: 0
  57: 0
  58: 0
  59: 0
  60: 0
  61: 0
  62: 0
  63: 0
 heartbeats: # Per-process heartbeats
  0: 0
  1: 0
  2: 0
  3: 0
  4: 0
  5: 0
  6: 0
  7: 0
  8: 0
  9: 0
  10: 0
  11: 0
  12: 0
  13: 0
  14: 0
  15: 0
  16: 0
  17: 0
  18: 0
  19: 0
  20: 0
  21: 0
  22: 0
  23: 0
  24: 0
  25: 0
  26: 0
  27: 0
  28: 0
  29: 0
  30: 0
  31: 0
  32: 0
  33: 0
  34: 0
  35: 0
  36: 0
  37: 0
  38: 0
  39: 0
  40: 0
  41: 0
  42: 0
  43: 0
  44: 0
  45: 0
  46: 0
  47: 0
  48: 0
  49: 0
  50: 0
  51: 0
  52: 0
  53: 0
  54: 0
  55: 0
  56: 0
  57: 0
  58: 0
  59: 0
  60: 0
  61: 0
  62: 0
  63: 0
===
