# zsim stats
===
root: # Stats
 contention: # Contention simulation stats
  domain-0: # Domain stats
   time: 2377867042037 # Weave simulation time
 time: # Simulator time breakdown
  init: 4334990071
  bound: 3314375046893
  weave: 4960828243943
  ff: 4040599
 trigger: 20000 # Reason for this stats dump
 phase: 10632395 # Simulated phases
 core: # Core stats
  core-0: # Core stats
   cycles: 10632395099 # Simulated unhalted cycles
   cCycles: 449518761 # Cycles due to contention stalls
   instrs: 16187351891 # Simulated instructions
   uops: 18817194162 # Retired micro-ops
   branchUops: 1309586300 # Retired branch micro-ops
   fpAddSubUops: 0 # Retired floating point add and sub micro-ops
   fpMulDivUops: 0 # Retired floating point mul and div micro-ops
   bbls: 1309588308 # Basic blocks
   approxInstrs: 705009230 # Instrs with approx uop decoding
   mispredBranches: 115293079 # Mispredicted branches
   mispredInstrs: 575689364 # Instructions executed in wrong path
   mispredPenalty: 2280295485 # Cycles delayed due to branch misprediction
   opExecuted: 0 # cycles with high (more than 3) number of operations executed
   loadStallsTotal: 2259088722 # stalls due to load
   storeStallsTotal: 1482373678 # stalls due to store
   spatialLocality: 6574 # Spatial Locality times 10000
   temporalLocality: 5423 # Temporal Locality times 10000
 l1d: # Cache stats
  l1d-0: # Filter cache stats
   fhGETS: 5563810681 # Filtered GETS hits
   fhGETX: 2237094937 # Filtered GETX hits
   hGETS: 121378455 # GETS hits
   hGETX: 195276003 # GETX hits
   mGETS: 15997510 # GETS misses
   mGETXIM: 5983039 # GETX I->M misses
   mGETXSM: 0 # GETX S->M misses (upgrade misses)
   PUTS: 0 # Clean evictions (from lower level)
   PUTX: 0 # Dirty evictions (from lower level)
   INV: 169 # Invalidates (from upper level)
   INVX: 0 # Downgrades (from upper level)
   FWD: 0 # Forwards (from upper level)
   latGETnl: 610806684 # GET request latency on next level
   latGETnet: 0 # GET request latency on network to next level
   sharedRequests: 0 # Shared Requests
 l1i: # Cache stats
  l1i-0: # Filter cache stats
   fhGETS: 2528893142 # Filtered GETS hits
   fhGETX: 0 # Filtered GETX hits
   hGETS: 28494226 # GETS hits
   hGETX: 0 # GETX hits
   mGETS: 92740 # GETS misses
   mGETXIM: 0 # GETX I->M misses
   mGETXSM: 0 # GETX S->M misses (upgrade misses)
   PUTS: 0 # Clean evictions (from lower level)
   PUTX: 0 # Dirty evictions (from lower level)
   INV: 174 # Invalidates (from upper level)
   INVX: 0 # Downgrades (from upper level)
   FWD: 0 # Forwards (from upper level)
   latGETnl: 2504919 # GET request latency on next level
   latGETnet: 0 # GET request latency on network to next level
   sharedRequests: 28494226 # Shared Requests
 l3: # Cache stats
  l3-0: # Timing cache stats
   hGETS: 2035168 # GETS hits
   hGETX: 2705321 # GETX hits
   mGETS: 14055082 # GETS misses
   mGETXIM: 3277718 # GETX I->M misses
   mGETXSM: 0 # GETX S->M misses (upgrade misses)
   PUTS: 15379947 # Clean evictions (from lower level)
   PUTX: 6691277 # Dirty evictions (from lower level)
   INV: 0 # Invalidates (from upper level)
   INVX: 0 # Downgrades (from upper level)
   FWD: 0 # Forwards (from upper level)
   latGETnl: 17332800 # GET request latency on next level
   latGETnet: 0 # GET request latency on network to next level
   sharedRequests: 183669 # Shared Requests
   occHist: # Occupancy MSHR cycle histogram
    0: 9737482370
    1: 845539537
    2: 16210303
    3: 5935386
    4: 7278335
    5: 7398979
    6: 5220121
    7: 3925477
    8: 1529689
    9: 798094
    10: 324586
    11: 237723
    12: 214217
    13: 135950
    14: 62764
    15: 47856
    16: 53613
   latHit: 22216759 # Cumulative latency accesses that hit (demand and non-demand)
   latMissResp: 1013574948 # Cumulative latency for miss start to response
   latMiss: 1052747070 # Cumulative latency for miss start to finish (free MSHR)
 mem: # Memory controller stats
  mem-0: # Memory controller stats
   rd: 17332799 # Read requests
   wr: 3668943 # Write requests
   rdlat: 545538438 # Total latency experienced by read requests
   wrlat: 157965244 # Total latency experienced by write requests
   reissuedAccesses: 0 # Number of accesses that were reissued due to full queue
 sched: # Scheduler stats
  thCr: 1 # Threads created
  thFn: 1 # Threads finished
  schedEvs: 1 # Schedule events
  waitEvs: 0 # Wait events
  handoffEvs: 0 # Handoff events
  sleepEvs: 0 # Sleep events
  idlePhases: 0 # Phases with no thread active
  idlePeriods: 0 # Periods with no thread active
  occHist: # Occupancy histogram
   0: 0
   1: 10632395
  rqSzHist: # Run queue size histogram
   0: 10632395
   1: 0
   2: 0
   3: 0
   4: 0
   5: 0
   6: 0
   7: 0
   8: 0
   9: 0
   10: 0
   11: 0
   12: 0
   13: 0
   14: 0
   15: 0
   16: 0
 procCycles: # Per-process unhalted core cycles
  0: 10632395099
  1: 0
  2: 0
  3: 0
  4: 0
  5: 0
  6: 0
  7: 0
  8: 0
  9: 0
  10: 0
  11: 0
  12: 0
  13: 0
  14: 0
  15: 0
  16: 0
  17: 0
  18: 0
  19: 0
  20: 0
  21: 0
  22: 0
  23: 0
  24: 0
  25: 0
  26: 0
  27: 0
  28: 0
  29: 0
  30: 0
  31: 0
  32: 0
  33: 0
  34: 0
  35: 0
  36: 0
  37: 0
  38: 0
  39: 0
  40: 0
  41: 0
  42: 0
  43: 0
  44: 0
  45: 0
  46: 0
  47: 0
  48: 0
  49: 0
  50: 0
  51: 0
  52: 0
  53: 0
  54: 0
  55: 0
  56: 0
  57: 0
  58: 0
  59: 0
  60: 0
  61: 0
  62: 0
  63: 0
 procInstrs: # Per-process instructions
  0: 16187351891
  1: 0
  2: 0
  3: 0
  4: 0
  5: 0
  6: 0
  7: 0
  8: 0
  9: 0
  10: 0
  11: 0
  12: 0
  13: 0
  14: 0
  15: 0
  16: 0
  17: 0
  18: 0
  19: 0
  20: 0
  21: 0
  22: 0
  23: 0
  24: 0
  25: 0
  26: 0
  27: 0
  28: 0
  29: 0
  30: 0
  31: 0
  32: 0
  33: 0
  34: 0
  35: 0
  36: 0
  37: 0
  38: 0
  39: 0
  40: 0
  41: 0
  42: 0
  43: 0
  44: 0
  45: 0
  46: 0
  47: 0
  48: 0
  49: 0
  50: 0
  51: 0
  52: 0
  53: 0
  54: 0
  55: 0
  56: 0
  57: 0
  58: 0
  59: 0
  60: 0
  61: 0
  62: 0
  63: 0
 heartbeats: # Per-process heartbeats
  0: 0
  1: 0
  2: 0
  3: 0
  4: 0
  5: 0
  6: 0
  7: 0
  8: 0
  9: 0
  10: 0
  11: 0
  12: 0
  13: 0
  14: 0
  15: 0
  16: 0
  17: 0
  18: 0
  19: 0
  20: 0
  21: 0
  22: 0
  23: 0
  24: 0
  25: 0
  26: 0
  27: 0
  28: 0
  29: 0
  30: 0
  31: 0
  32: 0
  33: 0
  34: 0
  35: 0
  36: 0
  37: 0
  38: 0
  39: 0
  40: 0
  41: 0
  42: 0
  43: 0
  44: 0
  45: 0
  46: 0
  47: 0
  48: 0
  49: 0
  50: 0
  51: 0
  52: 0
  53: 0
  54: 0
  55: 0
  56: 0
  57: 0
  58: 0
  59: 0
  60: 0
  61: 0
  62: 0
  63: 0
===
