# zsim stats
===
root: # Stats
 contention: # Contention simulation stats
  domain-0: # Domain stats
   time: 46328402699 # Weave simulation time
 time: # Simulator time breakdown
  init: 66867152201
  bound: 121474076547
  weave: 55104650556
  ff: 1178835
 trigger: 20000 # Reason for this stats dump
 phase: 178797 # Simulated phases
 core: # Core stats
  core-0: # Core stats
   cycles: 178797329 # Simulated unhalted cycles
   cCycles: 15919161 # Cycles due to contention stalls
   instrs: 222213279 # Simulated instructions
   uops: 302349316 # Retired micro-ops
   branchUops: 36575721 # Retired branch micro-ops
   fpAddSubUops: 0 # Retired floating point add and sub micro-ops
   fpMulDivUops: 0 # Retired floating point mul and div micro-ops
   bbls: 36575721 # Basic blocks
   approxInstrs: 6661016 # Instrs with approx uop decoding
   mispredBranches: 1013010 # Mispredicted branches
   mispredInstrs: 4997206 # Instructions executed in wrong path
   mispredPenalty: 19454861 # Cycles delayed due to branch misprediction
   opExecuted: 0 # cycles with high (more than 3) number of operations executed
   loadStallsTotal: 120557755 # stalls due to load
   storeStallsTotal: 106165826 # stalls due to store
   spatialLocality: 5648 # Spatial Locality times 10000
   temporalLocality: 6553 # Temporal Locality times 10000
 l1d: # Cache stats
  l1d-0: # Filter cache stats
   fhGETS: 85784277 # Filtered GETS hits
   fhGETX: 53378316 # Filtered GETX hits
   hGETS: 516807 # GETS hits
   hGETX: 237097 # GETX hits
   mGETS: 496027 # GETS misses
   mGETXIM: 326374 # GETX I->M misses
   mGETXSM: 0 # GETX S->M misses (upgrade misses)
   PUTS: 0 # Clean evictions (from lower level)
   PUTX: 0 # Dirty evictions (from lower level)
   INV: 0 # Invalidates (from upper level)
   INVX: 0 # Downgrades (from upper level)
   FWD: 0 # Forwards (from upper level)
   latGETnl: 22803156 # GET request latency on next level
   latGETnet: 0 # GET request latency on network to next level
   sharedRequests: 0 # Shared Requests
 l1i: # Cache stats
  l1i-0: # Filter cache stats
   fhGETS: 44587285 # Filtered GETS hits
   fhGETX: 0 # Filtered GETX hits
   hGETS: 817030 # GETS hits
   hGETX: 0 # GETX hits
   mGETS: 4983 # GETS misses
   mGETXIM: 0 # GETX I->M misses
   mGETXSM: 0 # GETX S->M misses (upgrade misses)
   PUTS: 0 # Clean evictions (from lower level)
   PUTX: 0 # Dirty evictions (from lower level)
   INV: 0 # Invalidates (from upper level)
   INVX: 0 # Downgrades (from upper level)
   FWD: 0 # Forwards (from upper level)
   latGETnl: 135204 # GET request latency on next level
   latGETnet: 0 # GET request latency on network to next level
   sharedRequests: 817030 # Shared Requests
 l3: # Cache stats
  l3-0: # Timing cache stats
   hGETS: 227088 # GETS hits
   hGETX: 1304 # GETX hits
   mGETS: 273922 # GETS misses
   mGETXIM: 325070 # GETX I->M misses
   mGETXSM: 0 # GETX S->M misses (upgrade misses)
   PUTS: 499317 # Clean evictions (from lower level)
   PUTX: 326475 # Dirty evictions (from lower level)
   INV: 0 # Invalidates (from upper level)
   INVX: 0 # Downgrades (from upper level)
   FWD: 0 # Forwards (from upper level)
   latGETnl: 598992 # GET request latency on next level
   latGETnet: 0 # GET request latency on network to next level
   sharedRequests: 8735 # Shared Requests
   occHist: # Occupancy MSHR cycle histogram
    0: 147928938
    1: 26900007
    2: 1946024
    3: 159114
    4: 151236
    5: 166284
    6: 220190
    7: 219563
    8: 176295
    9: 160081
    10: 154606
    11: 145350
    12: 117392
    13: 96861
    14: 87688
    15: 76896
    16: 90475
   latHit: 850680 # Cumulative latency accesses that hit (demand and non-demand)
   latMissResp: 39258839 # Cumulative latency for miss start to response
   latMiss: 48056037 # Cumulative latency for miss start to finish (free MSHR)
 mem: # Memory controller stats
  mem-0: # Memory controller stats
   rd: 598973 # Read requests
   wr: 305500 # Write requests
   rdlat: 23047755 # Total latency experienced by read requests
   wrlat: 20447241 # Total latency experienced by write requests
   reissuedAccesses: 0 # Number of accesses that were reissued due to full queue
 sched: # Scheduler stats
  thCr: 1 # Threads created
  thFn: 1 # Threads finished
  schedEvs: 1 # Schedule events
  waitEvs: 0 # Wait events
  handoffEvs: 0 # Handoff events
  sleepEvs: 0 # Sleep events
  idlePhases: 0 # Phases with no thread active
  idlePeriods: 0 # Periods with no thread active
  occHist: # Occupancy histogram
   0: 0
   1: 178797
  rqSzHist: # Run queue size histogram
   0: 178797
   1: 0
   2: 0
   3: 0
   4: 0
   5: 0
   6: 0
   7: 0
   8: 0
   9: 0
   10: 0
   11: 0
   12: 0
   13: 0
   14: 0
   15: 0
   16: 0
 procCycles: # Per-process unhalted core cycles
  0: 178797329
  1: 0
  2: 0
  3: 0
  4: 0
  5: 0
  6: 0
  7: 0
  8: 0
  9: 0
  10: 0
  11: 0
  12: 0
  13: 0
  14: 0
  15: 0
  16: 0
  17: 0
  18: 0
  19: 0
  20: 0
  21: 0
  22: 0
  23: 0
  24: 0
  25: 0
  26: 0
  27: 0
  28: 0
  29: 0
  30: 0
  31: 0
  32: 0
  33: 0
  34: 0
  35: 0
  36: 0
  37: 0
  38: 0
  39: 0
  40: 0
  41: 0
  42: 0
  43: 0
  44: 0
  45: 0
  46: 0
  47: 0
  48: 0
  49: 0
  50: 0
  51: 0
  52: 0
  53: 0
  54: 0
  55: 0
  56: 0
  57: 0
  58: 0
  59: 0
  60: 0
  61: 0
  62: 0
  63: 0
 procInstrs: # Per-process instructions
  0: 222213279
  1: 0
  2: 0
  3: 0
  4: 0
  5: 0
  6: 0
  7: 0
  8: 0
  9: 0
  10: 0
  11: 0
  12: 0
  13: 0
  14: 0
  15: 0
  16: 0
  17: 0
  18: 0
  19: 0
  20: 0
  21: 0
  22: 0
  23: 0
  24: 0
  25: 0
  26: 0
  27: 0
  28: 0
  29: 0
  30: 0
  31: 0
  32: 0
  33: 0
  34: 0
  35: 0
  36: 0
  37: 0
  38: 0
  39: 0
  40: 0
  41: 0
  42: 0
  43: 0
  44: 0
  45: 0
  46: 0
  47: 0
  48: 0
  49: 0
  50: 0
  51: 0
  52: 0
  53: 0
  54: 0
  55: 0
  56: 0
  57: 0
  58: 0
  59: 0
  60: 0
  61: 0
  62: 0
  63: 0
 heartbeats: # Per-process heartbeats
  0: 0
  1: 0
  2: 0
  3: 0
  4: 0
  5: 0
  6: 0
  7: 0
  8: 0
  9: 0
  10: 0
  11: 0
  12: 0
  13: 0
  14: 0
  15: 0
  16: 0
  17: 0
  18: 0
  19: 0
  20: 0
  21: 0
  22: 0
  23: 0
  24: 0
  25: 0
  26: 0
  27: 0
  28: 0
  29: 0
  30: 0
  31: 0
  32: 0
  33: 0
  34: 0
  35: 0
  36: 0
  37: 0
  38: 0
  39: 0
  40: 0
  41: 0
  42: 0
  43: 0
  44: 0
  45: 0
  46: 0
  47: 0
  48: 0
  49: 0
  50: 0
  51: 0
  52: 0
  53: 0
  54: 0
  55: 0
  56: 0
  57: 0
  58: 0
  59: 0
  60: 0
  61: 0
  62: 0
  63: 0
===
