# zsim stats
===
root: # Stats
 contention: # Contention simulation stats
  domain-0: # Domain stats
   time: 3395192438911 # Weave simulation time
 time: # Simulator time breakdown
  init: 579753938
  bound: 3862330581226
  weave: 6109480083173
  ff: 4125846
 trigger: 20000 # Reason for this stats dump
 phase: 11411537 # Simulated phases
 core: # Core stats
  core-0: # Core stats
   cycles: 11411537133 # Simulated unhalted cycles
   cCycles: 609710461 # Cycles due to contention stalls
   instrs: 17288776719 # Simulated instructions
   uops: 20236340612 # Retired micro-ops
   branchUops: 1496731003 # Retired branch micro-ops
   fpAddSubUops: 0 # Retired floating point add and sub micro-ops
   fpMulDivUops: 0 # Retired floating point mul and div micro-ops
   bbls: 1496839556 # Basic blocks
   approxInstrs: 720956138 # Instrs with approx uop decoding
   mispredBranches: 116749705 # Mispredicted branches
   mispredInstrs: 582748593 # Instructions executed in wrong path
   mispredPenalty: 2306907101 # Cycles delayed due to branch misprediction
   opExecuted: 0 # cycles with high (more than 3) number of operations executed
   loadStallsTotal: 2686215599 # stalls due to load
   storeStallsTotal: 1805853860 # stalls due to store
   spatialLocality: 8410 # Spatial Locality times 10000
   temporalLocality: 4578 # Temporal Locality times 10000
 l1d: # Cache stats
  l1d-0: # Filter cache stats
   fhGETS: 5863575352 # Filtered GETS hits
   fhGETX: 2475440216 # Filtered GETX hits
   hGETS: 144970179 # GETS hits
   hGETX: 210140173 # GETX hits
   mGETS: 17509365 # GETS misses
   mGETXIM: 21387348 # GETX I->M misses
   mGETXSM: 0 # GETX S->M misses (upgrade misses)
   PUTS: 0 # Clean evictions (from lower level)
   PUTX: 0 # Dirty evictions (from lower level)
   INV: 0 # Invalidates (from upper level)
   INVX: 0 # Downgrades (from upper level)
   FWD: 0 # Forwards (from upper level)
   latGETnl: 1082947809 # GET request latency on next level
   latGETnet: 0 # GET request latency on network to next level
   sharedRequests: 0 # Shared Requests
 l1i: # Cache stats
  l1i-0: # Filter cache stats
   fhGETS: 2718538712 # Filtered GETS hits
   fhGETX: 0 # Filtered GETX hits
   hGETS: 50391990 # GETS hits
   hGETX: 0 # GETX hits
   mGETS: 1530 # GETS misses
   mGETXIM: 0 # GETX I->M misses
   mGETXSM: 0 # GETX S->M misses (upgrade misses)
   PUTS: 0 # Clean evictions (from lower level)
   PUTX: 0 # Dirty evictions (from lower level)
   INV: 1 # Invalidates (from upper level)
   INVX: 0 # Downgrades (from upper level)
   FWD: 0 # Forwards (from upper level)
   latGETnl: 42711 # GET request latency on next level
   latGETnet: 0 # GET request latency on network to next level
   sharedRequests: 50391990 # Shared Requests
 l3: # Cache stats
  l3-0: # Timing cache stats
   hGETS: 2831584 # GETS hits
   hGETX: 3328700 # GETX hits
   mGETS: 14679311 # GETS misses
   mGETXIM: 18058648 # GETX I->M misses
   mGETXSM: 0 # GETX S->M misses (upgrade misses)
   PUTS: 16707297 # Clean evictions (from lower level)
   PUTX: 22188952 # Dirty evictions (from lower level)
   INV: 0 # Invalidates (from upper level)
   INVX: 0 # Downgrades (from upper level)
   FWD: 0 # Forwards (from upper level)
   latGETnl: 32737959 # GET request latency on next level
   latGETnet: 0 # GET request latency on network to next level
   sharedRequests: 689 # Shared Requests
   occHist: # Occupancy MSHR cycle histogram
    0: 10231551137
    1: 934445368
    2: 25813429
    3: 9719913
    4: 11753657
    5: 14897923
    6: 14107976
    7: 21446653
    8: 32327176
    9: 13136354
    10: 18054650
    11: 21796753
    12: 23155382
    13: 11874778
    14: 9981525
    15: 9780134
    16: 7694192
   latHit: 37734826 # Cumulative latency accesses that hit (demand and non-demand)
   latMissResp: 2233450937 # Cumulative latency for miss start to response
   latMiss: 3010453142 # Cumulative latency for miss start to finish (free MSHR)
 mem: # Memory controller stats
  mem-0: # Memory controller stats
   rd: 32737956 # Read requests
   wr: 18619267 # Write requests
   rdlat: 1348608088 # Total latency experienced by read requests
   wrlat: 1640598234 # Total latency experienced by write requests
   reissuedAccesses: 0 # Number of accesses that were reissued due to full queue
 sched: # Scheduler stats
  thCr: 1 # Threads created
  thFn: 1 # Threads finished
  schedEvs: 1 # Schedule events
  waitEvs: 0 # Wait events
  handoffEvs: 0 # Handoff events
  sleepEvs: 0 # Sleep events
  idlePhases: 0 # Phases with no thread active
  idlePeriods: 0 # Periods with no thread active
  occHist: # Occupancy histogram
   0: 0
   1: 11411537
  rqSzHist: # Run queue size histogram
   0: 11411537
   1: 0
   2: 0
   3: 0
   4: 0
   5: 0
   6: 0
   7: 0
   8: 0
   9: 0
   10: 0
   11: 0
   12: 0
   13: 0
   14: 0
   15: 0
   16: 0
 procCycles: # Per-process unhalted core cycles
  0: 11411537133
  1: 0
  2: 0
  3: 0
  4: 0
  5: 0
  6: 0
  7: 0
  8: 0
  9: 0
  10: 0
  11: 0
  12: 0
  13: 0
  14: 0
  15: 0
  16: 0
  17: 0
  18: 0
  19: 0
  20: 0
  21: 0
  22: 0
  23: 0
  24: 0
  25: 0
  26: 0
  27: 0
  28: 0
  29: 0
  30: 0
  31: 0
  32: 0
  33: 0
  34: 0
  35: 0
  36: 0
  37: 0
  38: 0
  39: 0
  40: 0
  41: 0
  42: 0
  43: 0
  44: 0
  45: 0
  46: 0
  47: 0
  48: 0
  49: 0
  50: 0
  51: 0
  52: 0
  53: 0
  54: 0
  55: 0
  56: 0
  57: 0
  58: 0
  59: 0
  60: 0
  61: 0
  62: 0
  63: 0
 procInstrs: # Per-process instructions
  0: 17288776719
  1: 0
  2: 0
  3: 0
  4: 0
  5: 0
  6: 0
  7: 0
  8: 0
  9: 0
  10: 0
  11: 0
  12: 0
  13: 0
  14: 0
  15: 0
  16: 0
  17: 0
  18: 0
  19: 0
  20: 0
  21: 0
  22: 0
  23: 0
  24: 0
  25: 0
  26: 0
  27: 0
  28: 0
  29: 0
  30: 0
  31: 0
  32: 0
  33: 0
  34: 0
  35: 0
  36: 0
  37: 0
  38: 0
  39: 0
  40: 0
  41: 0
  42: 0
  43: 0
  44: 0
  45: 0
  46: 0
  47: 0
  48: 0
  49: 0
  50: 0
  51: 0
  52: 0
  53: 0
  54: 0
  55: 0
  56: 0
  57: 0
  58: 0
  59: 0
  60: 0
  61: 0
  62: 0
  63: 0
 heartbeats: # Per-process heartbeats
  0: 0
  1: 0
  2: 0
  3: 0
  4: 0
  5: 0
  6: 0
  7: 0
  8: 0
  9: 0
  10: 0
  11: 0
  12: 0
  13: 0
  14: 0
  15: 0
  16: 0
  17: 0
  18: 0
  19: 0
  20: 0
  21: 0
  22: 0
  23: 0
  24: 0
  25: 0
  26: 0
  27: 0
  28: 0
  29: 0
  30: 0
  31: 0
  32: 0
  33: 0
  34: 0
  35: 0
  36: 0
  37: 0
  38: 0
  39: 0
  40: 0
  41: 0
  42: 0
  43: 0
  44: 0
  45: 0
  46: 0
  47: 0
  48: 0
  49: 0
  50: 0
  51: 0
  52: 0
  53: 0
  54: 0
  55: 0
  56: 0
  57: 0
  58: 0
  59: 0
  60: 0
  61: 0
  62: 0
  63: 0
===
