# zsim stats
===
root: # Stats
 contention: # Contention simulation stats
  domain-0: # Domain stats
   time: 229773868471 # Weave simulation time
 time: # Simulator time breakdown
  init: 48585151752
  bound: 323668148328
  weave: 341697442995
  ff: 2241882
 trigger: 20000 # Reason for this stats dump
 phase: 835973 # Simulated phases
 core: # Core stats
  core-0: # Core stats
   cycles: 835973289 # Simulated unhalted cycles
   cCycles: 64907060 # Cycles due to contention stalls
   instrs: 913866983 # Simulated instructions
   uops: 1276274904 # Retired micro-ops
   branchUops: 131788586 # Retired branch micro-ops
   fpAddSubUops: 0 # Retired floating point add and sub micro-ops
   fpMulDivUops: 0 # Retired floating point mul and div micro-ops
   bbls: 131788586 # Basic blocks
   approxInstrs: 30078768 # Instrs with approx uop decoding
   mispredBranches: 12311856 # Mispredicted branches
   mispredInstrs: 61482193 # Instructions executed in wrong path
   mispredPenalty: 242124968 # Cycles delayed due to branch misprediction
   opExecuted: 0 # cycles with high (more than 3) number of operations executed
   loadStallsTotal: 283764850 # stalls due to load
   storeStallsTotal: 281684391 # stalls due to store
   spatialLocality: 7890 # Spatial Locality times 10000
   temporalLocality: 3911 # Temporal Locality times 10000
 l1d: # Cache stats
  l1d-0: # Filter cache stats
   fhGETS: 325013430 # Filtered GETS hits
   fhGETX: 232553811 # Filtered GETX hits
   hGETS: 1901552 # GETS hits
   hGETX: 1085245 # GETX hits
   mGETS: 1441160 # GETS misses
   mGETXIM: 1514744 # GETX I->M misses
   mGETXSM: 0 # GETX S->M misses (upgrade misses)
   PUTS: 0 # Clean evictions (from lower level)
   PUTX: 0 # Dirty evictions (from lower level)
   INV: 0 # Invalidates (from upper level)
   INVX: 0 # Downgrades (from upper level)
   FWD: 0 # Forwards (from upper level)
   latGETnl: 82326301 # GET request latency on next level
   latGETnet: 0 # GET request latency on network to next level
   sharedRequests: 0 # Shared Requests
 l1i: # Cache stats
  l1i-0: # Filter cache stats
   fhGETS: 197421043 # Filtered GETS hits
   fhGETX: 0 # Filtered GETX hits
   hGETS: 2138717 # GETS hits
   hGETX: 0 # GETX hits
   mGETS: 390 # GETS misses
   mGETXIM: 0 # GETX I->M misses
   mGETXSM: 0 # GETX S->M misses (upgrade misses)
   PUTS: 0 # Clean evictions (from lower level)
   PUTX: 0 # Dirty evictions (from lower level)
   INV: 0 # Invalidates (from upper level)
   INVX: 0 # Downgrades (from upper level)
   FWD: 0 # Forwards (from upper level)
   latGETnl: 10920 # GET request latency on next level
   latGETnet: 0 # GET request latency on network to next level
   sharedRequests: 2138717 # Shared Requests
 l3: # Cache stats
  l3-0: # Timing cache stats
   hGETS: 438800 # GETS hits
   hGETX: 211 # GETX hits
   mGETS: 1002750 # GETS misses
   mGETXIM: 1514533 # GETX I->M misses
   mGETXSM: 0 # GETX S->M misses (upgrade misses)
   PUTS: 1439817 # Clean evictions (from lower level)
   PUTX: 1515064 # Dirty evictions (from lower level)
   INV: 0 # Invalidates (from upper level)
   INVX: 0 # Downgrades (from upper level)
   FWD: 0 # Forwards (from upper level)
   latGETnl: 2517283 # GET request latency on next level
   latGETnet: 0 # GET request latency on network to next level
   sharedRequests: 1 # Shared Requests
   occHist: # Occupancy MSHR cycle histogram
    0: 709436501
    1: 109896202
    2: 6398679
    3: 629773
    4: 604946
    5: 694773
    6: 943328
    7: 984756
    8: 848139
    9: 835296
    10: 858081
    11: 807518
    12: 703563
    13: 615552
    14: 562337
    15: 512034
    16: 641522
   latHit: 3036174 # Cumulative latency accesses that hit (demand and non-demand)
   latMissResp: 168193485 # Cumulative latency for miss start to response
   latMiss: 217057864 # Cumulative latency for miss start to finish (free MSHR)
 mem: # Memory controller stats
  mem-0: # Memory controller stats
   rd: 2517254 # Read requests
   wr: 1493985 # Write requests
   rdlat: 100019979 # Total latency experienced by read requests
   wrlat: 107184873 # Total latency experienced by write requests
   reissuedAccesses: 0 # Number of accesses that were reissued due to full queue
 sched: # Scheduler stats
  thCr: 1 # Threads created
  thFn: 1 # Threads finished
  schedEvs: 1 # Schedule events
  waitEvs: 0 # Wait events
  handoffEvs: 0 # Handoff events
  sleepEvs: 0 # Sleep events
  idlePhases: 0 # Phases with no thread active
  idlePeriods: 0 # Periods with no thread active
  occHist: # Occupancy histogram
   0: 0
   1: 835973
  rqSzHist: # Run queue size histogram
   0: 835973
   1: 0
   2: 0
   3: 0
   4: 0
   5: 0
   6: 0
   7: 0
   8: 0
   9: 0
   10: 0
   11: 0
   12: 0
   13: 0
   14: 0
   15: 0
   16: 0
 procCycles: # Per-process unhalted core cycles
  0: 835973289
  1: 0
  2: 0
  3: 0
  4: 0
  5: 0
  6: 0
  7: 0
  8: 0
  9: 0
  10: 0
  11: 0
  12: 0
  13: 0
  14: 0
  15: 0
  16: 0
  17: 0
  18: 0
  19: 0
  20: 0
  21: 0
  22: 0
  23: 0
  24: 0
  25: 0
  26: 0
  27: 0
  28: 0
  29: 0
  30: 0
  31: 0
  32: 0
  33: 0
  34: 0
  35: 0
  36: 0
  37: 0
  38: 0
  39: 0
  40: 0
  41: 0
  42: 0
  43: 0
  44: 0
  45: 0
  46: 0
  47: 0
  48: 0
  49: 0
  50: 0
  51: 0
  52: 0
  53: 0
  54: 0
  55: 0
  56: 0
  57: 0
  58: 0
  59: 0
  60: 0
  61: 0
  62: 0
  63: 0
 procInstrs: # Per-process instructions
  0: 913866983
  1: 0
  2: 0
  3: 0
  4: 0
  5: 0
  6: 0
  7: 0
  8: 0
  9: 0
  10: 0
  11: 0
  12: 0
  13: 0
  14: 0
  15: 0
  16: 0
  17: 0
  18: 0
  19: 0
  20: 0
  21: 0
  22: 0
  23: 0
  24: 0
  25: 0
  26: 0
  27: 0
  28: 0
  29: 0
  30: 0
  31: 0
  32: 0
  33: 0
  34: 0
  35: 0
  36: 0
  37: 0
  38: 0
  39: 0
  40: 0
  41: 0
  42: 0
  43: 0
  44: 0
  45: 0
  46: 0
  47: 0
  48: 0
  49: 0
  50: 0
  51: 0
  52: 0
  53: 0
  54: 0
  55: 0
  56: 0
  57: 0
  58: 0
  59: 0
  60: 0
  61: 0
  62: 0
  63: 0
 heartbeats: # Per-process heartbeats
  0: 0
  1: 0
  2: 0
  3: 0
  4: 0
  5: 0
  6: 0
  7: 0
  8: 0
  9: 0
  10: 0
  11: 0
  12: 0
  13: 0
  14: 0
  15: 0
  16: 0
  17: 0
  18: 0
  19: 0
  20: 0
  21: 0
  22: 0
  23: 0
  24: 0
  25: 0
  26: 0
  27: 0
  28: 0
  29: 0
  30: 0
  31: 0
  32: 0
  33: 0
  34: 0
  35: 0
  36: 0
  37: 0
  38: 0
  39: 0
  40: 0
  41: 0
  42: 0
  43: 0
  44: 0
  45: 0
  46: 0
  47: 0
  48: 0
  49: 0
  50: 0
  51: 0
  52: 0
  53: 0
  54: 0
  55: 0
  56: 0
  57: 0
  58: 0
  59: 0
  60: 0
  61: 0
  62: 0
  63: 0
===
