# zsim stats
===
root: # Stats
 contention: # Contention simulation stats
  domain-0: # Domain stats
   time: 51139413219 # Weave simulation time
 time: # Simulator time breakdown
  init: 73073996568
  bound: 127755115054
  weave: 63010522882
  ff: 1949824
 trigger: 20000 # Reason for this stats dump
 phase: 188971 # Simulated phases
 core: # Core stats
  core-0: # Core stats
   cycles: 188971346 # Simulated unhalted cycles
   cCycles: 17292496 # Cycles due to contention stalls
   instrs: 231022046 # Simulated instructions
   uops: 315485169 # Retired micro-ops
   branchUops: 38510719 # Retired branch micro-ops
   fpAddSubUops: 0 # Retired floating point add and sub micro-ops
   fpMulDivUops: 0 # Retired floating point mul and div micro-ops
   bbls: 38510719 # Basic blocks
   approxInstrs: 7017466 # Instrs with approx uop decoding
   mispredBranches: 1112485 # Mispredicted branches
   mispredInstrs: 5496820 # Instructions executed in wrong path
   mispredPenalty: 21480220 # Cycles delayed due to branch misprediction
   opExecuted: 0 # cycles with high (more than 3) number of operations executed
   loadStallsTotal: 129423214 # stalls due to load
   storeStallsTotal: 111565345 # stalls due to store
   spatialLocality: 5695 # Spatial Locality times 10000
   temporalLocality: 6520 # Temporal Locality times 10000
 l1d: # Cache stats
  l1d-0: # Filter cache stats
   fhGETS: 88806216 # Filtered GETS hits
   fhGETX: 55896502 # Filtered GETX hits
   hGETS: 510712 # GETS hits
   hGETX: 254021 # GETX hits
   mGETS: 551304 # GETS misses
   mGETXIM: 356862 # GETX I->M misses
   mGETXSM: 0 # GETX S->M misses (upgrade misses)
   PUTS: 0 # Clean evictions (from lower level)
   PUTX: 0 # Dirty evictions (from lower level)
   INV: 0 # Invalidates (from upper level)
   INVX: 0 # Downgrades (from upper level)
   FWD: 0 # Forwards (from upper level)
   latGETnl: 25193236 # GET request latency on next level
   latGETnet: 0 # GET request latency on network to next level
   sharedRequests: 0 # Shared Requests
 l1i: # Cache stats
  l1i-0: # Filter cache stats
   fhGETS: 46907881 # Filtered GETS hits
   fhGETX: 0 # Filtered GETX hits
   hGETS: 865447 # GETS hits
   hGETX: 0 # GETX hits
   mGETS: 4803 # GETS misses
   mGETXIM: 0 # GETX I->M misses
   mGETXSM: 0 # GETX S->M misses (upgrade misses)
   PUTS: 0 # Clean evictions (from lower level)
   PUTX: 0 # Dirty evictions (from lower level)
   INV: 0 # Invalidates (from upper level)
   INVX: 0 # Downgrades (from upper level)
   FWD: 0 # Forwards (from upper level)
   latGETnl: 130411 # GET request latency on next level
   latGETnet: 0 # GET request latency on network to next level
   sharedRequests: 865447 # Shared Requests
 l3: # Cache stats
  l3-0: # Timing cache stats
   hGETS: 238228 # GETS hits
   hGETX: 1257 # GETX hits
   mGETS: 317879 # GETS misses
   mGETXIM: 355605 # GETX I->M misses
   mGETXSM: 0 # GETX S->M misses (upgrade misses)
   PUTS: 554213 # Clean evictions (from lower level)
   PUTX: 357151 # Dirty evictions (from lower level)
   INV: 0 # Invalidates (from upper level)
   INVX: 0 # Downgrades (from upper level)
   FWD: 0 # Forwards (from upper level)
   latGETnl: 673484 # GET request latency on next level
   latGETnet: 0 # GET request latency on network to next level
   sharedRequests: 8295 # Shared Requests
   occHist: # Occupancy MSHR cycle histogram
    0: 155731697
    1: 28597198
    2: 2169696
    3: 162976
    4: 144894
    5: 171549
    6: 220420
    7: 209921
    8: 174320
    9: 175620
    10: 186060
    11: 184625
    12: 168732
    13: 169320
    14: 161372
    15: 155261
    16: 187339
   latHit: 934179 # Cumulative latency accesses that hit (demand and non-demand)
   latMissResp: 44977641 # Cumulative latency for miss start to response
   latMiss: 56332804 # Cumulative latency for miss start to finish (free MSHR)
 mem: # Memory controller stats
  mem-0: # Memory controller stats
   rd: 673460 # Read requests
   wr: 335491 # Write requests
   rdlat: 26737287 # Total latency experienced by read requests
   wrlat: 24463215 # Total latency experienced by write requests
   reissuedAccesses: 0 # Number of accesses that were reissued due to full queue
 sched: # Scheduler stats
  thCr: 1 # Threads created
  thFn: 1 # Threads finished
  schedEvs: 1 # Schedule events
  waitEvs: 0 # Wait events
  handoffEvs: 0 # Handoff events
  sleepEvs: 0 # Sleep events
  idlePhases: 0 # Phases with no thread active
  idlePeriods: 0 # Periods with no thread active
  occHist: # Occupancy histogram
   0: 0
   1: 188971
  rqSzHist: # Run queue size histogram
   0: 188971
   1: 0
   2: 0
   3: 0
   4: 0
   5: 0
   6: 0
   7: 0
   8: 0
   9: 0
   10: 0
   11: 0
   12: 0
   13: 0
   14: 0
   15: 0
   16: 0
 procCycles: # Per-process unhalted core cycles
  0: 188971346
  1: 0
  2: 0
  3: 0
  4: 0
  5: 0
  6: 0
  7: 0
  8: 0
  9: 0
  10: 0
  11: 0
  12: 0
  13: 0
  14: 0
  15: 0
  16: 0
  17: 0
  18: 0
  19: 0
  20: 0
  21: 0
  22: 0
  23: 0
  24: 0
  25: 0
  26: 0
  27: 0
  28: 0
  29: 0
  30: 0
  31: 0
  32: 0
  33: 0
  34: 0
  35: 0
  36: 0
  37: 0
  38: 0
  39: 0
  40: 0
  41: 0
  42: 0
  43: 0
  44: 0
  45: 0
  46: 0
  47: 0
  48: 0
  49: 0
  50: 0
  51: 0
  52: 0
  53: 0
  54: 0
  55: 0
  56: 0
  57: 0
  58: 0
  59: 0
  60: 0
  61: 0
  62: 0
  63: 0
 procInstrs: # Per-process instructions
  0: 231022046
  1: 0
  2: 0
  3: 0
  4: 0
  5: 0
  6: 0
  7: 0
  8: 0
  9: 0
  10: 0
  11: 0
  12: 0
  13: 0
  14: 0
  15: 0
  16: 0
  17: 0
  18: 0
  19: 0
  20: 0
  21: 0
  22: 0
  23: 0
  24: 0
  25: 0
  26: 0
  27: 0
  28: 0
  29: 0
  30: 0
  31: 0
  32: 0
  33: 0
  34: 0
  35: 0
  36: 0
  37: 0
  38: 0
  39: 0
  40: 0
  41: 0
  42: 0
  43: 0
  44: 0
  45: 0
  46: 0
  47: 0
  48: 0
  49: 0
  50: 0
  51: 0
  52: 0
  53: 0
  54: 0
  55: 0
  56: 0
  57: 0
  58: 0
  59: 0
  60: 0
  61: 0
  62: 0
  63: 0
 heartbeats: # Per-process heartbeats
  0: 0
  1: 0
  2: 0
  3: 0
  4: 0
  5: 0
  6: 0
  7: 0
  8: 0
  9: 0
  10: 0
  11: 0
  12: 0
  13: 0
  14: 0
  15: 0
  16: 0
  17: 0
  18: 0
  19: 0
  20: 0
  21: 0
  22: 0
  23: 0
  24: 0
  25: 0
  26: 0
  27: 0
  28: 0
  29: 0
  30: 0
  31: 0
  32: 0
  33: 0
  34: 0
  35: 0
  36: 0
  37: 0
  38: 0
  39: 0
  40: 0
  41: 0
  42: 0
  43: 0
  44: 0
  45: 0
  46: 0
  47: 0
  48: 0
  49: 0
  50: 0
  51: 0
  52: 0
  53: 0
  54: 0
  55: 0
  56: 0
  57: 0
  58: 0
  59: 0
  60: 0
  61: 0
  62: 0
  63: 0
===
