# zsim stats
===
root: # Stats
 contention: # Contention simulation stats
  domain-0: # Domain stats
   time: 893959792047 # Weave simulation time
 time: # Simulator time breakdown
  init: 2232172134
  bound: 1335143130038
  weave: 1807824018175
  ff: 8199742
 trigger: 20000 # Reason for this stats dump
 phase: 4066660 # Simulated phases
 core: # Core stats
  core-0: # Core stats
   cycles: 4066660233 # Simulated unhalted cycles
   cCycles: 178130864 # Cycles due to contention stalls
   instrs: 6148305581 # Simulated instructions
   uops: 7169108729 # Retired micro-ops
   branchUops: 507357856 # Retired branch micro-ops
   fpAddSubUops: 0 # Retired floating point add and sub micro-ops
   fpMulDivUops: 0 # Retired floating point mul and div micro-ops
   bbls: 507358620 # Basic blocks
   approxInstrs: 264009927 # Instrs with approx uop decoding
   mispredBranches: 44331874 # Mispredicted branches
   mispredInstrs: 221348380 # Instructions executed in wrong path
   mispredPenalty: 877045553 # Cycles delayed due to branch misprediction
   opExecuted: 0 # cycles with high (more than 3) number of operations executed
   loadStallsTotal: 865672997 # stalls due to load
   storeStallsTotal: 581989290 # stalls due to store
   spatialLocality: 7033 # Spatial Locality times 10000
   temporalLocality: 5510 # Temporal Locality times 10000
 l1d: # Cache stats
  l1d-0: # Filter cache stats
   fhGETS: 2113162866 # Filtered GETS hits
   fhGETX: 864411805 # Filtered GETX hits
   hGETS: 44322426 # GETS hits
   hGETX: 74890574 # GETX hits
   mGETS: 6465309 # GETS misses
   mGETXIM: 2225576 # GETX I->M misses
   mGETXSM: 0 # GETX S->M misses (upgrade misses)
   PUTS: 0 # Clean evictions (from lower level)
   PUTX: 0 # Dirty evictions (from lower level)
   INV: 106 # Invalidates (from upper level)
   INVX: 0 # Downgrades (from upper level)
   FWD: 0 # Forwards (from upper level)
   latGETnl: 241561230 # GET request latency on next level
   latGETnet: 0 # GET request latency on network to next level
   sharedRequests: 0 # Shared Requests
 l1i: # Cache stats
  l1i-0: # Filter cache stats
   fhGETS: 967294837 # Filtered GETS hits
   fhGETX: 0 # Filtered GETX hits
   hGETS: 12013652 # GETS hits
   hGETX: 0 # GETX hits
   mGETS: 38822 # GETS misses
   mGETXIM: 0 # GETX I->M misses
   mGETXSM: 0 # GETX S->M misses (upgrade misses)
   PUTS: 0 # Clean evictions (from lower level)
   PUTX: 0 # Dirty evictions (from lower level)
   INV: 98 # Invalidates (from upper level)
   INVX: 0 # Downgrades (from upper level)
   FWD: 0 # Forwards (from upper level)
   latGETnl: 1049041 # GET request latency on next level
   latGETnet: 0 # GET request latency on network to next level
   sharedRequests: 12013652 # Shared Requests
 l3: # Cache stats
  l3-0: # Timing cache stats
   hGETS: 848865 # GETS hits
   hGETX: 972660 # GETX hits
   mGETS: 5655266 # GETS misses
   mGETXIM: 1252916 # GETX I->M misses
   mGETXSM: 0 # GETX S->M misses (upgrade misses)
   PUTS: 6199102 # Clean evictions (from lower level)
   PUTX: 2528680 # Dirty evictions (from lower level)
   INV: 0 # Invalidates (from upper level)
   INVX: 0 # Downgrades (from upper level)
   FWD: 0 # Forwards (from upper level)
   latGETnl: 6908182 # GET request latency on next level
   latGETnet: 0 # GET request latency on network to next level
   sharedRequests: 76002 # Shared Requests
   occHist: # Occupancy MSHR cycle histogram
    0: 3709880625
    1: 338069167
    2: 6100374
    3: 2468806
    4: 3024218
    5: 2943632
    6: 1912003
    7: 1334999
    8: 433936
    9: 231220
    10: 87865
    11: 58420
    12: 52741
    13: 28070
    14: 13873
    15: 10136
    16: 9915
   latHit: 8789055 # Cumulative latency accesses that hit (demand and non-demand)
   latMissResp: 400537223 # Cumulative latency for miss start to response
   latMiss: 413884818 # Cumulative latency for miss start to finish (free MSHR)
 mem: # Memory controller stats
  mem-0: # Memory controller stats
   rd: 6908168 # Read requests
   wr: 1403485 # Write requests
   rdlat: 213996852 # Total latency experienced by read requests
   wrlat: 58122547 # Total latency experienced by write requests
   reissuedAccesses: 0 # Number of accesses that were reissued due to full queue
 sched: # Scheduler stats
  thCr: 1 # Threads created
  thFn: 1 # Threads finished
  schedEvs: 1 # Schedule events
  waitEvs: 0 # Wait events
  handoffEvs: 0 # Handoff events
  sleepEvs: 0 # Sleep events
  idlePhases: 0 # Phases with no thread active
  idlePeriods: 0 # Periods with no thread active
  occHist: # Occupancy histogram
   0: 0
   1: 4066660
  rqSzHist: # Run queue size histogram
   0: 4066660
   1: 0
   2: 0
   3: 0
   4: 0
   5: 0
   6: 0
   7: 0
   8: 0
   9: 0
   10: 0
   11: 0
   12: 0
   13: 0
   14: 0
   15: 0
   16: 0
 procCycles: # Per-process unhalted core cycles
  0: 4066660233
  1: 0
  2: 0
  3: 0
  4: 0
  5: 0
  6: 0
  7: 0
  8: 0
  9: 0
  10: 0
  11: 0
  12: 0
  13: 0
  14: 0
  15: 0
  16: 0
  17: 0
  18: 0
  19: 0
  20: 0
  21: 0
  22: 0
  23: 0
  24: 0
  25: 0
  26: 0
  27: 0
  28: 0
  29: 0
  30: 0
  31: 0
  32: 0
  33: 0
  34: 0
  35: 0
  36: 0
  37: 0
  38: 0
  39: 0
  40: 0
  41: 0
  42: 0
  43: 0
  44: 0
  45: 0
  46: 0
  47: 0
  48: 0
  49: 0
  50: 0
  51: 0
  52: 0
  53: 0
  54: 0
  55: 0
  56: 0
  57: 0
  58: 0
  59: 0
  60: 0
  61: 0
  62: 0
  63: 0
 procInstrs: # Per-process instructions
  0: 6148305581
  1: 0
  2: 0
  3: 0
  4: 0
  5: 0
  6: 0
  7: 0
  8: 0
  9: 0
  10: 0
  11: 0
  12: 0
  13: 0
  14: 0
  15: 0
  16: 0
  17: 0
  18: 0
  19: 0
  20: 0
  21: 0
  22: 0
  23: 0
  24: 0
  25: 0
  26: 0
  27: 0
  28: 0
  29: 0
  30: 0
  31: 0
  32: 0
  33: 0
  34: 0
  35: 0
  36: 0
  37: 0
  38: 0
  39: 0
  40: 0
  41: 0
  42: 0
  43: 0
  44: 0
  45: 0
  46: 0
  47: 0
  48: 0
  49: 0
  50: 0
  51: 0
  52: 0
  53: 0
  54: 0
  55: 0
  56: 0
  57: 0
  58: 0
  59: 0
  60: 0
  61: 0
  62: 0
  63: 0
 heartbeats: # Per-process heartbeats
  0: 0
  1: 0
  2: 0
  3: 0
  4: 0
  5: 0
  6: 0
  7: 0
  8: 0
  9: 0
  10: 0
  11: 0
  12: 0
  13: 0
  14: 0
  15: 0
  16: 0
  17: 0
  18: 0
  19: 0
  20: 0
  21: 0
  22: 0
  23: 0
  24: 0
  25: 0
  26: 0
  27: 0
  28: 0
  29: 0
  30: 0
  31: 0
  32: 0
  33: 0
  34: 0
  35: 0
  36: 0
  37: 0
  38: 0
  39: 0
  40: 0
  41: 0
  42: 0
  43: 0
  44: 0
  45: 0
  46: 0
  47: 0
  48: 0
  49: 0
  50: 0
  51: 0
  52: 0
  53: 0
  54: 0
  55: 0
  56: 0
  57: 0
  58: 0
  59: 0
  60: 0
  61: 0
  62: 0
  63: 0
===
