# zsim stats
===
root: # Stats
 contention: # Contention simulation stats
  domain-0: # Domain stats
   time: 866601526639 # Weave simulation time
 time: # Simulator time breakdown
  init: 133505578196
  bound: 164301056505
  weave: 1037675260387
  ff: 26085641896
 trigger: 20000 # Reason for this stats dump
 phase: 646822 # Simulated phases
 core: # Core stats
  core-0: # Core stats
   cycles: 646822965 # Simulated unhalted cycles
   cCycles: 138560822 # Cycles due to contention stalls
   instrs: 504849658 # Simulated instructions
   spatialLocality: 5594 # Spatial Locality times 10000
   temporalLocality: 6035 # Temporal Locality times 10000
 l1d: # Cache stats
  l1d-0: # Filter cache stats
   fhGETS: 196588939 # Filtered GETS hits
   fhGETX: 115141316 # Filtered GETX hits
   hGETS: 2849864 # GETS hits
   hGETX: 1935108 # GETX hits
   mGETS: 1313791 # GETS misses
   mGETXIM: 973163 # GETX I->M misses
   mGETXSM: 0 # GETX S->M misses (upgrade misses)
   PUTS: 0 # Clean evictions (from lower level)
   PUTX: 0 # Dirty evictions (from lower level)
   INV: 1870553 # Invalidates (from upper level)
   INVX: 0 # Downgrades (from upper level)
   FWD: 0 # Forwards (from upper level)
   latGETnl: 2286954 # GET request latency on next level
   latGETnet: 0 # GET request latency on network to next level
   sharedRequests: 0 # Shared Requests
 l1i: # Cache stats
  l1i-0: # Filter cache stats
   fhGETS: 88410838 # Filtered GETS hits
   fhGETX: 0 # Filtered GETX hits
   hGETS: 1435073 # GETS hits
   hGETX: 0 # GETX hits
   mGETS: 1125531 # GETS misses
   mGETXIM: 0 # GETX I->M misses
   mGETXSM: 0 # GETX S->M misses (upgrade misses)
   PUTS: 0 # Clean evictions (from lower level)
   PUTX: 0 # Dirty evictions (from lower level)
   INV: 1119271 # Invalidates (from upper level)
   INVX: 0 # Downgrades (from upper level)
   FWD: 0 # Forwards (from upper level)
   latGETnl: 1125531 # GET request latency on next level
   latGETnet: 0 # GET request latency on network to next level
   sharedRequests: 1435073 # Shared Requests
 l3: # Cache stats
  l3-0b0: # Timing cache stats
   hGETS: 0 # GETS hits
   hGETX: 0 # GETX hits
   mGETS: 0 # GETS misses
   mGETXIM: 0 # GETX I->M misses
   mGETXSM: 0 # GETX S->M misses (upgrade misses)
   PUTS: 0 # Clean evictions (from lower level)
   PUTX: 0 # Dirty evictions (from lower level)
   INV: 0 # Invalidates (from upper level)
   INVX: 0 # Downgrades (from upper level)
   FWD: 0 # Forwards (from upper level)
   latGETnl: 0 # GET request latency on next level
   latGETnet: 0 # GET request latency on network to next level
   sharedRequests: 0 # Shared Requests
   occHist: # Occupancy MSHR cycle histogram
    0: 637753196
    1: 8898042
    2: 170650
    3: 109
    4: 3
    5: 0
    6: 0
    7: 0
    8: 0
    9: 0
    10: 0
    11: 0
    12: 0
    13: 0
    14: 0
    15: 0
    16: 0
   latHit: 1510 # Cumulative latency accesses that hit (demand and non-demand)
   latMissResp: 9136058 # Cumulative latency for miss start to response
   latMiss: 9239681 # Cumulative latency for miss start to finish (free MSHR)
  l3-0b1: # Timing cache stats
   hGETS: 0 # GETS hits
   hGETX: 0 # GETX hits
   mGETS: 0 # GETS misses
   mGETXIM: 0 # GETX I->M misses
   mGETXSM: 0 # GETX S->M misses (upgrade misses)
   PUTS: 0 # Clean evictions (from lower level)
   PUTX: 0 # Dirty evictions (from lower level)
   INV: 0 # Invalidates (from upper level)
   INVX: 0 # Downgrades (from upper level)
   FWD: 0 # Forwards (from upper level)
   latGETnl: 0 # GET request latency on next level
   latGETnet: 0 # GET request latency on network to next level
   sharedRequests: 0 # Shared Requests
   occHist: # Occupancy MSHR cycle histogram
    0: 637230315
    1: 9466309
    2: 125307
    3: 69
    4: 0
    5: 0
    6: 0
    7: 0
    8: 0
    9: 0
    10: 0
    11: 0
    12: 0
    13: 0
    14: 0
    15: 0
    16: 0
   latHit: 1752 # Cumulative latency accesses that hit (demand and non-demand)
   latMissResp: 9611252 # Cumulative latency for miss start to response
   latMiss: 9717130 # Cumulative latency for miss start to finish (free MSHR)
  l3-0b2: # Timing cache stats
   hGETS: 0 # GETS hits
   hGETX: 0 # GETX hits
   mGETS: 0 # GETS misses
   mGETXIM: 0 # GETX I->M misses
   mGETXSM: 0 # GETX S->M misses (upgrade misses)
   PUTS: 0 # Clean evictions (from lower level)
   PUTX: 0 # Dirty evictions (from lower level)
   INV: 0 # Invalidates (from upper level)
   INVX: 0 # Downgrades (from upper level)
   FWD: 0 # Forwards (from upper level)
   latGETnl: 0 # GET request latency on next level
   latGETnet: 0 # GET request latency on network to next level
   sharedRequests: 0 # Shared Requests
   occHist: # Occupancy MSHR cycle histogram
    0: 638239050
    1: 8406684
    2: 176004
    3: 262
    4: 0
    5: 0
    6: 0
    7: 0
    8: 0
    9: 0
    10: 0
    11: 0
    12: 0
    13: 0
    14: 0
    15: 0
    16: 0
   latHit: 1524 # Cumulative latency accesses that hit (demand and non-demand)
   latMissResp: 8654111 # Cumulative latency for miss start to response
   latMiss: 8759478 # Cumulative latency for miss start to finish (free MSHR)
  l3-0b3: # Timing cache stats
   hGETS: 0 # GETS hits
   hGETX: 0 # GETX hits
   mGETS: 0 # GETS misses
   mGETXIM: 0 # GETX I->M misses
   mGETXSM: 0 # GETX S->M misses (upgrade misses)
   PUTS: 0 # Clean evictions (from lower level)
   PUTX: 0 # Dirty evictions (from lower level)
   INV: 0 # Invalidates (from upper level)
   INVX: 0 # Downgrades (from upper level)
   FWD: 0 # Forwards (from upper level)
   latGETnl: 0 # GET request latency on next level
   latGETnet: 0 # GET request latency on network to next level
   sharedRequests: 0 # Shared Requests
   occHist: # Occupancy MSHR cycle histogram
    0: 635988393
    1: 10726972
    2: 106366
    3: 269
    4: 0
    5: 0
    6: 0
    7: 0
    8: 0
    9: 0
    10: 0
    11: 0
    12: 0
    13: 0
    14: 0
    15: 0
    16: 0
   latHit: 1235 # Cumulative latency accesses that hit (demand and non-demand)
   latMissResp: 10797543 # Cumulative latency for miss start to response
   latMiss: 10940511 # Cumulative latency for miss start to finish (free MSHR)
  l3-0b4: # Timing cache stats
   hGETS: 0 # GETS hits
   hGETX: 0 # GETX hits
   mGETS: 0 # GETS misses
   mGETXIM: 0 # GETX I->M misses
   mGETXSM: 0 # GETX S->M misses (upgrade misses)
   PUTS: 0 # Clean evictions (from lower level)
   PUTX: 0 # Dirty evictions (from lower level)
   INV: 0 # Invalidates (from upper level)
   INVX: 0 # Downgrades (from upper level)
   FWD: 0 # Forwards (from upper level)
   latGETnl: 0 # GET request latency on next level
   latGETnet: 0 # GET request latency on network to next level
   sharedRequests: 0 # Shared Requests
   occHist: # Occupancy MSHR cycle histogram
    0: 637622433
    1: 9091690
    2: 107734
    3: 143
    4: 0
    5: 0
    6: 0
    7: 0
    8: 0
    9: 0
    10: 0
    11: 0
    12: 0
    13: 0
    14: 0
    15: 0
    16: 0
   latHit: 1164 # Cumulative latency accesses that hit (demand and non-demand)
   latMissResp: 9188846 # Cumulative latency for miss start to response
   latMiss: 9307587 # Cumulative latency for miss start to finish (free MSHR)
  l3-0b5: # Timing cache stats
   hGETS: 0 # GETS hits
   hGETX: 0 # GETX hits
   mGETS: 0 # GETS misses
   mGETXIM: 0 # GETX I->M misses
   mGETXSM: 0 # GETX S->M misses (upgrade misses)
   PUTS: 0 # Clean evictions (from lower level)
   PUTX: 0 # Dirty evictions (from lower level)
   INV: 0 # Invalidates (from upper level)
   INVX: 0 # Downgrades (from upper level)
   FWD: 0 # Forwards (from upper level)
   latGETnl: 0 # GET request latency on next level
   latGETnet: 0 # GET request latency on network to next level
   sharedRequests: 0 # Shared Requests
   occHist: # Occupancy MSHR cycle histogram
    0: 637232614
    1: 9505604
    2: 83765
    3: 17
    4: 0
    5: 0
    6: 0
    7: 0
    8: 0
    9: 0
    10: 0
    11: 0
    12: 0
    13: 0
    14: 0
    15: 0
    16: 0
   latHit: 1391 # Cumulative latency accesses that hit (demand and non-demand)
   latMissResp: 9552375 # Cumulative latency for miss start to response
   latMiss: 9673185 # Cumulative latency for miss start to finish (free MSHR)
  l3-0b6: # Timing cache stats
   hGETS: 0 # GETS hits
   hGETX: 0 # GETX hits
   mGETS: 0 # GETS misses
   mGETXIM: 0 # GETX I->M misses
   mGETXSM: 0 # GETX S->M misses (upgrade misses)
   PUTS: 0 # Clean evictions (from lower level)
   PUTX: 0 # Dirty evictions (from lower level)
   INV: 0 # Invalidates (from upper level)
   INVX: 0 # Downgrades (from upper level)
   FWD: 0 # Forwards (from upper level)
   latGETnl: 0 # GET request latency on next level
   latGETnet: 0 # GET request latency on network to next level
   sharedRequests: 0 # Shared Requests
   occHist: # Occupancy MSHR cycle histogram
    0: 636852458
    1: 9869153
    2: 100358
    3: 31
    4: 0
    5: 0
    6: 0
    7: 0
    8: 0
    9: 0
    10: 0
    11: 0
    12: 0
    13: 0
    14: 0
    15: 0
    16: 0
   latHit: 1600 # Cumulative latency accesses that hit (demand and non-demand)
   latMissResp: 9942879 # Cumulative latency for miss start to response
   latMiss: 10069962 # Cumulative latency for miss start to finish (free MSHR)
  l3-0b7: # Timing cache stats
   hGETS: 0 # GETS hits
   hGETX: 0 # GETX hits
   mGETS: 0 # GETS misses
   mGETXIM: 0 # GETX I->M misses
   mGETXSM: 0 # GETX S->M misses (upgrade misses)
   PUTS: 0 # Clean evictions (from lower level)
   PUTX: 0 # Dirty evictions (from lower level)
   INV: 0 # Invalidates (from upper level)
   INVX: 0 # Downgrades (from upper level)
   FWD: 0 # Forwards (from upper level)
   latGETnl: 0 # GET request latency on next level
   latGETnet: 0 # GET request latency on network to next level
   sharedRequests: 0 # Shared Requests
   occHist: # Occupancy MSHR cycle histogram
    0: 637702869
    1: 9018513
    2: 100546
    3: 72
    4: 0
    5: 0
    6: 0
    7: 0
    8: 0
    9: 0
    10: 0
    11: 0
    12: 0
    13: 0
    14: 0
    15: 0
    16: 0
   latHit: 1673 # Cumulative latency accesses that hit (demand and non-demand)
   latMissResp: 9089966 # Cumulative latency for miss start to response
   latMiss: 9219821 # Cumulative latency for miss start to finish (free MSHR)
  l3-0b8: # Timing cache stats
   hGETS: 0 # GETS hits
   hGETX: 0 # GETX hits
   mGETS: 0 # GETS misses
   mGETXIM: 0 # GETX I->M misses
   mGETXSM: 0 # GETX S->M misses (upgrade misses)
   PUTS: 0 # Clean evictions (from lower level)
   PUTX: 0 # Dirty evictions (from lower level)
   INV: 0 # Invalidates (from upper level)
   INVX: 0 # Downgrades (from upper level)
   FWD: 0 # Forwards (from upper level)
   latGETnl: 0 # GET request latency on next level
   latGETnet: 0 # GET request latency on network to next level
   sharedRequests: 0 # Shared Requests
   occHist: # Occupancy MSHR cycle histogram
    0: 636392265
    1: 10321503
    2: 108153
    3: 79
    4: 0
    5: 0
    6: 0
    7: 0
    8: 0
    9: 0
    10: 0
    11: 0
    12: 0
    13: 0
    14: 0
    15: 0
    16: 0
   latHit: 1437 # Cumulative latency accesses that hit (demand and non-demand)
   latMissResp: 10402093 # Cumulative latency for miss start to response
   latMiss: 10538046 # Cumulative latency for miss start to finish (free MSHR)
  l3-0b9: # Timing cache stats
   hGETS: 0 # GETS hits
   hGETX: 0 # GETX hits
   mGETS: 0 # GETS misses
   mGETXIM: 0 # GETX I->M misses
   mGETXSM: 0 # GETX S->M misses (upgrade misses)
   PUTS: 0 # Clean evictions (from lower level)
   PUTX: 0 # Dirty evictions (from lower level)
   INV: 0 # Invalidates (from upper level)
   INVX: 0 # Downgrades (from upper level)
   FWD: 0 # Forwards (from upper level)
   latGETnl: 0 # GET request latency on next level
   latGETnet: 0 # GET request latency on network to next level
   sharedRequests: 0 # Shared Requests
   occHist: # Occupancy MSHR cycle histogram
    0: 636658678
    1: 10080071
    2: 83216
    3: 35
    4: 0
    5: 0
    6: 0
    7: 0
    8: 0
    9: 0
    10: 0
    11: 0
    12: 0
    13: 0
    14: 0
    15: 0
    16: 0
   latHit: 1514 # Cumulative latency accesses that hit (demand and non-demand)
   latMissResp: 10133797 # Cumulative latency for miss start to response
   latMiss: 10246608 # Cumulative latency for miss start to finish (free MSHR)
  l3-0b10: # Timing cache stats
   hGETS: 0 # GETS hits
   hGETX: 0 # GETX hits
   mGETS: 0 # GETS misses
   mGETXIM: 0 # GETX I->M misses
   mGETXSM: 0 # GETX S->M misses (upgrade misses)
   PUTS: 0 # Clean evictions (from lower level)
   PUTX: 0 # Dirty evictions (from lower level)
   INV: 0 # Invalidates (from upper level)
   INVX: 0 # Downgrades (from upper level)
   FWD: 0 # Forwards (from upper level)
   latGETnl: 0 # GET request latency on next level
   latGETnet: 0 # GET request latency on network to next level
   sharedRequests: 0 # Shared Requests
   occHist: # Occupancy MSHR cycle histogram
    0: 638411559
    1: 8238111
    2: 172135
    3: 195
    4: 0
    5: 0
    6: 0
    7: 0
    8: 0
    9: 0
    10: 0
    11: 0
    12: 0
    13: 0
    14: 0
    15: 0
    16: 0
   latHit: 1844 # Cumulative latency accesses that hit (demand and non-demand)
   latMissResp: 8433455 # Cumulative latency for miss start to response
   latMiss: 8582966 # Cumulative latency for miss start to finish (free MSHR)
  l3-0b11: # Timing cache stats
   hGETS: 0 # GETS hits
   hGETX: 0 # GETX hits
   mGETS: 0 # GETS misses
   mGETXIM: 0 # GETX I->M misses
   mGETXSM: 0 # GETX S->M misses (upgrade misses)
   PUTS: 0 # Clean evictions (from lower level)
   PUTX: 0 # Dirty evictions (from lower level)
   INV: 0 # Invalidates (from upper level)
   INVX: 0 # Downgrades (from upper level)
   FWD: 0 # Forwards (from upper level)
   latGETnl: 0 # GET request latency on next level
   latGETnet: 0 # GET request latency on network to next level
   sharedRequests: 0 # Shared Requests
   occHist: # Occupancy MSHR cycle histogram
    0: 637857525
    1: 8812542
    2: 151619
    3: 314
    4: 0
    5: 0
    6: 0
    7: 0
    8: 0
    9: 0
    10: 0
    11: 0
    12: 0
    13: 0
    14: 0
    15: 0
    16: 0
   latHit: 1571 # Cumulative latency accesses that hit (demand and non-demand)
   latMissResp: 9006874 # Cumulative latency for miss start to response
   latMiss: 9116722 # Cumulative latency for miss start to finish (free MSHR)
  l3-0b12: # Timing cache stats
   hGETS: 0 # GETS hits
   hGETX: 0 # GETX hits
   mGETS: 0 # GETS misses
   mGETXIM: 0 # GETX I->M misses
   mGETXSM: 0 # GETX S->M misses (upgrade misses)
   PUTS: 0 # Clean evictions (from lower level)
   PUTX: 0 # Dirty evictions (from lower level)
   INV: 0 # Invalidates (from upper level)
   INVX: 0 # Downgrades (from upper level)
   FWD: 0 # Forwards (from upper level)
   latGETnl: 0 # GET request latency on next level
   latGETnet: 0 # GET request latency on network to next level
   sharedRequests: 0 # Shared Requests
   occHist: # Occupancy MSHR cycle histogram
    0: 638488712
    1: 8198774
    2: 134358
    3: 156
    4: 0
    5: 0
    6: 0
    7: 0
    8: 0
    9: 0
    10: 0
    11: 0
    12: 0
    13: 0
    14: 0
    15: 0
    16: 0
   latHit: 1259 # Cumulative latency accesses that hit (demand and non-demand)
   latMissResp: 8355867 # Cumulative latency for miss start to response
   latMiss: 8467958 # Cumulative latency for miss start to finish (free MSHR)
  l3-0b13: # Timing cache stats
   hGETS: 0 # GETS hits
   hGETX: 0 # GETX hits
   mGETS: 0 # GETS misses
   mGETXIM: 0 # GETX I->M misses
   mGETXSM: 0 # GETX S->M misses (upgrade misses)
   PUTS: 0 # Clean evictions (from lower level)
   PUTX: 0 # Dirty evictions (from lower level)
   INV: 0 # Invalidates (from upper level)
   INVX: 0 # Downgrades (from upper level)
   FWD: 0 # Forwards (from upper level)
   latGETnl: 0 # GET request latency on next level
   latGETnet: 0 # GET request latency on network to next level
   sharedRequests: 0 # Shared Requests
   occHist: # Occupancy MSHR cycle histogram
    0: 635677744
    1: 11068549
    2: 75685
    3: 22
    4: 0
    5: 0
    6: 0
    7: 0
    8: 0
    9: 0
    10: 0
    11: 0
    12: 0
    13: 0
    14: 0
    15: 0
    16: 0
   latHit: 949 # Cumulative latency accesses that hit (demand and non-demand)
   latMissResp: 11092950 # Cumulative latency for miss start to response
   latMiss: 11219985 # Cumulative latency for miss start to finish (free MSHR)
  l3-0b14: # Timing cache stats
   hGETS: 0 # GETS hits
   hGETX: 0 # GETX hits
   mGETS: 0 # GETS misses
   mGETXIM: 0 # GETX I->M misses
   mGETXSM: 0 # GETX S->M misses (upgrade misses)
   PUTS: 0 # Clean evictions (from lower level)
   PUTX: 0 # Dirty evictions (from lower level)
   INV: 0 # Invalidates (from upper level)
   INVX: 0 # Downgrades (from upper level)
   FWD: 0 # Forwards (from upper level)
   latGETnl: 0 # GET request latency on next level
   latGETnet: 0 # GET request latency on network to next level
   sharedRequests: 0 # Shared Requests
   occHist: # Occupancy MSHR cycle histogram
    0: 638322373
    1: 8363706
    2: 135881
    3: 40
    4: 0
    5: 0
    6: 0
    7: 0
    8: 0
    9: 0
    10: 0
    11: 0
    12: 0
    13: 0
    14: 0
    15: 0
    16: 0
   latHit: 1586 # Cumulative latency accesses that hit (demand and non-demand)
   latMissResp: 8512911 # Cumulative latency for miss start to response
   latMiss: 8635588 # Cumulative latency for miss start to finish (free MSHR)
  l3-0b15: # Timing cache stats
   hGETS: 0 # GETS hits
   hGETX: 0 # GETX hits
   mGETS: 0 # GETS misses
   mGETXIM: 0 # GETX I->M misses
   mGETXSM: 0 # GETX S->M misses (upgrade misses)
   PUTS: 0 # Clean evictions (from lower level)
   PUTX: 0 # Dirty evictions (from lower level)
   INV: 0 # Invalidates (from upper level)
   INVX: 0 # Downgrades (from upper level)
   FWD: 0 # Forwards (from upper level)
   latGETnl: 0 # GET request latency on next level
   latGETnet: 0 # GET request latency on network to next level
   sharedRequests: 0 # Shared Requests
   occHist: # Occupancy MSHR cycle histogram
    0: 638388026
    1: 8293437
    2: 140462
    3: 75
    4: 0
    5: 0
    6: 0
    7: 0
    8: 0
    9: 0
    10: 0
    11: 0
    12: 0
    13: 0
    14: 0
    15: 0
    16: 0
   latHit: 1834 # Cumulative latency accesses that hit (demand and non-demand)
   latMissResp: 8452716 # Cumulative latency for miss start to response
   latMiss: 8574586 # Cumulative latency for miss start to finish (free MSHR)
 mem: # Memory controller stats
  mem-0: # Memory controller stats
   rd: 3412390 # Read requests
   wr: 1007519 # Write requests
   rdlat: 141973211 # Total latency experienced by read requests
   wrlat: 32763794 # Total latency experienced by write requests
   reissuedAccesses: 0 # Number of accesses that were reissued due to full queue
 sched: # Scheduler stats
  thCr: 1 # Threads created
  thFn: 1 # Threads finished
  schedEvs: 1 # Schedule events
  waitEvs: 0 # Wait events
  handoffEvs: 0 # Handoff events
  sleepEvs: 0 # Sleep events
  idlePhases: 0 # Phases with no thread active
  idlePeriods: 0 # Periods with no thread active
  occHist: # Occupancy histogram
   0: 0
   1: 646822
  rqSzHist: # Run queue size histogram
   0: 646822
   1: 0
   2: 0
   3: 0
   4: 0
   5: 0
   6: 0
   7: 0
   8: 0
   9: 0
   10: 0
   11: 0
   12: 0
   13: 0
   14: 0
   15: 0
   16: 0
 procCycles: # Per-process unhalted core cycles
  0: 646822965
  1: 0
  2: 0
  3: 0
  4: 0
  5: 0
  6: 0
  7: 0
  8: 0
  9: 0
  10: 0
  11: 0
  12: 0
  13: 0
  14: 0
  15: 0
  16: 0
  17: 0
  18: 0
  19: 0
  20: 0
  21: 0
  22: 0
  23: 0
  24: 0
  25: 0
  26: 0
  27: 0
  28: 0
  29: 0
  30: 0
  31: 0
  32: 0
  33: 0
  34: 0
  35: 0
  36: 0
  37: 0
  38: 0
  39: 0
  40: 0
  41: 0
  42: 0
  43: 0
  44: 0
  45: 0
  46: 0
  47: 0
  48: 0
  49: 0
  50: 0
  51: 0
  52: 0
  53: 0
  54: 0
  55: 0
  56: 0
  57: 0
  58: 0
  59: 0
  60: 0
  61: 0
  62: 0
  63: 0
 procInstrs: # Per-process instructions
  0: 504849658
  1: 0
  2: 0
  3: 0
  4: 0
  5: 0
  6: 0
  7: 0
  8: 0
  9: 0
  10: 0
  11: 0
  12: 0
  13: 0
  14: 0
  15: 0
  16: 0
  17: 0
  18: 0
  19: 0
  20: 0
  21: 0
  22: 0
  23: 0
  24: 0
  25: 0
  26: 0
  27: 0
  28: 0
  29: 0
  30: 0
  31: 0
  32: 0
  33: 0
  34: 0
  35: 0
  36: 0
  37: 0
  38: 0
  39: 0
  40: 0
  41: 0
  42: 0
  43: 0
  44: 0
  45: 0
  46: 0
  47: 0
  48: 0
  49: 0
  50: 0
  51: 0
  52: 0
  53: 0
  54: 0
  55: 0
  56: 0
  57: 0
  58: 0
  59: 0
  60: 0
  61: 0
  62: 0
  63: 0
 heartbeats: # Per-process heartbeats
  0: 0
  1: 0
  2: 0
  3: 0
  4: 0
  5: 0
  6: 0
  7: 0
  8: 0
  9: 0
  10: 0
  11: 0
  12: 0
  13: 0
  14: 0
  15: 0
  16: 0
  17: 0
  18: 0
  19: 0
  20: 0
  21: 0
  22: 0
  23: 0
  24: 0
  25: 0
  26: 0
  27: 0
  28: 0
  29: 0
  30: 0
  31: 0
  32: 0
  33: 0
  34: 0
  35: 0
  36: 0
  37: 0
  38: 0
  39: 0
  40: 0
  41: 0
  42: 0
  43: 0
  44: 0
  45: 0
  46: 0
  47: 0
  48: 0
  49: 0
  50: 0
  51: 0
  52: 0
  53: 0
  54: 0
  55: 0
  56: 0
  57: 0
  58: 0
  59: 0
  60: 0
  61: 0
  62: 0
  63: 0
===
