# zsim stats
===
root: # Stats
 contention: # Contention simulation stats
  domain-0: # Domain stats
   time: 1930476005712 # Weave simulation time
 time: # Simulator time breakdown
  init: 2231571509
  bound: 4030516635543
  weave: 4290417518275
  ff: 8690646
 trigger: 20000 # Reason for this stats dump
 phase: 9624289 # Simulated phases
 core: # Core stats
  core-0: # Core stats
   cycles: 9624289281 # Simulated unhalted cycles
   cCycles: 202087661 # Cycles due to contention stalls
   instrs: 15735509945 # Simulated instructions
   uops: 21507680669 # Retired micro-ops
   branchUops: 2802538792 # Retired branch micro-ops
   fpAddSubUops: 0 # Retired floating point add and sub micro-ops
   fpMulDivUops: 0 # Retired floating point mul and div micro-ops
   bbls: 2802539588 # Basic blocks
   approxInstrs: 215309326 # Instrs with approx uop decoding
   mispredBranches: 39353005 # Mispredicted branches
   mispredInstrs: 191417418 # Instructions executed in wrong path
   mispredPenalty: 740852098 # Cycles delayed due to branch misprediction
   opExecuted: 0 # cycles with high (more than 3) number of operations executed
   loadStallsTotal: 3434488004 # stalls due to load
   storeStallsTotal: 2045168300 # stalls due to store
   spatialLocality: 5089 # Spatial Locality times 10000
   temporalLocality: 7042 # Temporal Locality times 10000
 l1d: # Cache stats
  l1d-0: # Filter cache stats
   fhGETS: 6298223158 # Filtered GETS hits
   fhGETX: 3839964519 # Filtered GETX hits
   hGETS: 65491938 # GETS hits
   hGETX: 77546327 # GETX hits
   mGETS: 6044039 # GETS misses
   mGETXIM: 1464284 # GETX I->M misses
   mGETXSM: 0 # GETX S->M misses (upgrade misses)
   PUTS: 0 # Clean evictions (from lower level)
   PUTX: 0 # Dirty evictions (from lower level)
   INV: 6 # Invalidates (from upper level)
   INVX: 0 # Downgrades (from upper level)
   FWD: 0 # Forwards (from upper level)
   latGETnl: 209670427 # GET request latency on next level
   latGETnet: 0 # GET request latency on network to next level
   sharedRequests: 0 # Shared Requests
 l1i: # Cache stats
  l1i-0: # Filter cache stats
   fhGETS: 3267204772 # Filtered GETS hits
   fhGETX: 0 # Filtered GETX hits
   hGETS: 22375726 # GETS hits
   hGETX: 0 # GETX hits
   mGETS: 680146 # GETS misses
   mGETXIM: 0 # GETX I->M misses
   mGETXSM: 0 # GETX S->M misses (upgrade misses)
   PUTS: 0 # Clean evictions (from lower level)
   PUTX: 0 # Dirty evictions (from lower level)
   INV: 5 # Invalidates (from upper level)
   INVX: 0 # Downgrades (from upper level)
   FWD: 0 # Forwards (from upper level)
   latGETnl: 18365123 # GET request latency on next level
   latGETnet: 0 # GET request latency on network to next level
   sharedRequests: 22375726 # Shared Requests
 l3: # Cache stats
  l3-0: # Timing cache stats
   hGETS: 1075872 # GETS hits
   hGETX: 165710 # GETX hits
   mGETS: 5648313 # GETS misses
   mGETXIM: 1298574 # GETX I->M misses
   mGETXSM: 0 # GETX S->M misses (upgrade misses)
   PUTS: 6537090 # Clean evictions (from lower level)
   PUTX: 1649536 # Dirty evictions (from lower level)
   INV: 0 # Invalidates (from upper level)
   INVX: 0 # Downgrades (from upper level)
   FWD: 0 # Forwards (from upper level)
   latGETnl: 6946887 # GET request latency on next level
   latGETnet: 0 # GET request latency on network to next level
   sharedRequests: 1358298 # Shared Requests
   occHist: # Occupancy MSHR cycle histogram
    0: 9242982003
    1: 363476154
    2: 4729708
    3: 3076005
    4: 3260469
    5: 2872674
    6: 1595042
    7: 1383420
    8: 358040
    9: 192084
    10: 126242
    11: 80205
    12: 76124
    13: 41067
    14: 14857
    15: 10851
    16: 14055
   latHit: 8271365 # Cumulative latency accesses that hit (demand and non-demand)
   latMissResp: 423415372 # Cumulative latency for miss start to response
   latMiss: 437603718 # Cumulative latency for miss start to finish (free MSHR)
 mem: # Memory controller stats
  mem-0: # Memory controller stats
   rd: 6946865 # Read requests
   wr: 1446856 # Write requests
   rdlat: 235816223 # Total latency experienced by read requests
   wrlat: 64813165 # Total latency experienced by write requests
   reissuedAccesses: 0 # Number of accesses that were reissued due to full queue
 sched: # Scheduler stats
  thCr: 1 # Threads created
  thFn: 1 # Threads finished
  schedEvs: 1 # Schedule events
  waitEvs: 0 # Wait events
  handoffEvs: 0 # Handoff events
  sleepEvs: 0 # Sleep events
  idlePhases: 0 # Phases with no thread active
  idlePeriods: 0 # Periods with no thread active
  occHist: # Occupancy histogram
   0: 0
   1: 9624289
  rqSzHist: # Run queue size histogram
   0: 9624289
   1: 0
   2: 0
   3: 0
   4: 0
   5: 0
   6: 0
   7: 0
   8: 0
   9: 0
   10: 0
   11: 0
   12: 0
   13: 0
   14: 0
   15: 0
   16: 0
 procCycles: # Per-process unhalted core cycles
  0: 9624289281
  1: 0
  2: 0
  3: 0
  4: 0
  5: 0
  6: 0
  7: 0
  8: 0
  9: 0
  10: 0
  11: 0
  12: 0
  13: 0
  14: 0
  15: 0
  16: 0
  17: 0
  18: 0
  19: 0
  20: 0
  21: 0
  22: 0
  23: 0
  24: 0
  25: 0
  26: 0
  27: 0
  28: 0
  29: 0
  30: 0
  31: 0
  32: 0
  33: 0
  34: 0
  35: 0
  36: 0
  37: 0
  38: 0
  39: 0
  40: 0
  41: 0
  42: 0
  43: 0
  44: 0
  45: 0
  46: 0
  47: 0
  48: 0
  49: 0
  50: 0
  51: 0
  52: 0
  53: 0
  54: 0
  55: 0
  56: 0
  57: 0
  58: 0
  59: 0
  60: 0
  61: 0
  62: 0
  63: 0
 procInstrs: # Per-process instructions
  0: 15735509945
  1: 0
  2: 0
  3: 0
  4: 0
  5: 0
  6: 0
  7: 0
  8: 0
  9: 0
  10: 0
  11: 0
  12: 0
  13: 0
  14: 0
  15: 0
  16: 0
  17: 0
  18: 0
  19: 0
  20: 0
  21: 0
  22: 0
  23: 0
  24: 0
  25: 0
  26: 0
  27: 0
  28: 0
  29: 0
  30: 0
  31: 0
  32: 0
  33: 0
  34: 0
  35: 0
  36: 0
  37: 0
  38: 0
  39: 0
  40: 0
  41: 0
  42: 0
  43: 0
  44: 0
  45: 0
  46: 0
  47: 0
  48: 0
  49: 0
  50: 0
  51: 0
  52: 0
  53: 0
  54: 0
  55: 0
  56: 0
  57: 0
  58: 0
  59: 0
  60: 0
  61: 0
  62: 0
  63: 0
 heartbeats: # Per-process heartbeats
  0: 0
  1: 0
  2: 0
  3: 0
  4: 0
  5: 0
  6: 0
  7: 0
  8: 0
  9: 0
  10: 0
  11: 0
  12: 0
  13: 0
  14: 0
  15: 0
  16: 0
  17: 0
  18: 0
  19: 0
  20: 0
  21: 0
  22: 0
  23: 0
  24: 0
  25: 0
  26: 0
  27: 0
  28: 0
  29: 0
  30: 0
  31: 0
  32: 0
  33: 0
  34: 0
  35: 0
  36: 0
  37: 0
  38: 0
  39: 0
  40: 0
  41: 0
  42: 0
  43: 0
  44: 0
  45: 0
  46: 0
  47: 0
  48: 0
  49: 0
  50: 0
  51: 0
  52: 0
  53: 0
  54: 0
  55: 0
  56: 0
  57: 0
  58: 0
  59: 0
  60: 0
  61: 0
  62: 0
  63: 0
===
