# zsim stats
===
root: # Stats
 contention: # Contention simulation stats
  domain-0: # Domain stats
   time: 4384443439258 # Weave simulation time
 time: # Simulator time breakdown
  init: 3986879510
  bound: 8349668447773
  weave: 7760274593525
  ff: 6145902
 trigger: 20000 # Reason for this stats dump
 phase: 22610222 # Simulated phases
 core: # Core stats
  core-0: # Core stats
   cycles: 22610222088 # Simulated unhalted cycles
   cCycles: 462128264 # Cycles due to contention stalls
   instrs: 37160097245 # Simulated instructions
   uops: 50776839507 # Retired micro-ops
   branchUops: 6577292176 # Retired branch micro-ops
   fpAddSubUops: 0 # Retired floating point add and sub micro-ops
   fpMulDivUops: 0 # Retired floating point mul and div micro-ops
   bbls: 6577294104 # Basic blocks
   approxInstrs: 497066116 # Instrs with approx uop decoding
   mispredBranches: 90592423 # Mispredicted branches
   mispredInstrs: 440651088 # Instructions executed in wrong path
   mispredPenalty: 1704721064 # Cycles delayed due to branch misprediction
   opExecuted: 0 # cycles with high (more than 3) number of operations executed
   loadStallsTotal: 7882227321 # stalls due to load
   storeStallsTotal: 4624020439 # stalls due to store
   spatialLocality: 5122 # Spatial Locality times 10000
   temporalLocality: 7007 # Temporal Locality times 10000
 l1d: # Cache stats
  l1d-0: # Filter cache stats
   fhGETS: 14934027353 # Filtered GETS hits
   fhGETX: 9085030622 # Filtered GETX hits
   hGETS: 152241318 # GETS hits
   hGETX: 174308960 # GETX hits
   mGETS: 13597098 # GETS misses
   mGETXIM: 3403529 # GETX I->M misses
   mGETXSM: 0 # GETX S->M misses (upgrade misses)
   PUTS: 0 # Clean evictions (from lower level)
   PUTX: 0 # Dirty evictions (from lower level)
   INV: 3 # Invalidates (from upper level)
   INVX: 0 # Downgrades (from upper level)
   FWD: 0 # Forwards (from upper level)
   latGETnl: 474777692 # GET request latency on next level
   latGETnet: 0 # GET request latency on network to next level
   sharedRequests: 0 # Shared Requests
 l1i: # Cache stats
  l1i-0: # Filter cache stats
   fhGETS: 7680756869 # Filtered GETS hits
   fhGETX: 0 # Filtered GETX hits
   hGETS: 48455863 # GETS hits
   hGETX: 0 # GETX hits
   mGETS: 1439725 # GETS misses
   mGETXIM: 0 # GETX I->M misses
   mGETXSM: 0 # GETX S->M misses (upgrade misses)
   PUTS: 0 # Clean evictions (from lower level)
   PUTX: 0 # Dirty evictions (from lower level)
   INV: 2 # Invalidates (from upper level)
   INVX: 0 # Downgrades (from upper level)
   FWD: 0 # Forwards (from upper level)
   latGETnl: 38874134 # GET request latency on next level
   latGETnet: 0 # GET request latency on network to next level
   sharedRequests: 48455863 # Shared Requests
 l3: # Cache stats
  l3-0: # Timing cache stats
   hGETS: 2306293 # GETS hits
   hGETX: 371737 # GETX hits
   mGETS: 12730530 # GETS misses
   mGETXIM: 3031792 # GETX I->M misses
   mGETXSM: 0 # GETX S->M misses (upgrade misses)
   PUTS: 14630434 # Clean evictions (from lower level)
   PUTX: 3808105 # Dirty evictions (from lower level)
   INV: 0 # Invalidates (from upper level)
   INVX: 0 # Downgrades (from upper level)
   FWD: 0 # Forwards (from upper level)
   latGETnl: 15762322 # GET request latency on next level
   latGETnet: 0 # GET request latency on network to next level
   sharedRequests: 2877105 # Shared Requests
   occHist: # Occupancy MSHR cycle histogram
    0: 21741337538
    1: 827175937
    2: 11501534
    3: 7196331
    4: 7585740
    5: 4480185
    6: 3716628
    7: 3794038
    8: 1703628
    9: 580202
    10: 332507
    11: 254740
    12: 224825
    13: 153072
    14: 78024
    15: 49527
    16: 57544
   latHit: 18651127 # Cumulative latency accesses that hit (demand and non-demand)
   latMissResp: 968583861 # Cumulative latency for miss start to response
   latMiss: 1005791640 # Cumulative latency for miss start to finish (free MSHR)
 mem: # Memory controller stats
  mem-0: # Memory controller stats
   rd: 15762313 # Read requests
   wr: 3378390 # Write requests
   rdlat: 542936711 # Total latency experienced by read requests
   wrlat: 157061642 # Total latency experienced by write requests
   reissuedAccesses: 0 # Number of accesses that were reissued due to full queue
 sched: # Scheduler stats
  thCr: 1 # Threads created
  thFn: 1 # Threads finished
  schedEvs: 1 # Schedule events
  waitEvs: 0 # Wait events
  handoffEvs: 0 # Handoff events
  sleepEvs: 0 # Sleep events
  idlePhases: 0 # Phases with no thread active
  idlePeriods: 0 # Periods with no thread active
  occHist: # Occupancy histogram
   0: 0
   1: 22610222
  rqSzHist: # Run queue size histogram
   0: 22610222
   1: 0
   2: 0
   3: 0
   4: 0
   5: 0
   6: 0
   7: 0
   8: 0
   9: 0
   10: 0
   11: 0
   12: 0
   13: 0
   14: 0
   15: 0
   16: 0
 procCycles: # Per-process unhalted core cycles
  0: 22610222088
  1: 0
  2: 0
  3: 0
  4: 0
  5: 0
  6: 0
  7: 0
  8: 0
  9: 0
  10: 0
  11: 0
  12: 0
  13: 0
  14: 0
  15: 0
  16: 0
  17: 0
  18: 0
  19: 0
  20: 0
  21: 0
  22: 0
  23: 0
  24: 0
  25: 0
  26: 0
  27: 0
  28: 0
  29: 0
  30: 0
  31: 0
  32: 0
  33: 0
  34: 0
  35: 0
  36: 0
  37: 0
  38: 0
  39: 0
  40: 0
  41: 0
  42: 0
  43: 0
  44: 0
  45: 0
  46: 0
  47: 0
  48: 0
  49: 0
  50: 0
  51: 0
  52: 0
  53: 0
  54: 0
  55: 0
  56: 0
  57: 0
  58: 0
  59: 0
  60: 0
  61: 0
  62: 0
  63: 0
 procInstrs: # Per-process instructions
  0: 37160097245
  1: 0
  2: 0
  3: 0
  4: 0
  5: 0
  6: 0
  7: 0
  8: 0
  9: 0
  10: 0
  11: 0
  12: 0
  13: 0
  14: 0
  15: 0
  16: 0
  17: 0
  18: 0
  19: 0
  20: 0
  21: 0
  22: 0
  23: 0
  24: 0
  25: 0
  26: 0
  27: 0
  28: 0
  29: 0
  30: 0
  31: 0
  32: 0
  33: 0
  34: 0
  35: 0
  36: 0
  37: 0
  38: 0
  39: 0
  40: 0
  41: 0
  42: 0
  43: 0
  44: 0
  45: 0
  46: 0
  47: 0
  48: 0
  49: 0
  50: 0
  51: 0
  52: 0
  53: 0
  54: 0
  55: 0
  56: 0
  57: 0
  58: 0
  59: 0
  60: 0
  61: 0
  62: 0
  63: 0
 heartbeats: # Per-process heartbeats
  0: 0
  1: 0
  2: 0
  3: 0
  4: 0
  5: 0
  6: 0
  7: 0
  8: 0
  9: 0
  10: 0
  11: 0
  12: 0
  13: 0
  14: 0
  15: 0
  16: 0
  17: 0
  18: 0
  19: 0
  20: 0
  21: 0
  22: 0
  23: 0
  24: 0
  25: 0
  26: 0
  27: 0
  28: 0
  29: 0
  30: 0
  31: 0
  32: 0
  33: 0
  34: 0
  35: 0
  36: 0
  37: 0
  38: 0
  39: 0
  40: 0
  41: 0
  42: 0
  43: 0
  44: 0
  45: 0
  46: 0
  47: 0
  48: 0
  49: 0
  50: 0
  51: 0
  52: 0
  53: 0
  54: 0
  55: 0
  56: 0
  57: 0
  58: 0
  59: 0
  60: 0
  61: 0
  62: 0
  63: 0
===
