# zsim stats
===
root: # Stats
 contention: # Contention simulation stats
  domain-0: # Domain stats
   time: 2352396538053 # Weave simulation time
 time: # Simulator time breakdown
  init: 582247769
  bound: 4259970471909
  weave: 4856963055713
  ff: 8654190
 trigger: 20000 # Reason for this stats dump
 phase: 9935603 # Simulated phases
 core: # Core stats
  core-0: # Core stats
   cycles: 9935603187 # Simulated unhalted cycles
   cCycles: 265692046 # Cycles due to contention stalls
   instrs: 16180178682 # Simulated instructions
   uops: 22079863213 # Retired micro-ops
   branchUops: 2878057964 # Retired branch micro-ops
   fpAddSubUops: 0 # Retired floating point add and sub micro-ops
   fpMulDivUops: 0 # Retired floating point mul and div micro-ops
   bbls: 2878102276 # Basic blocks
   approxInstrs: 221584299 # Instrs with approx uop decoding
   mispredBranches: 40604600 # Mispredicted branches
   mispredInstrs: 197573157 # Instructions executed in wrong path
   mispredPenalty: 763598866 # Cycles delayed due to branch misprediction
   opExecuted: 0 # cycles with high (more than 3) number of operations executed
   loadStallsTotal: 3607655053 # stalls due to load
   storeStallsTotal: 2176017614 # stalls due to store
   spatialLocality: 8065 # Spatial Locality times 10000
   temporalLocality: 5229 # Temporal Locality times 10000
 l1d: # Cache stats
  l1d-0: # Filter cache stats
   fhGETS: 6418562810 # Filtered GETS hits
   fhGETX: 3932950461 # Filtered GETX hits
   hGETS: 75812569 # GETS hits
   hGETX: 86482751 # GETX hits
   mGETS: 6517281 # GETS misses
   mGETXIM: 7674030 # GETX I->M misses
   mGETXSM: 0 # GETX S->M misses (upgrade misses)
   PUTS: 0 # Clean evictions (from lower level)
   PUTX: 0 # Dirty evictions (from lower level)
   INV: 14 # Invalidates (from upper level)
   INVX: 0 # Downgrades (from upper level)
   FWD: 0 # Forwards (from upper level)
   latGETnl: 396356318 # GET request latency on next level
   latGETnet: 0 # GET request latency on network to next level
   sharedRequests: 0 # Shared Requests
 l1i: # Cache stats
  l1i-0: # Filter cache stats
   fhGETS: 3344048542 # Filtered GETS hits
   fhGETX: 0 # Filtered GETX hits
   hGETS: 34775236 # GETS hits
   hGETX: 0 # GETX hits
   mGETS: 129209 # GETS misses
   mGETXIM: 0 # GETX I->M misses
   mGETXSM: 0 # GETX S->M misses (upgrade misses)
   PUTS: 0 # Clean evictions (from lower level)
   PUTX: 0 # Dirty evictions (from lower level)
   INV: 15 # Invalidates (from upper level)
   INVX: 0 # Downgrades (from upper level)
   FWD: 0 # Forwards (from upper level)
   latGETnl: 3490923 # GET request latency on next level
   latGETnet: 0 # GET request latency on network to next level
   sharedRequests: 34775236 # Shared Requests
 l3: # Cache stats
  l3-0: # Timing cache stats
   hGETS: 787638 # GETS hits
   hGETX: 339681 # GETX hits
   mGETS: 5858852 # GETS misses
   mGETXIM: 7334349 # GETX I->M misses
   mGETXSM: 0 # GETX S->M misses (upgrade misses)
   PUTS: 6353736 # Clean evictions (from lower level)
   PUTX: 7964728 # Dirty evictions (from lower level)
   INV: 0 # Invalidates (from upper level)
   INVX: 0 # Downgrades (from upper level)
   FWD: 0 # Forwards (from upper level)
   latGETnl: 13193201 # GET request latency on next level
   latGETnet: 0 # GET request latency on network to next level
   sharedRequests: 255120 # Shared Requests
   occHist: # Occupancy MSHR cycle histogram
    0: 9440150143
    1: 398767012
    2: 7569385
    3: 3862546
    4: 4792026
    5: 6062289
    6: 5491497
    7: 8796121
    8: 13115184
    9: 5363566
    10: 7394075
    11: 8876709
    12: 9331077
    13: 4863239
    14: 4049978
    15: 3981118
    16: 3137035
   latHit: 13827132 # Cumulative latency accesses that hit (demand and non-demand)
   latMissResp: 919792258 # Cumulative latency for miss start to response
   latMiss: 1236076872 # Cumulative latency for miss start to finish (free MSHR)
 mem: # Memory controller stats
  mem-0: # Memory controller stats
   rd: 13193187 # Read requests
   wr: 7547299 # Write requests
   rdlat: 563209246 # Total latency experienced by read requests
   wrlat: 672522656 # Total latency experienced by write requests
   reissuedAccesses: 0 # Number of accesses that were reissued due to full queue
 sched: # Scheduler stats
  thCr: 1 # Threads created
  thFn: 1 # Threads finished
  schedEvs: 1 # Schedule events
  waitEvs: 0 # Wait events
  handoffEvs: 0 # Handoff events
  sleepEvs: 0 # Sleep events
  idlePhases: 0 # Phases with no thread active
  idlePeriods: 0 # Periods with no thread active
  occHist: # Occupancy histogram
   0: 0
   1: 9935603
  rqSzHist: # Run queue size histogram
   0: 9935603
   1: 0
   2: 0
   3: 0
   4: 0
   5: 0
   6: 0
   7: 0
   8: 0
   9: 0
   10: 0
   11: 0
   12: 0
   13: 0
   14: 0
   15: 0
   16: 0
 procCycles: # Per-process unhalted core cycles
  0: 9935603187
  1: 0
  2: 0
  3: 0
  4: 0
  5: 0
  6: 0
  7: 0
  8: 0
  9: 0
  10: 0
  11: 0
  12: 0
  13: 0
  14: 0
  15: 0
  16: 0
  17: 0
  18: 0
  19: 0
  20: 0
  21: 0
  22: 0
  23: 0
  24: 0
  25: 0
  26: 0
  27: 0
  28: 0
  29: 0
  30: 0
  31: 0
  32: 0
  33: 0
  34: 0
  35: 0
  36: 0
  37: 0
  38: 0
  39: 0
  40: 0
  41: 0
  42: 0
  43: 0
  44: 0
  45: 0
  46: 0
  47: 0
  48: 0
  49: 0
  50: 0
  51: 0
  52: 0
  53: 0
  54: 0
  55: 0
  56: 0
  57: 0
  58: 0
  59: 0
  60: 0
  61: 0
  62: 0
  63: 0
 procInstrs: # Per-process instructions
  0: 16180178682
  1: 0
  2: 0
  3: 0
  4: 0
  5: 0
  6: 0
  7: 0
  8: 0
  9: 0
  10: 0
  11: 0
  12: 0
  13: 0
  14: 0
  15: 0
  16: 0
  17: 0
  18: 0
  19: 0
  20: 0
  21: 0
  22: 0
  23: 0
  24: 0
  25: 0
  26: 0
  27: 0
  28: 0
  29: 0
  30: 0
  31: 0
  32: 0
  33: 0
  34: 0
  35: 0
  36: 0
  37: 0
  38: 0
  39: 0
  40: 0
  41: 0
  42: 0
  43: 0
  44: 0
  45: 0
  46: 0
  47: 0
  48: 0
  49: 0
  50: 0
  51: 0
  52: 0
  53: 0
  54: 0
  55: 0
  56: 0
  57: 0
  58: 0
  59: 0
  60: 0
  61: 0
  62: 0
  63: 0
 heartbeats: # Per-process heartbeats
  0: 0
  1: 0
  2: 0
  3: 0
  4: 0
  5: 0
  6: 0
  7: 0
  8: 0
  9: 0
  10: 0
  11: 0
  12: 0
  13: 0
  14: 0
  15: 0
  16: 0
  17: 0
  18: 0
  19: 0
  20: 0
  21: 0
  22: 0
  23: 0
  24: 0
  25: 0
  26: 0
  27: 0
  28: 0
  29: 0
  30: 0
  31: 0
  32: 0
  33: 0
  34: 0
  35: 0
  36: 0
  37: 0
  38: 0
  39: 0
  40: 0
  41: 0
  42: 0
  43: 0
  44: 0
  45: 0
  46: 0
  47: 0
  48: 0
  49: 0
  50: 0
  51: 0
  52: 0
  53: 0
  54: 0
  55: 0
  56: 0
  57: 0
  58: 0
  59: 0
  60: 0
  61: 0
  62: 0
  63: 0
===
