# zsim stats
===
root: # Stats
 contention: # Contention simulation stats
  domain-0: # Domain stats
   time: 3213632583995 # Weave simulation time
 time: # Simulator time breakdown
  init: 576227778
  bound: 3670932703915
  weave: 5719642221452
  ff: 8521402
 trigger: 20000 # Reason for this stats dump
 phase: 10730679 # Simulated phases
 core: # Core stats
  core-0: # Core stats
   cycles: 10730679169 # Simulated unhalted cycles
   cCycles: 575082342 # Cycles due to contention stalls
   instrs: 16269419665 # Simulated instructions
   uops: 19046592833 # Retired micro-ops
   branchUops: 1408334758 # Retired branch micro-ops
   fpAddSubUops: 0 # Retired floating point add and sub micro-ops
   fpMulDivUops: 0 # Retired floating point mul and div micro-ops
   bbls: 1408437241 # Basic blocks
   approxInstrs: 678534798 # Instrs with approx uop decoding
   mispredBranches: 108729795 # Mispredicted branches
   mispredInstrs: 542667717 # Instructions executed in wrong path
   mispredPenalty: 2148196927 # Cycles delayed due to branch misprediction
   opExecuted: 0 # cycles with high (more than 3) number of operations executed
   loadStallsTotal: 2565546246 # stalls due to load
   storeStallsTotal: 1722578648 # stalls due to store
   spatialLocality: 8410 # Spatial Locality times 10000
   temporalLocality: 4578 # Temporal Locality times 10000
 l1d: # Cache stats
  l1d-0: # Filter cache stats
   fhGETS: 5510746792 # Filtered GETS hits
   fhGETX: 2324274481 # Filtered GETX hits
   hGETS: 140893032 # GETS hits
   hGETX: 204293524 # GETX hits
   mGETS: 17242319 # GETS misses
   mGETXIM: 21635514 # GETX I->M misses
   mGETXSM: 0 # GETX S->M misses (upgrade misses)
   PUTS: 0 # Clean evictions (from lower level)
   PUTX: 0 # Dirty evictions (from lower level)
   INV: 1 # Invalidates (from upper level)
   INVX: 0 # Downgrades (from upper level)
   FWD: 0 # Forwards (from upper level)
   latGETnl: 1080697445 # GET request latency on next level
   latGETnet: 0 # GET request latency on network to next level
   sharedRequests: 0 # Shared Requests
 l1i: # Cache stats
  l1i-0: # Filter cache stats
   fhGETS: 2552715703 # Filtered GETS hits
   fhGETX: 0 # Filtered GETX hits
   hGETS: 47371108 # GETS hits
   hGETX: 0 # GETX hits
   mGETS: 1543 # GETS misses
   mGETXIM: 0 # GETX I->M misses
   mGETXSM: 0 # GETX S->M misses (upgrade misses)
   PUTS: 0 # Clean evictions (from lower level)
   PUTX: 0 # Dirty evictions (from lower level)
   INV: 1 # Invalidates (from upper level)
   INVX: 0 # Downgrades (from upper level)
   FWD: 0 # Forwards (from upper level)
   latGETnl: 43066 # GET request latency on next level
   latGETnet: 0 # GET request latency on network to next level
   sharedRequests: 47371108 # Shared Requests
 l3: # Cache stats
  l3-0: # Timing cache stats
   hGETS: 3383786 # GETS hits
   hGETX: 4498231 # GETX hits
   mGETS: 13860076 # GETS misses
   mGETXIM: 17137283 # GETX I->M misses
   mGETXSM: 0 # GETX S->M misses (upgrade misses)
   PUTS: 15976776 # Clean evictions (from lower level)
   PUTX: 22900601 # Dirty evictions (from lower level)
   INV: 0 # Invalidates (from upper level)
   INVX: 0 # Downgrades (from upper level)
   FWD: 0 # Forwards (from upper level)
   latGETnl: 30997359 # GET request latency on next level
   latGETnet: 0 # GET request latency on network to next level
   sharedRequests: 707 # Shared Requests
   occHist: # Occupancy MSHR cycle histogram
    0: 9616893363
    1: 877981269
    2: 27405578
    3: 11505917
    4: 12694048
    5: 11000515
    6: 11654329
    7: 20106978
    8: 31349533
    9: 12563772
    10: 17186308
    11: 20698529
    12: 21975846
    13: 11434185
    14: 9586618
    15: 9292198
    16: 7350014
   latHit: 37985771 # Cumulative latency accesses that hit (demand and non-demand)
   latMissResp: 2114221514 # Cumulative latency for miss start to response
   latMiss: 2850731197 # Cumulative latency for miss start to finish (free MSHR)
 mem: # Memory controller stats
  mem-0: # Memory controller stats
   rd: 30997343 # Read requests
   wr: 17672112 # Write requests
   rdlat: 1276373742 # Total latency experienced by read requests
   wrlat: 1554627607 # Total latency experienced by write requests
   reissuedAccesses: 0 # Number of accesses that were reissued due to full queue
 sched: # Scheduler stats
  thCr: 1 # Threads created
  thFn: 1 # Threads finished
  schedEvs: 1 # Schedule events
  waitEvs: 0 # Wait events
  handoffEvs: 0 # Handoff events
  sleepEvs: 0 # Sleep events
  idlePhases: 0 # Phases with no thread active
  idlePeriods: 0 # Periods with no thread active
  occHist: # Occupancy histogram
   0: 0
   1: 10730679
  rqSzHist: # Run queue size histogram
   0: 10730679
   1: 0
   2: 0
   3: 0
   4: 0
   5: 0
   6: 0
   7: 0
   8: 0
   9: 0
   10: 0
   11: 0
   12: 0
   13: 0
   14: 0
   15: 0
   16: 0
 procCycles: # Per-process unhalted core cycles
  0: 10730679169
  1: 0
  2: 0
  3: 0
  4: 0
  5: 0
  6: 0
  7: 0
  8: 0
  9: 0
  10: 0
  11: 0
  12: 0
  13: 0
  14: 0
  15: 0
  16: 0
  17: 0
  18: 0
  19: 0
  20: 0
  21: 0
  22: 0
  23: 0
  24: 0
  25: 0
  26: 0
  27: 0
  28: 0
  29: 0
  30: 0
  31: 0
  32: 0
  33: 0
  34: 0
  35: 0
  36: 0
  37: 0
  38: 0
  39: 0
  40: 0
  41: 0
  42: 0
  43: 0
  44: 0
  45: 0
  46: 0
  47: 0
  48: 0
  49: 0
  50: 0
  51: 0
  52: 0
  53: 0
  54: 0
  55: 0
  56: 0
  57: 0
  58: 0
  59: 0
  60: 0
  61: 0
  62: 0
  63: 0
 procInstrs: # Per-process instructions
  0: 16269419665
  1: 0
  2: 0
  3: 0
  4: 0
  5: 0
  6: 0
  7: 0
  8: 0
  9: 0
  10: 0
  11: 0
  12: 0
  13: 0
  14: 0
  15: 0
  16: 0
  17: 0
  18: 0
  19: 0
  20: 0
  21: 0
  22: 0
  23: 0
  24: 0
  25: 0
  26: 0
  27: 0
  28: 0
  29: 0
  30: 0
  31: 0
  32: 0
  33: 0
  34: 0
  35: 0
  36: 0
  37: 0
  38: 0
  39: 0
  40: 0
  41: 0
  42: 0
  43: 0
  44: 0
  45: 0
  46: 0
  47: 0
  48: 0
  49: 0
  50: 0
  51: 0
  52: 0
  53: 0
  54: 0
  55: 0
  56: 0
  57: 0
  58: 0
  59: 0
  60: 0
  61: 0
  62: 0
  63: 0
 heartbeats: # Per-process heartbeats
  0: 0
  1: 0
  2: 0
  3: 0
  4: 0
  5: 0
  6: 0
  7: 0
  8: 0
  9: 0
  10: 0
  11: 0
  12: 0
  13: 0
  14: 0
  15: 0
  16: 0
  17: 0
  18: 0
  19: 0
  20: 0
  21: 0
  22: 0
  23: 0
  24: 0
  25: 0
  26: 0
  27: 0
  28: 0
  29: 0
  30: 0
  31: 0
  32: 0
  33: 0
  34: 0
  35: 0
  36: 0
  37: 0
  38: 0
  39: 0
  40: 0
  41: 0
  42: 0
  43: 0
  44: 0
  45: 0
  46: 0
  47: 0
  48: 0
  49: 0
  50: 0
  51: 0
  52: 0
  53: 0
  54: 0
  55: 0
  56: 0
  57: 0
  58: 0
  59: 0
  60: 0
  61: 0
  62: 0
  63: 0
===
