# zsim stats
===
root: # Stats
 contention: # Contention simulation stats
  domain-0: # Domain stats
   time: 2104540163496 # Weave simulation time
 time: # Simulator time breakdown
  init: 2294339035
  bound: 4286041406340
  weave: 4632828265362
  ff: 8628033
 trigger: 20000 # Reason for this stats dump
 phase: 10507650 # Simulated phases
 core: # Core stats
  core-0: # Core stats
   cycles: 10507650222 # Simulated unhalted cycles
   cCycles: 212333926 # Cycles due to contention stalls
   instrs: 17315446492 # Simulated instructions
   uops: 23661729339 # Retired micro-ops
   branchUops: 3063997978 # Retired branch micro-ops
   fpAddSubUops: 0 # Retired floating point add and sub micro-ops
   fpMulDivUops: 0 # Retired floating point mul and div micro-ops
   bbls: 3063998858 # Basic blocks
   approxInstrs: 230883867 # Instrs with approx uop decoding
   mispredBranches: 41294881 # Mispredicted branches
   mispredInstrs: 200846107 # Instructions executed in wrong path
   mispredPenalty: 776918430 # Cycles delayed due to branch misprediction
   opExecuted: 0 # cycles with high (more than 3) number of operations executed
   loadStallsTotal: 3656329657 # stalls due to load
   storeStallsTotal: 2143514691 # stalls due to store
   spatialLocality: 5093 # Spatial Locality times 10000
   temporalLocality: 7071 # Temporal Locality times 10000
 l1d: # Cache stats
  l1d-0: # Filter cache stats
   fhGETS: 6969883280 # Filtered GETS hits
   fhGETX: 4251399107 # Filtered GETX hits
   hGETS: 62791698 # GETS hits
   hGETX: 63978911 # GETX hits
   mGETS: 6269459 # GETS misses
   mGETXIM: 1585943 # GETX I->M misses
   mGETXSM: 0 # GETX S->M misses (upgrade misses)
   PUTS: 0 # Clean evictions (from lower level)
   PUTX: 0 # Dirty evictions (from lower level)
   INV: 2 # Invalidates (from upper level)
   INVX: 0 # Downgrades (from upper level)
   FWD: 0 # Forwards (from upper level)
   latGETnl: 219373267 # GET request latency on next level
   latGETnet: 0 # GET request latency on network to next level
   sharedRequests: 0 # Shared Requests
 l1i: # Cache stats
  l1i-0: # Filter cache stats
   fhGETS: 3573623095 # Filtered GETS hits
   fhGETX: 0 # Filtered GETX hits
   hGETS: 22814019 # GETS hits
   hGETX: 0 # GETX hits
   mGETS: 689556 # GETS misses
   mGETXIM: 0 # GETX I->M misses
   mGETXSM: 0 # GETX S->M misses (upgrade misses)
   PUTS: 0 # Clean evictions (from lower level)
   PUTX: 0 # Dirty evictions (from lower level)
   INV: 15 # Invalidates (from upper level)
   INVX: 0 # Downgrades (from upper level)
   FWD: 0 # Forwards (from upper level)
   latGETnl: 18619244 # GET request latency on next level
   latGETnet: 0 # GET request latency on network to next level
   sharedRequests: 22814019 # Shared Requests
 l3: # Cache stats
  l3-0: # Timing cache stats
   hGETS: 1105230 # GETS hits
   hGETX: 161083 # GETX hits
   mGETS: 5853785 # GETS misses
   mGETXIM: 1424860 # GETX I->M misses
   mGETXSM: 0 # GETX S->M misses (upgrade misses)
   PUTS: 6770256 # Clean evictions (from lower level)
   PUTX: 1772867 # Dirty evictions (from lower level)
   INV: 0 # Invalidates (from upper level)
   INVX: 0 # Downgrades (from upper level)
   FWD: 0 # Forwards (from upper level)
   latGETnl: 7278645 # GET request latency on next level
   latGETnet: 0 # GET request latency on network to next level
   sharedRequests: 1377071 # Shared Requests
   occHist: # Occupancy MSHR cycle histogram
    0: 10107698275
    1: 380906951
    2: 4901952
    3: 3596494
    4: 3754290
    5: 1573641
    6: 1583726
    7: 1755187
    8: 979016
    9: 291897
    10: 167901
    11: 132037
    12: 115089
    13: 84974
    14: 47965
    15: 28809
    16: 31796
   latHit: 8623518 # Cumulative latency accesses that hit (demand and non-demand)
   latMissResp: 446336609 # Cumulative latency for miss start to response
   latMiss: 463862859 # Cumulative latency for miss start to finish (free MSHR)
 mem: # Memory controller stats
  mem-0: # Memory controller stats
   rd: 7278631 # Read requests
   wr: 1573940 # Write requests
   rdlat: 249785459 # Total latency experienced by read requests
   wrlat: 73219907 # Total latency experienced by write requests
   reissuedAccesses: 0 # Number of accesses that were reissued due to full queue
 sched: # Scheduler stats
  thCr: 1 # Threads created
  thFn: 1 # Threads finished
  schedEvs: 1 # Schedule events
  waitEvs: 0 # Wait events
  handoffEvs: 0 # Handoff events
  sleepEvs: 0 # Sleep events
  idlePhases: 0 # Phases with no thread active
  idlePeriods: 0 # Periods with no thread active
  occHist: # Occupancy histogram
   0: 0
   1: 10507650
  rqSzHist: # Run queue size histogram
   0: 10507650
   1: 0
   2: 0
   3: 0
   4: 0
   5: 0
   6: 0
   7: 0
   8: 0
   9: 0
   10: 0
   11: 0
   12: 0
   13: 0
   14: 0
   15: 0
   16: 0
 procCycles: # Per-process unhalted core cycles
  0: 10507650222
  1: 0
  2: 0
  3: 0
  4: 0
  5: 0
  6: 0
  7: 0
  8: 0
  9: 0
  10: 0
  11: 0
  12: 0
  13: 0
  14: 0
  15: 0
  16: 0
  17: 0
  18: 0
  19: 0
  20: 0
  21: 0
  22: 0
  23: 0
  24: 0
  25: 0
  26: 0
  27: 0
  28: 0
  29: 0
  30: 0
  31: 0
  32: 0
  33: 0
  34: 0
  35: 0
  36: 0
  37: 0
  38: 0
  39: 0
  40: 0
  41: 0
  42: 0
  43: 0
  44: 0
  45: 0
  46: 0
  47: 0
  48: 0
  49: 0
  50: 0
  51: 0
  52: 0
  53: 0
  54: 0
  55: 0
  56: 0
  57: 0
  58: 0
  59: 0
  60: 0
  61: 0
  62: 0
  63: 0
 procInstrs: # Per-process instructions
  0: 17315446492
  1: 0
  2: 0
  3: 0
  4: 0
  5: 0
  6: 0
  7: 0
  8: 0
  9: 0
  10: 0
  11: 0
  12: 0
  13: 0
  14: 0
  15: 0
  16: 0
  17: 0
  18: 0
  19: 0
  20: 0
  21: 0
  22: 0
  23: 0
  24: 0
  25: 0
  26: 0
  27: 0
  28: 0
  29: 0
  30: 0
  31: 0
  32: 0
  33: 0
  34: 0
  35: 0
  36: 0
  37: 0
  38: 0
  39: 0
  40: 0
  41: 0
  42: 0
  43: 0
  44: 0
  45: 0
  46: 0
  47: 0
  48: 0
  49: 0
  50: 0
  51: 0
  52: 0
  53: 0
  54: 0
  55: 0
  56: 0
  57: 0
  58: 0
  59: 0
  60: 0
  61: 0
  62: 0
  63: 0
 heartbeats: # Per-process heartbeats
  0: 0
  1: 0
  2: 0
  3: 0
  4: 0
  5: 0
  6: 0
  7: 0
  8: 0
  9: 0
  10: 0
  11: 0
  12: 0
  13: 0
  14: 0
  15: 0
  16: 0
  17: 0
  18: 0
  19: 0
  20: 0
  21: 0
  22: 0
  23: 0
  24: 0
  25: 0
  26: 0
  27: 0
  28: 0
  29: 0
  30: 0
  31: 0
  32: 0
  33: 0
  34: 0
  35: 0
  36: 0
  37: 0
  38: 0
  39: 0
  40: 0
  41: 0
  42: 0
  43: 0
  44: 0
  45: 0
  46: 0
  47: 0
  48: 0
  49: 0
  50: 0
  51: 0
  52: 0
  53: 0
  54: 0
  55: 0
  56: 0
  57: 0
  58: 0
  59: 0
  60: 0
  61: 0
  62: 0
  63: 0
===
