# zsim stats
===
root: # Stats
 contention: # Contention simulation stats
  domain-0: # Domain stats
   time: 303673957662 # Weave simulation time
 time: # Simulator time breakdown
  init: 175523704188
  bound: 475029767063
  weave: 561578947168
  ff: 1820770
 trigger: 20000 # Reason for this stats dump
 phase: 883954 # Simulated phases
 core: # Core stats
  core-0: # Core stats
   cycles: 883954372 # Simulated unhalted cycles
   cCycles: 85760887 # Cycles due to contention stalls
   instrs: 1161470456 # Simulated instructions
   uops: 1534182462 # Retired micro-ops
   branchUops: 181437442 # Retired branch micro-ops
   fpAddSubUops: 0 # Retired floating point add and sub micro-ops
   fpMulDivUops: 0 # Retired floating point mul and div micro-ops
   bbls: 181437442 # Basic blocks
   approxInstrs: 29249806 # Instrs with approx uop decoding
   mispredBranches: 5016773 # Mispredicted branches
   mispredInstrs: 24657136 # Instructions executed in wrong path
   mispredPenalty: 95303016 # Cycles delayed due to branch misprediction
   opExecuted: 0 # cycles with high (more than 3) number of operations executed
   loadStallsTotal: 468862975 # stalls due to load
   storeStallsTotal: 450435975 # stalls due to store
   spatialLocality: 5716 # Spatial Locality times 10000
   temporalLocality: 5981 # Temporal Locality times 10000
 l1d: # Cache stats
  l1d-0: # Filter cache stats
   fhGETS: 460433622 # Filtered GETS hits
   fhGETX: 262084533 # Filtered GETX hits
   hGETS: 2455718 # GETS hits
   hGETX: 1422297 # GETX hits
   mGETS: 1806512 # GETS misses
   mGETXIM: 2184345 # GETX I->M misses
   mGETXSM: 0 # GETX S->M misses (upgrade misses)
   PUTS: 0 # Clean evictions (from lower level)
   PUTX: 0 # Dirty evictions (from lower level)
   INV: 0 # Invalidates (from upper level)
   INVX: 0 # Downgrades (from upper level)
   FWD: 0 # Forwards (from upper level)
   latGETnl: 111251284 # GET request latency on next level
   latGETnet: 0 # GET request latency on network to next level
   sharedRequests: 0 # Shared Requests
 l1i: # Cache stats
  l1i-0: # Filter cache stats
   fhGETS: 228165088 # Filtered GETS hits
   fhGETX: 0 # Filtered GETX hits
   hGETS: 4252112 # GETS hits
   hGETX: 0 # GETX hits
   mGETS: 29567 # GETS misses
   mGETXIM: 0 # GETX I->M misses
   mGETXSM: 0 # GETX S->M misses (upgrade misses)
   PUTS: 0 # Clean evictions (from lower level)
   PUTX: 0 # Dirty evictions (from lower level)
   INV: 1 # Invalidates (from upper level)
   INVX: 0 # Downgrades (from upper level)
   FWD: 0 # Forwards (from upper level)
   latGETnl: 799430 # GET request latency on next level
   latGETnet: 0 # GET request latency on network to next level
   sharedRequests: 4252112 # Shared Requests
 l3: # Cache stats
  l3-0: # Timing cache stats
   hGETS: 519726 # GETS hits
   hGETX: 1432 # GETX hits
   mGETS: 1316353 # GETS misses
   mGETXIM: 2182913 # GETX I->M misses
   mGETXSM: 0 # GETX S->M misses (upgrade misses)
   PUTS: 1834492 # Clean evictions (from lower level)
   PUTX: 2184318 # Dirty evictions (from lower level)
   INV: 0 # Invalidates (from upper level)
   INVX: 0 # Downgrades (from upper level)
   FWD: 0 # Forwards (from upper level)
   latGETnl: 3499266 # GET request latency on next level
   latGETnet: 0 # GET request latency on network to next level
   sharedRequests: 57423 # Shared Requests
   occHist: # Occupancy MSHR cycle histogram
    0: 714851206
    1: 143265830
    2: 10394155
    3: 959833
    4: 869912
    5: 963911
    6: 1308189
    7: 1387746
    8: 1220065
    9: 1224450
    10: 1298709
    11: 1261249
    12: 1129856
    13: 985268
    14: 911127
    15: 848352
    16: 1074142
   latHit: 4128653 # Cumulative latency accesses that hit (demand and non-demand)
   latMissResp: 234965544 # Cumulative latency for miss start to response
   latMiss: 309471583 # Cumulative latency for miss start to finish (free MSHR)
 mem: # Memory controller stats
  mem-0: # Memory controller stats
   rd: 3499245 # Read requests
   wr: 2161815 # Write requests
   rdlat: 140165379 # Total latency experienced by read requests
   wrlat: 159486079 # Total latency experienced by write requests
   reissuedAccesses: 0 # Number of accesses that were reissued due to full queue
 sched: # Scheduler stats
  thCr: 1 # Threads created
  thFn: 1 # Threads finished
  schedEvs: 1 # Schedule events
  waitEvs: 0 # Wait events
  handoffEvs: 0 # Handoff events
  sleepEvs: 0 # Sleep events
  idlePhases: 0 # Phases with no thread active
  idlePeriods: 0 # Periods with no thread active
  occHist: # Occupancy histogram
   0: 0
   1: 883954
  rqSzHist: # Run queue size histogram
   0: 883954
   1: 0
   2: 0
   3: 0
   4: 0
   5: 0
   6: 0
   7: 0
   8: 0
   9: 0
   10: 0
   11: 0
   12: 0
   13: 0
   14: 0
   15: 0
   16: 0
 procCycles: # Per-process unhalted core cycles
  0: 883954372
  1: 0
  2: 0
  3: 0
  4: 0
  5: 0
  6: 0
  7: 0
  8: 0
  9: 0
  10: 0
  11: 0
  12: 0
  13: 0
  14: 0
  15: 0
  16: 0
  17: 0
  18: 0
  19: 0
  20: 0
  21: 0
  22: 0
  23: 0
  24: 0
  25: 0
  26: 0
  27: 0
  28: 0
  29: 0
  30: 0
  31: 0
  32: 0
  33: 0
  34: 0
  35: 0
  36: 0
  37: 0
  38: 0
  39: 0
  40: 0
  41: 0
  42: 0
  43: 0
  44: 0
  45: 0
  46: 0
  47: 0
  48: 0
  49: 0
  50: 0
  51: 0
  52: 0
  53: 0
  54: 0
  55: 0
  56: 0
  57: 0
  58: 0
  59: 0
  60: 0
  61: 0
  62: 0
  63: 0
 procInstrs: # Per-process instructions
  0: 1161470456
  1: 0
  2: 0
  3: 0
  4: 0
  5: 0
  6: 0
  7: 0
  8: 0
  9: 0
  10: 0
  11: 0
  12: 0
  13: 0
  14: 0
  15: 0
  16: 0
  17: 0
  18: 0
  19: 0
  20: 0
  21: 0
  22: 0
  23: 0
  24: 0
  25: 0
  26: 0
  27: 0
  28: 0
  29: 0
  30: 0
  31: 0
  32: 0
  33: 0
  34: 0
  35: 0
  36: 0
  37: 0
  38: 0
  39: 0
  40: 0
  41: 0
  42: 0
  43: 0
  44: 0
  45: 0
  46: 0
  47: 0
  48: 0
  49: 0
  50: 0
  51: 0
  52: 0
  53: 0
  54: 0
  55: 0
  56: 0
  57: 0
  58: 0
  59: 0
  60: 0
  61: 0
  62: 0
  63: 0
 heartbeats: # Per-process heartbeats
  0: 0
  1: 0
  2: 0
  3: 0
  4: 0
  5: 0
  6: 0
  7: 0
  8: 0
  9: 0
  10: 0
  11: 0
  12: 0
  13: 0
  14: 0
  15: 0
  16: 0
  17: 0
  18: 0
  19: 0
  20: 0
  21: 0
  22: 0
  23: 0
  24: 0
  25: 0
  26: 0
  27: 0
  28: 0
  29: 0
  30: 0
  31: 0
  32: 0
  33: 0
  34: 0
  35: 0
  36: 0
  37: 0
  38: 0
  39: 0
  40: 0
  41: 0
  42: 0
  43: 0
  44: 0
  45: 0
  46: 0
  47: 0
  48: 0
  49: 0
  50: 0
  51: 0
  52: 0
  53: 0
  54: 0
  55: 0
  56: 0
  57: 0
  58: 0
  59: 0
  60: 0
  61: 0
  62: 0
  63: 0
===
