# zsim stats
===
root: # Stats
 contention: # Contention simulation stats
  domain-0: # Domain stats
   time: 2591346167462 # Weave simulation time
 time: # Simulator time breakdown
  init: 598030288
  bound: 4604969190389
  weave: 5163312395250
  ff: 8942258
 trigger: 20000 # Reason for this stats dump
 phase: 10838605 # Simulated phases
 core: # Core stats
  core-0: # Core stats
   cycles: 10838605336 # Simulated unhalted cycles
   cCycles: 279873855 # Cycles due to contention stalls
   instrs: 17787606001 # Simulated instructions
   uops: 24270328585 # Retired micro-ops
   branchUops: 3144067980 # Retired branch micro-ops
   fpAddSubUops: 0 # Retired floating point add and sub micro-ops
   fpMulDivUops: 0 # Retired floating point mul and div micro-ops
   bbls: 3144114102 # Basic blocks
   approxInstrs: 237665400 # Instrs with approx uop decoding
   mispredBranches: 42647923 # Mispredicted branches
   mispredInstrs: 207510121 # Instructions executed in wrong path
   mispredPenalty: 801546037 # Cycles delayed due to branch misprediction
   opExecuted: 0 # cycles with high (more than 3) number of operations executed
   loadStallsTotal: 3840921004 # stalls due to load
   storeStallsTotal: 2282145315 # stalls due to store
   spatialLocality: 8131 # Spatial Locality times 10000
   temporalLocality: 5163 # Temporal Locality times 10000
 l1d: # Cache stats
  l1d-0: # Filter cache stats
   fhGETS: 7097972987 # Filtered GETS hits
   fhGETX: 4349352816 # Filtered GETX hits
   hGETS: 73742576 # GETS hits
   hGETX: 74721269 # GETX hits
   mGETS: 6735948 # GETS misses
   mGETXIM: 8064173 # GETX I->M misses
   mGETXSM: 0 # GETX S->M misses (upgrade misses)
   PUTS: 0 # Clean evictions (from lower level)
   PUTX: 0 # Dirty evictions (from lower level)
   INV: 7 # Invalidates (from upper level)
   INVX: 0 # Downgrades (from upper level)
   FWD: 0 # Forwards (from upper level)
   latGETnl: 413495705 # GET request latency on next level
   latGETnet: 0 # GET request latency on network to next level
   sharedRequests: 0 # Shared Requests
 l1i: # Cache stats
  l1i-0: # Filter cache stats
   fhGETS: 3655021084 # Filtered GETS hits
   fhGETX: 0 # Filtered GETX hits
   hGETS: 36077605 # GETS hits
   hGETX: 0 # GETX hits
   mGETS: 124906 # GETS misses
   mGETXIM: 0 # GETX I->M misses
   mGETXSM: 0 # GETX S->M misses (upgrade misses)
   PUTS: 0 # Clean evictions (from lower level)
   PUTX: 0 # Dirty evictions (from lower level)
   INV: 24 # Invalidates (from upper level)
   INVX: 0 # Downgrades (from upper level)
   FWD: 0 # Forwards (from upper level)
   latGETnl: 3374888 # GET request latency on next level
   latGETnet: 0 # GET request latency on network to next level
   sharedRequests: 36077605 # Shared Requests
 l3: # Cache stats
  l3-0: # Timing cache stats
   hGETS: 773564 # GETS hits
   hGETX: 256599 # GETX hits
   mGETS: 6087290 # GETS misses
   mGETXIM: 7807574 # GETX I->M misses
   mGETXSM: 0 # GETX S->M misses (upgrade misses)
   PUTS: 6587727 # Clean evictions (from lower level)
   PUTX: 8335257 # Dirty evictions (from lower level)
   INV: 0 # Invalidates (from upper level)
   INVX: 0 # Downgrades (from upper level)
   FWD: 0 # Forwards (from upper level)
   latGETnl: 13894864 # GET request latency on next level
   latGETnet: 0 # GET request latency on network to next level
   sharedRequests: 246374 # Shared Requests
   occHist: # Occupancy MSHR cycle histogram
    0: 10317741454
    1: 417971138
    2: 8453280
    3: 4813932
    4: 5894295
    5: 4306184
    6: 5192816
    7: 9330195
    8: 14392849
    9: 5871306
    10: 7952756
    11: 9519685
    12: 9968687
    13: 5309156
    14: 4363274
    15: 4206091
    16: 3317902
   latHit: 14392606 # Cumulative latency accesses that hit (demand and non-demand)
   latMissResp: 971109484 # Cumulative latency for miss start to response
   latMiss: 1309031372 # Cumulative latency for miss start to finish (free MSHR)
 mem: # Memory controller stats
  mem-0: # Memory controller stats
   rd: 13894840 # Read requests
   wr: 8027013 # Write requests
   rdlat: 595568573 # Total latency experienced by read requests
   wrlat: 715551399 # Total latency experienced by write requests
   reissuedAccesses: 0 # Number of accesses that were reissued due to full queue
 sched: # Scheduler stats
  thCr: 1 # Threads created
  thFn: 1 # Threads finished
  schedEvs: 1 # Schedule events
  waitEvs: 0 # Wait events
  handoffEvs: 0 # Handoff events
  sleepEvs: 0 # Sleep events
  idlePhases: 0 # Phases with no thread active
  idlePeriods: 0 # Periods with no thread active
  occHist: # Occupancy histogram
   0: 0
   1: 10838605
  rqSzHist: # Run queue size histogram
   0: 10838605
   1: 0
   2: 0
   3: 0
   4: 0
   5: 0
   6: 0
   7: 0
   8: 0
   9: 0
   10: 0
   11: 0
   12: 0
   13: 0
   14: 0
   15: 0
   16: 0
 procCycles: # Per-process unhalted core cycles
  0: 10838605336
  1: 0
  2: 0
  3: 0
  4: 0
  5: 0
  6: 0
  7: 0
  8: 0
  9: 0
  10: 0
  11: 0
  12: 0
  13: 0
  14: 0
  15: 0
  16: 0
  17: 0
  18: 0
  19: 0
  20: 0
  21: 0
  22: 0
  23: 0
  24: 0
  25: 0
  26: 0
  27: 0
  28: 0
  29: 0
  30: 0
  31: 0
  32: 0
  33: 0
  34: 0
  35: 0
  36: 0
  37: 0
  38: 0
  39: 0
  40: 0
  41: 0
  42: 0
  43: 0
  44: 0
  45: 0
  46: 0
  47: 0
  48: 0
  49: 0
  50: 0
  51: 0
  52: 0
  53: 0
  54: 0
  55: 0
  56: 0
  57: 0
  58: 0
  59: 0
  60: 0
  61: 0
  62: 0
  63: 0
 procInstrs: # Per-process instructions
  0: 17787606001
  1: 0
  2: 0
  3: 0
  4: 0
  5: 0
  6: 0
  7: 0
  8: 0
  9: 0
  10: 0
  11: 0
  12: 0
  13: 0
  14: 0
  15: 0
  16: 0
  17: 0
  18: 0
  19: 0
  20: 0
  21: 0
  22: 0
  23: 0
  24: 0
  25: 0
  26: 0
  27: 0
  28: 0
  29: 0
  30: 0
  31: 0
  32: 0
  33: 0
  34: 0
  35: 0
  36: 0
  37: 0
  38: 0
  39: 0
  40: 0
  41: 0
  42: 0
  43: 0
  44: 0
  45: 0
  46: 0
  47: 0
  48: 0
  49: 0
  50: 0
  51: 0
  52: 0
  53: 0
  54: 0
  55: 0
  56: 0
  57: 0
  58: 0
  59: 0
  60: 0
  61: 0
  62: 0
  63: 0
 heartbeats: # Per-process heartbeats
  0: 0
  1: 0
  2: 0
  3: 0
  4: 0
  5: 0
  6: 0
  7: 0
  8: 0
  9: 0
  10: 0
  11: 0
  12: 0
  13: 0
  14: 0
  15: 0
  16: 0
  17: 0
  18: 0
  19: 0
  20: 0
  21: 0
  22: 0
  23: 0
  24: 0
  25: 0
  26: 0
  27: 0
  28: 0
  29: 0
  30: 0
  31: 0
  32: 0
  33: 0
  34: 0
  35: 0
  36: 0
  37: 0
  38: 0
  39: 0
  40: 0
  41: 0
  42: 0
  43: 0
  44: 0
  45: 0
  46: 0
  47: 0
  48: 0
  49: 0
  50: 0
  51: 0
  52: 0
  53: 0
  54: 0
  55: 0
  56: 0
  57: 0
  58: 0
  59: 0
  60: 0
  61: 0
  62: 0
  63: 0
===
