# zsim stats
===
root: # Stats
 contention: # Contention simulation stats
  domain-0: # Domain stats
   time: 3759289057314 # Weave simulation time
 time: # Simulator time breakdown
  init: 3610273595
  bound: 7325277328662
  weave: 7118421685108
  ff: 7572130
 trigger: 20000 # Reason for this stats dump
 phase: 19156360 # Simulated phases
 core: # Core stats
  core-0: # Core stats
   cycles: 19156360318 # Simulated unhalted cycles
   cCycles: 399182965 # Cycles due to contention stalls
   instrs: 31655245102 # Simulated instructions
   uops: 43254776858 # Retired micro-ops
   branchUops: 5601066857 # Retired branch micro-ops
   fpAddSubUops: 0 # Retired floating point add and sub micro-ops
   fpMulDivUops: 0 # Retired floating point mul and div micro-ops
   bbls: 5601068656 # Basic blocks
   approxInstrs: 420287558 # Instrs with approx uop decoding
   mispredBranches: 72735494 # Mispredicted branches
   mispredInstrs: 353672047 # Instructions executed in wrong path
   mispredPenalty: 1368711350 # Cycles delayed due to branch misprediction
   opExecuted: 0 # cycles with high (more than 3) number of operations executed
   loadStallsTotal: 6695185054 # stalls due to load
   storeStallsTotal: 3919560244 # stalls due to store
   spatialLocality: 4929 # Spatial Locality times 10000
   temporalLocality: 7022 # Temporal Locality times 10000
 l1d: # Cache stats
  l1d-0: # Filter cache stats
   fhGETS: 12727672873 # Filtered GETS hits
   fhGETX: 7759129229 # Filtered GETX hits
   hGETS: 122567257 # GETS hits
   hGETX: 134130117 # GETX hits
   mGETS: 11981678 # GETS misses
   mGETXIM: 2904687 # GETX I->M misses
   mGETXSM: 0 # GETX S->M misses (upgrade misses)
   PUTS: 0 # Clean evictions (from lower level)
   PUTX: 0 # Dirty evictions (from lower level)
   INV: 7 # Invalidates (from upper level)
   INVX: 0 # Downgrades (from upper level)
   FWD: 0 # Forwards (from upper level)
   latGETnl: 415604190 # GET request latency on next level
   latGETnet: 0 # GET request latency on network to next level
   sharedRequests: 0 # Shared Requests
 l1i: # Cache stats
  l1i-0: # Filter cache stats
   fhGETS: 6520466687 # Filtered GETS hits
   fhGETX: 0 # Filtered GETX hits
   hGETS: 41333301 # GETS hits
   hGETX: 0 # GETX hits
   mGETS: 1307432 # GETS misses
   mGETXIM: 0 # GETX I->M misses
   mGETXSM: 0 # GETX S->M misses (upgrade misses)
   PUTS: 0 # Clean evictions (from lower level)
   PUTX: 0 # Dirty evictions (from lower level)
   INV: 5 # Invalidates (from upper level)
   INVX: 0 # Downgrades (from upper level)
   FWD: 0 # Forwards (from upper level)
   latGETnl: 35302218 # GET request latency on next level
   latGETnet: 0 # GET request latency on network to next level
   sharedRequests: 41333301 # Shared Requests
 l3: # Cache stats
  l3-0: # Timing cache stats
   hGETS: 2162638 # GETS hits
   hGETX: 357270 # GETX hits
   mGETS: 11126472 # GETS misses
   mGETXIM: 2547417 # GETX I->M misses
   mGETXSM: 0 # GETX S->M misses (upgrade misses)
   PUTS: 12906997 # Clean evictions (from lower level)
   PUTX: 3284957 # Dirty evictions (from lower level)
   INV: 0 # Invalidates (from upper level)
   INVX: 0 # Downgrades (from upper level)
   FWD: 0 # Forwards (from upper level)
   latGETnl: 13673889 # GET request latency on next level
   latGETnet: 0 # GET request latency on network to next level
   sharedRequests: 2612498 # Shared Requests
   occHist: # Occupancy MSHR cycle histogram
    0: 18402963181
    1: 718704537
    2: 9657875
    3: 6202860
    4: 6482450
    5: 2847325
    6: 2924094
    7: 3233705
    8: 1764439
    9: 533838
    10: 303537
    11: 224491
    12: 201158
    13: 144907
    14: 82000
    15: 42166
    16: 47437
   latHit: 16639486 # Cumulative latency accesses that hit (demand and non-demand)
   latMissResp: 836739626 # Cumulative latency for miss start to response
   latMiss: 868237645 # Cumulative latency for miss start to finish (free MSHR)
 mem: # Memory controller stats
  mem-0: # Memory controller stats
   rd: 13673870 # Read requests
   wr: 2832366 # Write requests
   rdlat: 467489254 # Total latency experienced by read requests
   wrlat: 131744149 # Total latency experienced by write requests
   reissuedAccesses: 0 # Number of accesses that were reissued due to full queue
 sched: # Scheduler stats
  thCr: 1 # Threads created
  thFn: 1 # Threads finished
  schedEvs: 1 # Schedule events
  waitEvs: 0 # Wait events
  handoffEvs: 0 # Handoff events
  sleepEvs: 0 # Sleep events
  idlePhases: 0 # Phases with no thread active
  idlePeriods: 0 # Periods with no thread active
  occHist: # Occupancy histogram
   0: 0
   1: 19156360
  rqSzHist: # Run queue size histogram
   0: 19156360
   1: 0
   2: 0
   3: 0
   4: 0
   5: 0
   6: 0
   7: 0
   8: 0
   9: 0
   10: 0
   11: 0
   12: 0
   13: 0
   14: 0
   15: 0
   16: 0
 procCycles: # Per-process unhalted core cycles
  0: 19156360318
  1: 0
  2: 0
  3: 0
  4: 0
  5: 0
  6: 0
  7: 0
  8: 0
  9: 0
  10: 0
  11: 0
  12: 0
  13: 0
  14: 0
  15: 0
  16: 0
  17: 0
  18: 0
  19: 0
  20: 0
  21: 0
  22: 0
  23: 0
  24: 0
  25: 0
  26: 0
  27: 0
  28: 0
  29: 0
  30: 0
  31: 0
  32: 0
  33: 0
  34: 0
  35: 0
  36: 0
  37: 0
  38: 0
  39: 0
  40: 0
  41: 0
  42: 0
  43: 0
  44: 0
  45: 0
  46: 0
  47: 0
  48: 0
  49: 0
  50: 0
  51: 0
  52: 0
  53: 0
  54: 0
  55: 0
  56: 0
  57: 0
  58: 0
  59: 0
  60: 0
  61: 0
  62: 0
  63: 0
 procInstrs: # Per-process instructions
  0: 31655245102
  1: 0
  2: 0
  3: 0
  4: 0
  5: 0
  6: 0
  7: 0
  8: 0
  9: 0
  10: 0
  11: 0
  12: 0
  13: 0
  14: 0
  15: 0
  16: 0
  17: 0
  18: 0
  19: 0
  20: 0
  21: 0
  22: 0
  23: 0
  24: 0
  25: 0
  26: 0
  27: 0
  28: 0
  29: 0
  30: 0
  31: 0
  32: 0
  33: 0
  34: 0
  35: 0
  36: 0
  37: 0
  38: 0
  39: 0
  40: 0
  41: 0
  42: 0
  43: 0
  44: 0
  45: 0
  46: 0
  47: 0
  48: 0
  49: 0
  50: 0
  51: 0
  52: 0
  53: 0
  54: 0
  55: 0
  56: 0
  57: 0
  58: 0
  59: 0
  60: 0
  61: 0
  62: 0
  63: 0
 heartbeats: # Per-process heartbeats
  0: 0
  1: 0
  2: 0
  3: 0
  4: 0
  5: 0
  6: 0
  7: 0
  8: 0
  9: 0
  10: 0
  11: 0
  12: 0
  13: 0
  14: 0
  15: 0
  16: 0
  17: 0
  18: 0
  19: 0
  20: 0
  21: 0
  22: 0
  23: 0
  24: 0
  25: 0
  26: 0
  27: 0
  28: 0
  29: 0
  30: 0
  31: 0
  32: 0
  33: 0
  34: 0
  35: 0
  36: 0
  37: 0
  38: 0
  39: 0
  40: 0
  41: 0
  42: 0
  43: 0
  44: 0
  45: 0
  46: 0
  47: 0
  48: 0
  49: 0
  50: 0
  51: 0
  52: 0
  53: 0
  54: 0
  55: 0
  56: 0
  57: 0
  58: 0
  59: 0
  60: 0
  61: 0
  62: 0
  63: 0
===
