# zsim stats
===
root: # Stats
 contention: # Contention simulation stats
  domain-0: # Domain stats
   time: 1406756933650 # Weave simulation time
 time: # Simulator time breakdown
  init: 593518306
  bound: 1682658686992
  weave: 2426010210824
  ff: 8379928
 trigger: 20000 # Reason for this stats dump
 phase: 4502170 # Simulated phases
 core: # Core stats
  core-0: # Core stats
   cycles: 4502170400 # Simulated unhalted cycles
   cCycles: 248369094 # Cycles due to contention stalls
   instrs: 6815091903 # Simulated instructions
   uops: 8003894319 # Retired micro-ops
   branchUops: 600806135 # Retired branch micro-ops
   fpAddSubUops: 0 # Retired floating point add and sub micro-ops
   fpMulDivUops: 0 # Retired floating point mul and div micro-ops
   bbls: 600852091 # Basic blocks
   approxInstrs: 279407592 # Instrs with approx uop decoding
   mispredBranches: 45111852 # Mispredicted branches
   mispredInstrs: 225118561 # Instructions executed in wrong path
   mispredPenalty: 891319843 # Cycles delayed due to branch misprediction
   opExecuted: 0 # cycles with high (more than 3) number of operations executed
   loadStallsTotal: 1057517728 # stalls due to load
   storeStallsTotal: 720339586 # stalls due to store
   spatialLocality: 8368 # Spatial Locality times 10000
   temporalLocality: 4757 # Temporal Locality times 10000
 l1d: # Cache stats
  l1d-0: # Filter cache stats
   fhGETS: 2307753615 # Filtered GETS hits
   fhGETX: 993232832 # Filtered GETX hits
   hGETS: 56585101 # GETS hits
   hGETX: 84963376 # GETX hits
   mGETS: 7238076 # GETS misses
   mGETXIM: 8971534 # GETX I->M misses
   mGETXSM: 0 # GETX S->M misses (upgrade misses)
   PUTS: 0 # Clean evictions (from lower level)
   PUTX: 0 # Dirty evictions (from lower level)
   INV: 0 # Invalidates (from upper level)
   INVX: 0 # Downgrades (from upper level)
   FWD: 0 # Forwards (from upper level)
   latGETnl: 451330363 # GET request latency on next level
   latGETnet: 0 # GET request latency on network to next level
   sharedRequests: 0 # Shared Requests
 l1i: # Cache stats
  l1i-0: # Filter cache stats
   fhGETS: 1071895179 # Filtered GETS hits
   fhGETX: 0 # Filtered GETX hits
   hGETS: 21307711 # GETS hits
   hGETX: 0 # GETX hits
   mGETS: 1522 # GETS misses
   mGETXIM: 0 # GETX I->M misses
   mGETXSM: 0 # GETX S->M misses (upgrade misses)
   PUTS: 0 # Clean evictions (from lower level)
   PUTX: 0 # Dirty evictions (from lower level)
   INV: 0 # Invalidates (from upper level)
   INVX: 0 # Downgrades (from upper level)
   FWD: 0 # Forwards (from upper level)
   latGETnl: 42497 # GET request latency on next level
   latGETnet: 0 # GET request latency on network to next level
   sharedRequests: 21307711 # Shared Requests
 l3: # Cache stats
  l3-0: # Timing cache stats
   hGETS: 1155657 # GETS hits
   hGETX: 1383179 # GETX hits
   mGETS: 6083941 # GETS misses
   mGETXIM: 7588355 # GETX I->M misses
   mGETXSM: 0 # GETX S->M misses (upgrade misses)
   PUTS: 6916810 # Clean evictions (from lower level)
   PUTX: 9292328 # Dirty evictions (from lower level)
   INV: 0 # Invalidates (from upper level)
   INVX: 0 # Downgrades (from upper level)
   FWD: 0 # Forwards (from upper level)
   latGETnl: 13672296 # GET request latency on next level
   latGETnet: 0 # GET request latency on network to next level
   sharedRequests: 671 # Shared Requests
   occHist: # Occupancy MSHR cycle histogram
    0: 4018202644
    1: 379812495
    2: 12031669
    3: 5053180
    4: 5809649
    5: 4413657
    6: 4928502
    7: 8856712
    8: 13876798
    9: 5552763
    10: 7674485
    11: 9326146
    12: 9775536
    13: 5139489
    14: 4287469
    15: 4160578
    16: 3268228
   latHit: 15743139 # Cumulative latency accesses that hit (demand and non-demand)
   latMissResp: 928937844 # Cumulative latency for miss start to response
   latMiss: 1255076385 # Cumulative latency for miss start to finish (free MSHR)
 mem: # Memory controller stats
  mem-0: # Memory controller stats
   rd: 13672269 # Read requests
   wr: 7808102 # Write requests
   rdlat: 559400522 # Total latency experienced by read requests
   wrlat: 687074516 # Total latency experienced by write requests
   reissuedAccesses: 0 # Number of accesses that were reissued due to full queue
 sched: # Scheduler stats
  thCr: 1 # Threads created
  thFn: 1 # Threads finished
  schedEvs: 1 # Schedule events
  waitEvs: 0 # Wait events
  handoffEvs: 0 # Handoff events
  sleepEvs: 0 # Sleep events
  idlePhases: 0 # Phases with no thread active
  idlePeriods: 0 # Periods with no thread active
  occHist: # Occupancy histogram
   0: 0
   1: 4502170
  rqSzHist: # Run queue size histogram
   0: 4502170
   1: 0
   2: 0
   3: 0
   4: 0
   5: 0
   6: 0
   7: 0
   8: 0
   9: 0
   10: 0
   11: 0
   12: 0
   13: 0
   14: 0
   15: 0
   16: 0
 procCycles: # Per-process unhalted core cycles
  0: 4502170400
  1: 0
  2: 0
  3: 0
  4: 0
  5: 0
  6: 0
  7: 0
  8: 0
  9: 0
  10: 0
  11: 0
  12: 0
  13: 0
  14: 0
  15: 0
  16: 0
  17: 0
  18: 0
  19: 0
  20: 0
  21: 0
  22: 0
  23: 0
  24: 0
  25: 0
  26: 0
  27: 0
  28: 0
  29: 0
  30: 0
  31: 0
  32: 0
  33: 0
  34: 0
  35: 0
  36: 0
  37: 0
  38: 0
  39: 0
  40: 0
  41: 0
  42: 0
  43: 0
  44: 0
  45: 0
  46: 0
  47: 0
  48: 0
  49: 0
  50: 0
  51: 0
  52: 0
  53: 0
  54: 0
  55: 0
  56: 0
  57: 0
  58: 0
  59: 0
  60: 0
  61: 0
  62: 0
  63: 0
 procInstrs: # Per-process instructions
  0: 6815091903
  1: 0
  2: 0
  3: 0
  4: 0
  5: 0
  6: 0
  7: 0
  8: 0
  9: 0
  10: 0
  11: 0
  12: 0
  13: 0
  14: 0
  15: 0
  16: 0
  17: 0
  18: 0
  19: 0
  20: 0
  21: 0
  22: 0
  23: 0
  24: 0
  25: 0
  26: 0
  27: 0
  28: 0
  29: 0
  30: 0
  31: 0
  32: 0
  33: 0
  34: 0
  35: 0
  36: 0
  37: 0
  38: 0
  39: 0
  40: 0
  41: 0
  42: 0
  43: 0
  44: 0
  45: 0
  46: 0
  47: 0
  48: 0
  49: 0
  50: 0
  51: 0
  52: 0
  53: 0
  54: 0
  55: 0
  56: 0
  57: 0
  58: 0
  59: 0
  60: 0
  61: 0
  62: 0
  63: 0
 heartbeats: # Per-process heartbeats
  0: 0
  1: 0
  2: 0
  3: 0
  4: 0
  5: 0
  6: 0
  7: 0
  8: 0
  9: 0
  10: 0
  11: 0
  12: 0
  13: 0
  14: 0
  15: 0
  16: 0
  17: 0
  18: 0
  19: 0
  20: 0
  21: 0
  22: 0
  23: 0
  24: 0
  25: 0
  26: 0
  27: 0
  28: 0
  29: 0
  30: 0
  31: 0
  32: 0
  33: 0
  34: 0
  35: 0
  36: 0
  37: 0
  38: 0
  39: 0
  40: 0
  41: 0
  42: 0
  43: 0
  44: 0
  45: 0
  46: 0
  47: 0
  48: 0
  49: 0
  50: 0
  51: 0
  52: 0
  53: 0
  54: 0
  55: 0
  56: 0
  57: 0
  58: 0
  59: 0
  60: 0
  61: 0
  62: 0
  63: 0
===
