# zsim stats
===
root: # Stats
 contention: # Contention simulation stats
  domain-0: # Domain stats
   time: 12533774587 # Weave simulation time
 time: # Simulator time breakdown
  init: 4687108934
  bound: 6884338392
  weave: 12938434256
  ff: 1627614
 trigger: 20000 # Reason for this stats dump
 phase: 16614 # Simulated phases
 core: # Core stats
  core-0: # Core stats
   cycles: 16614089 # Simulated unhalted cycles
   cCycles: 292703 # Cycles due to contention stalls
   instrs: 16313912 # Simulated instructions
   spatialLocality: 7720 # Spatial Locality times 10000
   temporalLocality: 8015 # Temporal Locality times 10000
 l1d: # Cache stats
  l1d-0: # Filter cache stats
   fhGETS: 5633428 # Filtered GETS hits
   fhGETX: 4513683 # Filtered GETX hits
   hGETS: 4400 # GETS hits
   hGETX: 2201 # GETX hits
   mGETS: 7107 # GETS misses
   mGETXIM: 71 # GETX I->M misses
   mGETXSM: 0 # GETX S->M misses (upgrade misses)
   PUTS: 0 # Clean evictions (from lower level)
   PUTX: 0 # Dirty evictions (from lower level)
   INV: 4099 # Invalidates (from upper level)
   INVX: 0 # Downgrades (from upper level)
   FWD: 0 # Forwards (from upper level)
   latGETnl: 7178 # GET request latency on next level
   latGETnet: 0 # GET request latency on network to next level
   sharedRequests: 0 # Shared Requests
 l1i: # Cache stats
  l1i-0: # Filter cache stats
   fhGETS: 2314186 # Filtered GETS hits
   fhGETX: 0 # Filtered GETX hits
   hGETS: 225754 # GETS hits
   hGETX: 0 # GETX hits
   mGETS: 296 # GETS misses
   mGETXIM: 0 # GETX I->M misses
   mGETXSM: 0 # GETX S->M misses (upgrade misses)
   PUTS: 0 # Clean evictions (from lower level)
   PUTX: 0 # Dirty evictions (from lower level)
   INV: 264 # Invalidates (from upper level)
   INVX: 0 # Downgrades (from upper level)
   FWD: 0 # Forwards (from upper level)
   latGETnl: 296 # GET request latency on next level
   latGETnet: 0 # GET request latency on network to next level
   sharedRequests: 225754 # Shared Requests
 l3: # Cache stats
  l3-0b0: # Timing cache stats
   hGETS: 0 # GETS hits
   hGETX: 0 # GETX hits
   mGETS: 0 # GETS misses
   mGETXIM: 0 # GETX I->M misses
   mGETXSM: 0 # GETX S->M misses (upgrade misses)
   PUTS: 0 # Clean evictions (from lower level)
   PUTX: 0 # Dirty evictions (from lower level)
   INV: 0 # Invalidates (from upper level)
   INVX: 0 # Downgrades (from upper level)
   FWD: 0 # Forwards (from upper level)
   latGETnl: 0 # GET request latency on next level
   latGETnet: 0 # GET request latency on network to next level
   sharedRequests: 0 # Shared Requests
   occHist: # Occupancy MSHR cycle histogram
    0: 16597643
    1: 16357
    2: 0
    3: 0
    4: 0
    5: 0
    6: 0
    7: 0
    8: 0
    9: 0
    10: 0
    11: 0
    12: 0
    13: 0
    14: 0
    15: 0
    16: 0
   latHit: 338 # Cumulative latency accesses that hit (demand and non-demand)
   latMissResp: 16357 # Cumulative latency for miss start to response
   latMiss: 16357 # Cumulative latency for miss start to finish (free MSHR)
  l3-0b1: # Timing cache stats
   hGETS: 0 # GETS hits
   hGETX: 0 # GETX hits
   mGETS: 0 # GETS misses
   mGETXIM: 0 # GETX I->M misses
   mGETXSM: 0 # GETX S->M misses (upgrade misses)
   PUTS: 0 # Clean evictions (from lower level)
   PUTX: 0 # Dirty evictions (from lower level)
   INV: 0 # Invalidates (from upper level)
   INVX: 0 # Downgrades (from upper level)
   FWD: 0 # Forwards (from upper level)
   latGETnl: 0 # GET request latency on next level
   latGETnet: 0 # GET request latency on network to next level
   sharedRequests: 0 # Shared Requests
   occHist: # Occupancy MSHR cycle histogram
    0: 16598017
    1: 15983
    2: 0
    3: 0
    4: 0
    5: 0
    6: 0
    7: 0
    8: 0
    9: 0
    10: 0
    11: 0
    12: 0
    13: 0
    14: 0
    15: 0
    16: 0
   latHit: 338 # Cumulative latency accesses that hit (demand and non-demand)
   latMissResp: 15983 # Cumulative latency for miss start to response
   latMiss: 15983 # Cumulative latency for miss start to finish (free MSHR)
  l3-0b2: # Timing cache stats
   hGETS: 0 # GETS hits
   hGETX: 0 # GETX hits
   mGETS: 0 # GETS misses
   mGETXIM: 0 # GETX I->M misses
   mGETXSM: 0 # GETX S->M misses (upgrade misses)
   PUTS: 0 # Clean evictions (from lower level)
   PUTX: 0 # Dirty evictions (from lower level)
   INV: 0 # Invalidates (from upper level)
   INVX: 0 # Downgrades (from upper level)
   FWD: 0 # Forwards (from upper level)
   latGETnl: 0 # GET request latency on next level
   latGETnet: 0 # GET request latency on network to next level
   sharedRequests: 0 # Shared Requests
   occHist: # Occupancy MSHR cycle histogram
    0: 16595220
    1: 18780
    2: 0
    3: 0
    4: 0
    5: 0
    6: 0
    7: 0
    8: 0
    9: 0
    10: 0
    11: 0
    12: 0
    13: 0
    14: 0
    15: 0
    16: 0
   latHit: 42 # Cumulative latency accesses that hit (demand and non-demand)
   latMissResp: 18780 # Cumulative latency for miss start to response
   latMiss: 18780 # Cumulative latency for miss start to finish (free MSHR)
  l3-0b3: # Timing cache stats
   hGETS: 0 # GETS hits
   hGETX: 0 # GETX hits
   mGETS: 0 # GETS misses
   mGETXIM: 0 # GETX I->M misses
   mGETXSM: 0 # GETX S->M misses (upgrade misses)
   PUTS: 0 # Clean evictions (from lower level)
   PUTX: 0 # Dirty evictions (from lower level)
   INV: 0 # Invalidates (from upper level)
   INVX: 0 # Downgrades (from upper level)
   FWD: 0 # Forwards (from upper level)
   latGETnl: 0 # GET request latency on next level
   latGETnet: 0 # GET request latency on network to next level
   sharedRequests: 0 # Shared Requests
   occHist: # Occupancy MSHR cycle histogram
    0: 16590098
    1: 23902
    2: 0
    3: 0
    4: 0
    5: 0
    6: 0
    7: 0
    8: 0
    9: 0
    10: 0
    11: 0
    12: 0
    13: 0
    14: 0
    15: 0
    16: 0
   latHit: 90 # Cumulative latency accesses that hit (demand and non-demand)
   latMissResp: 23902 # Cumulative latency for miss start to response
   latMiss: 23902 # Cumulative latency for miss start to finish (free MSHR)
  l3-0b4: # Timing cache stats
   hGETS: 0 # GETS hits
   hGETX: 0 # GETX hits
   mGETS: 0 # GETS misses
   mGETXIM: 0 # GETX I->M misses
   mGETXSM: 0 # GETX S->M misses (upgrade misses)
   PUTS: 0 # Clean evictions (from lower level)
   PUTX: 0 # Dirty evictions (from lower level)
   INV: 0 # Invalidates (from upper level)
   INVX: 0 # Downgrades (from upper level)
   FWD: 0 # Forwards (from upper level)
   latGETnl: 0 # GET request latency on next level
   latGETnet: 0 # GET request latency on network to next level
   sharedRequests: 0 # Shared Requests
   occHist: # Occupancy MSHR cycle histogram
    0: 16596316
    1: 17684
    2: 0
    3: 0
    4: 0
    5: 0
    6: 0
    7: 0
    8: 0
    9: 0
    10: 0
    11: 0
    12: 0
    13: 0
    14: 0
    15: 0
    16: 0
   latHit: 113 # Cumulative latency accesses that hit (demand and non-demand)
   latMissResp: 17680 # Cumulative latency for miss start to response
   latMiss: 17684 # Cumulative latency for miss start to finish (free MSHR)
  l3-0b5: # Timing cache stats
   hGETS: 0 # GETS hits
   hGETX: 0 # GETX hits
   mGETS: 0 # GETS misses
   mGETXIM: 0 # GETX I->M misses
   mGETXSM: 0 # GETX S->M misses (upgrade misses)
   PUTS: 0 # Clean evictions (from lower level)
   PUTX: 0 # Dirty evictions (from lower level)
   INV: 0 # Invalidates (from upper level)
   INVX: 0 # Downgrades (from upper level)
   FWD: 0 # Forwards (from upper level)
   latGETnl: 0 # GET request latency on next level
   latGETnet: 0 # GET request latency on network to next level
   sharedRequests: 0 # Shared Requests
   occHist: # Occupancy MSHR cycle histogram
    0: 16596025
    1: 17967
    2: 8
    3: 0
    4: 0
    5: 0
    6: 0
    7: 0
    8: 0
    9: 0
    10: 0
    11: 0
    12: 0
    13: 0
    14: 0
    15: 0
    16: 0
   latHit: 116 # Cumulative latency accesses that hit (demand and non-demand)
   latMissResp: 17975 # Cumulative latency for miss start to response
   latMiss: 17983 # Cumulative latency for miss start to finish (free MSHR)
  l3-0b6: # Timing cache stats
   hGETS: 0 # GETS hits
   hGETX: 0 # GETX hits
   mGETS: 0 # GETS misses
   mGETXIM: 0 # GETX I->M misses
   mGETXSM: 0 # GETX S->M misses (upgrade misses)
   PUTS: 0 # Clean evictions (from lower level)
   PUTX: 0 # Dirty evictions (from lower level)
   INV: 0 # Invalidates (from upper level)
   INVX: 0 # Downgrades (from upper level)
   FWD: 0 # Forwards (from upper level)
   latGETnl: 0 # GET request latency on next level
   latGETnet: 0 # GET request latency on network to next level
   sharedRequests: 0 # Shared Requests
   occHist: # Occupancy MSHR cycle histogram
    0: 16597485
    1: 16507
    2: 8
    3: 0
    4: 0
    5: 0
    6: 0
    7: 0
    8: 0
    9: 0
    10: 0
    11: 0
    12: 0
    13: 0
    14: 0
    15: 0
    16: 0
   latHit: 257 # Cumulative latency accesses that hit (demand and non-demand)
   latMissResp: 16515 # Cumulative latency for miss start to response
   latMiss: 16523 # Cumulative latency for miss start to finish (free MSHR)
  l3-0b7: # Timing cache stats
   hGETS: 0 # GETS hits
   hGETX: 0 # GETX hits
   mGETS: 0 # GETS misses
   mGETXIM: 0 # GETX I->M misses
   mGETXSM: 0 # GETX S->M misses (upgrade misses)
   PUTS: 0 # Clean evictions (from lower level)
   PUTX: 0 # Dirty evictions (from lower level)
   INV: 0 # Invalidates (from upper level)
   INVX: 0 # Downgrades (from upper level)
   FWD: 0 # Forwards (from upper level)
   latGETnl: 0 # GET request latency on next level
   latGETnet: 0 # GET request latency on network to next level
   sharedRequests: 0 # Shared Requests
   occHist: # Occupancy MSHR cycle histogram
    0: 16588666
    1: 25334
    2: 0
    3: 0
    4: 0
    5: 0
    6: 0
    7: 0
    8: 0
    9: 0
    10: 0
    11: 0
    12: 0
    13: 0
    14: 0
    15: 0
    16: 0
   latHit: 114 # Cumulative latency accesses that hit (demand and non-demand)
   latMissResp: 25334 # Cumulative latency for miss start to response
   latMiss: 25334 # Cumulative latency for miss start to finish (free MSHR)
  l3-0b8: # Timing cache stats
   hGETS: 0 # GETS hits
   hGETX: 0 # GETX hits
   mGETS: 0 # GETS misses
   mGETXIM: 0 # GETX I->M misses
   mGETXSM: 0 # GETX S->M misses (upgrade misses)
   PUTS: 0 # Clean evictions (from lower level)
   PUTX: 0 # Dirty evictions (from lower level)
   INV: 0 # Invalidates (from upper level)
   INVX: 0 # Downgrades (from upper level)
   FWD: 0 # Forwards (from upper level)
   latGETnl: 0 # GET request latency on next level
   latGETnet: 0 # GET request latency on network to next level
   sharedRequests: 0 # Shared Requests
   occHist: # Occupancy MSHR cycle histogram
    0: 16597121
    1: 16879
    2: 0
    3: 0
    4: 0
    5: 0
    6: 0
    7: 0
    8: 0
    9: 0
    10: 0
    11: 0
    12: 0
    13: 0
    14: 0
    15: 0
    16: 0
   latHit: 112 # Cumulative latency accesses that hit (demand and non-demand)
   latMissResp: 16879 # Cumulative latency for miss start to response
   latMiss: 16879 # Cumulative latency for miss start to finish (free MSHR)
  l3-0b9: # Timing cache stats
   hGETS: 0 # GETS hits
   hGETX: 0 # GETX hits
   mGETS: 0 # GETS misses
   mGETXIM: 0 # GETX I->M misses
   mGETXSM: 0 # GETX S->M misses (upgrade misses)
   PUTS: 0 # Clean evictions (from lower level)
   PUTX: 0 # Dirty evictions (from lower level)
   INV: 0 # Invalidates (from upper level)
   INVX: 0 # Downgrades (from upper level)
   FWD: 0 # Forwards (from upper level)
   latGETnl: 0 # GET request latency on next level
   latGETnet: 0 # GET request latency on network to next level
   sharedRequests: 0 # Shared Requests
   occHist: # Occupancy MSHR cycle histogram
    0: 16597074
    1: 16926
    2: 0
    3: 0
    4: 0
    5: 0
    6: 0
    7: 0
    8: 0
    9: 0
    10: 0
    11: 0
    12: 0
    13: 0
    14: 0
    15: 0
    16: 0
   latHit: 99 # Cumulative latency accesses that hit (demand and non-demand)
   latMissResp: 16926 # Cumulative latency for miss start to response
   latMiss: 16926 # Cumulative latency for miss start to finish (free MSHR)
  l3-0b10: # Timing cache stats
   hGETS: 0 # GETS hits
   hGETX: 0 # GETX hits
   mGETS: 0 # GETS misses
   mGETXIM: 0 # GETX I->M misses
   mGETXSM: 0 # GETX S->M misses (upgrade misses)
   PUTS: 0 # Clean evictions (from lower level)
   PUTX: 0 # Dirty evictions (from lower level)
   INV: 0 # Invalidates (from upper level)
   INVX: 0 # Downgrades (from upper level)
   FWD: 0 # Forwards (from upper level)
   latGETnl: 0 # GET request latency on next level
   latGETnet: 0 # GET request latency on network to next level
   sharedRequests: 0 # Shared Requests
   occHist: # Occupancy MSHR cycle histogram
    0: 16596902
    1: 17098
    2: 0
    3: 0
    4: 0
    5: 0
    6: 0
    7: 0
    8: 0
    9: 0
    10: 0
    11: 0
    12: 0
    13: 0
    14: 0
    15: 0
    16: 0
   latHit: 191 # Cumulative latency accesses that hit (demand and non-demand)
   latMissResp: 17098 # Cumulative latency for miss start to response
   latMiss: 17098 # Cumulative latency for miss start to finish (free MSHR)
  l3-0b11: # Timing cache stats
   hGETS: 0 # GETS hits
   hGETX: 0 # GETX hits
   mGETS: 0 # GETS misses
   mGETXIM: 0 # GETX I->M misses
   mGETXSM: 0 # GETX S->M misses (upgrade misses)
   PUTS: 0 # Clean evictions (from lower level)
   PUTX: 0 # Dirty evictions (from lower level)
   INV: 0 # Invalidates (from upper level)
   INVX: 0 # Downgrades (from upper level)
   FWD: 0 # Forwards (from upper level)
   latGETnl: 0 # GET request latency on next level
   latGETnet: 0 # GET request latency on network to next level
   sharedRequests: 0 # Shared Requests
   occHist: # Occupancy MSHR cycle histogram
    0: 16590246
    1: 23754
    2: 0
    3: 0
    4: 0
    5: 0
    6: 0
    7: 0
    8: 0
    9: 0
    10: 0
    11: 0
    12: 0
    13: 0
    14: 0
    15: 0
    16: 0
   latHit: 154 # Cumulative latency accesses that hit (demand and non-demand)
   latMissResp: 23754 # Cumulative latency for miss start to response
   latMiss: 23754 # Cumulative latency for miss start to finish (free MSHR)
  l3-0b12: # Timing cache stats
   hGETS: 0 # GETS hits
   hGETX: 0 # GETX hits
   mGETS: 0 # GETS misses
   mGETXIM: 0 # GETX I->M misses
   mGETXSM: 0 # GETX S->M misses (upgrade misses)
   PUTS: 0 # Clean evictions (from lower level)
   PUTX: 0 # Dirty evictions (from lower level)
   INV: 0 # Invalidates (from upper level)
   INVX: 0 # Downgrades (from upper level)
   FWD: 0 # Forwards (from upper level)
   latGETnl: 0 # GET request latency on next level
   latGETnet: 0 # GET request latency on network to next level
   sharedRequests: 0 # Shared Requests
   occHist: # Occupancy MSHR cycle histogram
    0: 16596814
    1: 17186
    2: 0
    3: 0
    4: 0
    5: 0
    6: 0
    7: 0
    8: 0
    9: 0
    10: 0
    11: 0
    12: 0
    13: 0
    14: 0
    15: 0
    16: 0
   latHit: 99 # Cumulative latency accesses that hit (demand and non-demand)
   latMissResp: 17186 # Cumulative latency for miss start to response
   latMiss: 17186 # Cumulative latency for miss start to finish (free MSHR)
  l3-0b13: # Timing cache stats
   hGETS: 0 # GETS hits
   hGETX: 0 # GETX hits
   mGETS: 0 # GETS misses
   mGETXIM: 0 # GETX I->M misses
   mGETXSM: 0 # GETX S->M misses (upgrade misses)
   PUTS: 0 # Clean evictions (from lower level)
   PUTX: 0 # Dirty evictions (from lower level)
   INV: 0 # Invalidates (from upper level)
   INVX: 0 # Downgrades (from upper level)
   FWD: 0 # Forwards (from upper level)
   latGETnl: 0 # GET request latency on next level
   latGETnet: 0 # GET request latency on network to next level
   sharedRequests: 0 # Shared Requests
   occHist: # Occupancy MSHR cycle histogram
    0: 16597355
    1: 16645
    2: 0
    3: 0
    4: 0
    5: 0
    6: 0
    7: 0
    8: 0
    9: 0
    10: 0
    11: 0
    12: 0
    13: 0
    14: 0
    15: 0
    16: 0
   latHit: 158 # Cumulative latency accesses that hit (demand and non-demand)
   latMissResp: 16645 # Cumulative latency for miss start to response
   latMiss: 16645 # Cumulative latency for miss start to finish (free MSHR)
  l3-0b14: # Timing cache stats
   hGETS: 0 # GETS hits
   hGETX: 0 # GETX hits
   mGETS: 0 # GETS misses
   mGETXIM: 0 # GETX I->M misses
   mGETXSM: 0 # GETX S->M misses (upgrade misses)
   PUTS: 0 # Clean evictions (from lower level)
   PUTX: 0 # Dirty evictions (from lower level)
   INV: 0 # Invalidates (from upper level)
   INVX: 0 # Downgrades (from upper level)
   FWD: 0 # Forwards (from upper level)
   latGETnl: 0 # GET request latency on next level
   latGETnet: 0 # GET request latency on network to next level
   sharedRequests: 0 # Shared Requests
   occHist: # Occupancy MSHR cycle histogram
    0: 16597887
    1: 16113
    2: 0
    3: 0
    4: 0
    5: 0
    6: 0
    7: 0
    8: 0
    9: 0
    10: 0
    11: 0
    12: 0
    13: 0
    14: 0
    15: 0
    16: 0
   latHit: 154 # Cumulative latency accesses that hit (demand and non-demand)
   latMissResp: 16113 # Cumulative latency for miss start to response
   latMiss: 16113 # Cumulative latency for miss start to finish (free MSHR)
  l3-0b15: # Timing cache stats
   hGETS: 0 # GETS hits
   hGETX: 0 # GETX hits
   mGETS: 0 # GETS misses
   mGETXIM: 0 # GETX I->M misses
   mGETXSM: 0 # GETX S->M misses (upgrade misses)
   PUTS: 0 # Clean evictions (from lower level)
   PUTX: 0 # Dirty evictions (from lower level)
   INV: 0 # Invalidates (from upper level)
   INVX: 0 # Downgrades (from upper level)
   FWD: 0 # Forwards (from upper level)
   latGETnl: 0 # GET request latency on next level
   latGETnet: 0 # GET request latency on network to next level
   sharedRequests: 0 # Shared Requests
   occHist: # Occupancy MSHR cycle histogram
    0: 16590966
    1: 23034
    2: 0
    3: 0
    4: 0
    5: 0
    6: 0
    7: 0
    8: 0
    9: 0
    10: 0
    11: 0
    12: 0
    13: 0
    14: 0
    15: 0
    16: 0
   latHit: 231 # Cumulative latency accesses that hit (demand and non-demand)
   latMissResp: 23034 # Cumulative latency for miss start to response
   latMiss: 23034 # Cumulative latency for miss start to finish (free MSHR)
 mem: # Memory controller stats
  mem-0: # Memory controller stats
   rd: 7458 # Read requests
   wr: 67 # Write requests
   rdlat: 300160 # Total latency experienced by read requests
   wrlat: 1434 # Total latency experienced by write requests
   reissuedAccesses: 0 # Number of accesses that were reissued due to full queue
 sched: # Scheduler stats
  thCr: 1 # Threads created
  thFn: 1 # Threads finished
  schedEvs: 1 # Schedule events
  waitEvs: 0 # Wait events
  handoffEvs: 0 # Handoff events
  sleepEvs: 0 # Sleep events
  idlePhases: 0 # Phases with no thread active
  idlePeriods: 0 # Periods with no thread active
  occHist: # Occupancy histogram
   0: 0
   1: 16614
  rqSzHist: # Run queue size histogram
   0: 16614
   1: 0
   2: 0
   3: 0
   4: 0
   5: 0
   6: 0
   7: 0
   8: 0
   9: 0
   10: 0
   11: 0
   12: 0
   13: 0
   14: 0
   15: 0
   16: 0
 procCycles: # Per-process unhalted core cycles
  0: 16614089
  1: 0
  2: 0
  3: 0
  4: 0
  5: 0
  6: 0
  7: 0
  8: 0
  9: 0
  10: 0
  11: 0
  12: 0
  13: 0
  14: 0
  15: 0
  16: 0
  17: 0
  18: 0
  19: 0
  20: 0
  21: 0
  22: 0
  23: 0
  24: 0
  25: 0
  26: 0
  27: 0
  28: 0
  29: 0
  30: 0
  31: 0
  32: 0
  33: 0
  34: 0
  35: 0
  36: 0
  37: 0
  38: 0
  39: 0
  40: 0
  41: 0
  42: 0
  43: 0
  44: 0
  45: 0
  46: 0
  47: 0
  48: 0
  49: 0
  50: 0
  51: 0
  52: 0
  53: 0
  54: 0
  55: 0
  56: 0
  57: 0
  58: 0
  59: 0
  60: 0
  61: 0
  62: 0
  63: 0
 procInstrs: # Per-process instructions
  0: 16313912
  1: 0
  2: 0
  3: 0
  4: 0
  5: 0
  6: 0
  7: 0
  8: 0
  9: 0
  10: 0
  11: 0
  12: 0
  13: 0
  14: 0
  15: 0
  16: 0
  17: 0
  18: 0
  19: 0
  20: 0
  21: 0
  22: 0
  23: 0
  24: 0
  25: 0
  26: 0
  27: 0
  28: 0
  29: 0
  30: 0
  31: 0
  32: 0
  33: 0
  34: 0
  35: 0
  36: 0
  37: 0
  38: 0
  39: 0
  40: 0
  41: 0
  42: 0
  43: 0
  44: 0
  45: 0
  46: 0
  47: 0
  48: 0
  49: 0
  50: 0
  51: 0
  52: 0
  53: 0
  54: 0
  55: 0
  56: 0
  57: 0
  58: 0
  59: 0
  60: 0
  61: 0
  62: 0
  63: 0
 heartbeats: # Per-process heartbeats
  0: 0
  1: 0
  2: 0
  3: 0
  4: 0
  5: 0
  6: 0
  7: 0
  8: 0
  9: 0
  10: 0
  11: 0
  12: 0
  13: 0
  14: 0
  15: 0
  16: 0
  17: 0
  18: 0
  19: 0
  20: 0
  21: 0
  22: 0
  23: 0
  24: 0
  25: 0
  26: 0
  27: 0
  28: 0
  29: 0
  30: 0
  31: 0
  32: 0
  33: 0
  34: 0
  35: 0
  36: 0
  37: 0
  38: 0
  39: 0
  40: 0
  41: 0
  42: 0
  43: 0
  44: 0
  45: 0
  46: 0
  47: 0
  48: 0
  49: 0
  50: 0
  51: 0
  52: 0
  53: 0
  54: 0
  55: 0
  56: 0
  57: 0
  58: 0
  59: 0
  60: 0
  61: 0
  62: 0
  63: 0
===
