# zsim stats
===
root: # Stats
 contention: # Contention simulation stats
  domain-0: # Domain stats
   time: 21555089880954 # Weave simulation time
 time: # Simulator time breakdown
  init: 4254417073
  bound: 1317937147885
  weave: 24071180662839
  ff: 6160892
 trigger: 20000 # Reason for this stats dump
 phase: 23908613 # Simulated phases
 core: # Core stats
  core-0: # Core stats
   cycles: 23908613604 # Simulated unhalted cycles
   cCycles: 7524163194 # Cycles due to contention stalls
   instrs: 16187351940 # Simulated instructions
   spatialLocality: 6574 # Spatial Locality times 10000
   temporalLocality: 5423 # Temporal Locality times 10000
 l1d: # Cache stats
  l1d-0: # Filter cache stats
   fhGETS: 5509818402 # Filtered GETS hits
   fhGETX: 2180337749 # Filtered GETX hits
   hGETS: 135971910 # GETS hits
   hGETX: 159124752 # GETX hits
   mGETS: 55396341 # GETS misses
   mGETXIM: 98891482 # GETX I->M misses
   mGETXSM: 0 # GETX S->M misses (upgrade misses)
   PUTS: 0 # Clean evictions (from lower level)
   PUTX: 0 # Dirty evictions (from lower level)
   INV: 115692788 # Invalidates (from upper level)
   INVX: 0 # Downgrades (from upper level)
   FWD: 0 # Forwards (from upper level)
   latGETnl: 154287823 # GET request latency on next level
   latGETnet: 0 # GET request latency on network to next level
   sharedRequests: 0 # Shared Requests
 l1i: # Cache stats
  l1i-0: # Filter cache stats
   fhGETS: 1932463019 # Filtered GETS hits
   fhGETX: 0 # Filtered GETX hits
   hGETS: 6517088 # GETS hits
   hGETX: 0 # GETX hits
   mGETS: 42810647 # GETS misses
   mGETXIM: 0 # GETX I->M misses
   mGETXSM: 0 # GETX S->M misses (upgrade misses)
   PUTS: 0 # Clean evictions (from lower level)
   PUTX: 0 # Dirty evictions (from lower level)
   INV: 42794231 # Invalidates (from upper level)
   INVX: 0 # Downgrades (from upper level)
   FWD: 0 # Forwards (from upper level)
   latGETnl: 42810647 # GET request latency on next level
   latGETnet: 0 # GET request latency on network to next level
   sharedRequests: 6517088 # Shared Requests
 l3: # Cache stats
  l3-0b0: # Timing cache stats
   hGETS: 0 # GETS hits
   hGETX: 0 # GETX hits
   mGETS: 0 # GETS misses
   mGETXIM: 0 # GETX I->M misses
   mGETXSM: 0 # GETX S->M misses (upgrade misses)
   PUTS: 0 # Clean evictions (from lower level)
   PUTX: 0 # Dirty evictions (from lower level)
   INV: 0 # Invalidates (from upper level)
   INVX: 0 # Downgrades (from upper level)
   FWD: 0 # Forwards (from upper level)
   latGETnl: 0 # GET request latency on next level
   latGETnet: 0 # GET request latency on network to next level
   sharedRequests: 0 # Shared Requests
   occHist: # Occupancy MSHR cycle histogram
    0: 23346345677
    1: 534621279
    2: 27627772
    3: 18027
    4: 245
    5: 0
    6: 0
    7: 0
    8: 0
    9: 0
    10: 0
    11: 0
    12: 0
    13: 0
    14: 0
    15: 0
    16: 0
   latHit: 15516 # Cumulative latency accesses that hit (demand and non-demand)
   latMissResp: 578301717 # Cumulative latency for miss start to response
   latMiss: 589931884 # Cumulative latency for miss start to finish (free MSHR)
  l3-0b1: # Timing cache stats
   hGETS: 0 # GETS hits
   hGETX: 0 # GETX hits
   mGETS: 0 # GETS misses
   mGETXIM: 0 # GETX I->M misses
   mGETXSM: 0 # GETX S->M misses (upgrade misses)
   PUTS: 0 # Clean evictions (from lower level)
   PUTX: 0 # Dirty evictions (from lower level)
   INV: 0 # Invalidates (from upper level)
   INVX: 0 # Downgrades (from upper level)
   FWD: 0 # Forwards (from upper level)
   latGETnl: 0 # GET request latency on next level
   latGETnet: 0 # GET request latency on network to next level
   sharedRequests: 0 # Shared Requests
   occHist: # Occupancy MSHR cycle histogram
    0: 23328691771
    1: 554013253
    2: 25890377
    3: 17547
    4: 52
    5: 0
    6: 0
    7: 0
    8: 0
    9: 0
    10: 0
    11: 0
    12: 0
    13: 0
    14: 0
    15: 0
    16: 0
   latHit: 14837 # Cumulative latency accesses that hit (demand and non-demand)
   latMissResp: 589029669 # Cumulative latency for miss start to response
   latMiss: 605846856 # Cumulative latency for miss start to finish (free MSHR)
  l3-0b2: # Timing cache stats
   hGETS: 0 # GETS hits
   hGETX: 0 # GETX hits
   mGETS: 0 # GETS misses
   mGETXIM: 0 # GETX I->M misses
   mGETXSM: 0 # GETX S->M misses (upgrade misses)
   PUTS: 0 # Clean evictions (from lower level)
   PUTX: 0 # Dirty evictions (from lower level)
   INV: 0 # Invalidates (from upper level)
   INVX: 0 # Downgrades (from upper level)
   FWD: 0 # Forwards (from upper level)
   latGETnl: 0 # GET request latency on next level
   latGETnet: 0 # GET request latency on network to next level
   sharedRequests: 0 # Shared Requests
   occHist: # Occupancy MSHR cycle histogram
    0: 23393525527
    1: 476546934
    2: 38523043
    3: 17291
    4: 205
    5: 0
    6: 0
    7: 0
    8: 0
    9: 0
    10: 0
    11: 0
    12: 0
    13: 0
    14: 0
    15: 0
    16: 0
   latHit: 28344 # Cumulative latency accesses that hit (demand and non-demand)
   latMissResp: 546502438 # Cumulative latency for miss start to response
   latMiss: 553645713 # Cumulative latency for miss start to finish (free MSHR)
  l3-0b3: # Timing cache stats
   hGETS: 0 # GETS hits
   hGETX: 0 # GETX hits
   mGETS: 0 # GETS misses
   mGETXIM: 0 # GETX I->M misses
   mGETXSM: 0 # GETX S->M misses (upgrade misses)
   PUTS: 0 # Clean evictions (from lower level)
   PUTX: 0 # Dirty evictions (from lower level)
   INV: 0 # Invalidates (from upper level)
   INVX: 0 # Downgrades (from upper level)
   FWD: 0 # Forwards (from upper level)
   latGETnl: 0 # GET request latency on next level
   latGETnet: 0 # GET request latency on network to next level
   sharedRequests: 0 # Shared Requests
   occHist: # Occupancy MSHR cycle histogram
    0: 23389853908
    1: 492469449
    2: 26274438
    3: 14866
    4: 339
    5: 0
    6: 0
    7: 0
    8: 0
    9: 0
    10: 0
    11: 0
    12: 0
    13: 0
    14: 0
    15: 0
    16: 0
   latHit: 26839 # Cumulative latency accesses that hit (demand and non-demand)
   latMissResp: 531653890 # Cumulative latency for miss start to response
   latMiss: 545064279 # Cumulative latency for miss start to finish (free MSHR)
  l3-0b4: # Timing cache stats
   hGETS: 0 # GETS hits
   hGETX: 0 # GETX hits
   mGETS: 0 # GETS misses
   mGETXIM: 0 # GETX I->M misses
   mGETXSM: 0 # GETX S->M misses (upgrade misses)
   PUTS: 0 # Clean evictions (from lower level)
   PUTX: 0 # Dirty evictions (from lower level)
   INV: 0 # Invalidates (from upper level)
   INVX: 0 # Downgrades (from upper level)
   FWD: 0 # Forwards (from upper level)
   latGETnl: 0 # GET request latency on next level
   latGETnet: 0 # GET request latency on network to next level
   sharedRequests: 0 # Shared Requests
   occHist: # Occupancy MSHR cycle histogram
    0: 23361329799
    1: 522269756
    2: 24994225
    3: 19203
    4: 17
    5: 0
    6: 0
    7: 0
    8: 0
    9: 0
    10: 0
    11: 0
    12: 0
    13: 0
    14: 0
    15: 0
    16: 0
   latHit: 21314 # Cumulative latency accesses that hit (demand and non-demand)
   latMissResp: 560390929 # Cumulative latency for miss start to response
   latMiss: 572315883 # Cumulative latency for miss start to finish (free MSHR)
  l3-0b5: # Timing cache stats
   hGETS: 0 # GETS hits
   hGETX: 0 # GETX hits
   mGETS: 0 # GETS misses
   mGETXIM: 0 # GETX I->M misses
   mGETXSM: 0 # GETX S->M misses (upgrade misses)
   PUTS: 0 # Clean evictions (from lower level)
   PUTX: 0 # Dirty evictions (from lower level)
   INV: 0 # Invalidates (from upper level)
   INVX: 0 # Downgrades (from upper level)
   FWD: 0 # Forwards (from upper level)
   latGETnl: 0 # GET request latency on next level
   latGETnet: 0 # GET request latency on network to next level
   sharedRequests: 0 # Shared Requests
   occHist: # Occupancy MSHR cycle histogram
    0: 23410033780
    1: 468814399
    2: 29749154
    3: 15504
    4: 163
    5: 0
    6: 0
    7: 0
    8: 0
    9: 0
    10: 0
    11: 0
    12: 0
    13: 0
    14: 0
    15: 0
    16: 0
   latHit: 23304 # Cumulative latency accesses that hit (demand and non-demand)
   latMissResp: 516512259 # Cumulative latency for miss start to response
   latMiss: 528359871 # Cumulative latency for miss start to finish (free MSHR)
  l3-0b6: # Timing cache stats
   hGETS: 0 # GETS hits
   hGETX: 0 # GETX hits
   mGETS: 0 # GETS misses
   mGETXIM: 0 # GETX I->M misses
   mGETXSM: 0 # GETX S->M misses (upgrade misses)
   PUTS: 0 # Clean evictions (from lower level)
   PUTX: 0 # Dirty evictions (from lower level)
   INV: 0 # Invalidates (from upper level)
   INVX: 0 # Downgrades (from upper level)
   FWD: 0 # Forwards (from upper level)
   latGETnl: 0 # GET request latency on next level
   latGETnet: 0 # GET request latency on network to next level
   sharedRequests: 0 # Shared Requests
   occHist: # Occupancy MSHR cycle histogram
    0: 23314552518
    1: 565307060
    2: 28742701
    3: 10714
    4: 7
    5: 0
    6: 0
    7: 0
    8: 0
    9: 0
    10: 0
    11: 0
    12: 0
    13: 0
    14: 0
    15: 0
    16: 0
   latHit: 18507 # Cumulative latency accesses that hit (demand and non-demand)
   latMissResp: 611461901 # Cumulative latency for miss start to response
   latMiss: 622824632 # Cumulative latency for miss start to finish (free MSHR)
  l3-0b7: # Timing cache stats
   hGETS: 0 # GETS hits
   hGETX: 0 # GETX hits
   mGETS: 0 # GETS misses
   mGETXIM: 0 # GETX I->M misses
   mGETXSM: 0 # GETX S->M misses (upgrade misses)
   PUTS: 0 # Clean evictions (from lower level)
   PUTX: 0 # Dirty evictions (from lower level)
   INV: 0 # Invalidates (from upper level)
   INVX: 0 # Downgrades (from upper level)
   FWD: 0 # Forwards (from upper level)
   latGETnl: 0 # GET request latency on next level
   latGETnet: 0 # GET request latency on network to next level
   sharedRequests: 0 # Shared Requests
   occHist: # Occupancy MSHR cycle histogram
    0: 23393375944
    1: 486888596
    2: 28318079
    3: 30252
    4: 129
    5: 0
    6: 0
    7: 0
    8: 0
    9: 0
    10: 0
    11: 0
    12: 0
    13: 0
    14: 0
    15: 0
    16: 0
   latHit: 20077 # Cumulative latency accesses that hit (demand and non-demand)
   latMissResp: 529619587 # Cumulative latency for miss start to response
   latMiss: 543616026 # Cumulative latency for miss start to finish (free MSHR)
  l3-0b8: # Timing cache stats
   hGETS: 0 # GETS hits
   hGETX: 0 # GETX hits
   mGETS: 0 # GETS misses
   mGETXIM: 0 # GETX I->M misses
   mGETXSM: 0 # GETX S->M misses (upgrade misses)
   PUTS: 0 # Clean evictions (from lower level)
   PUTX: 0 # Dirty evictions (from lower level)
   INV: 0 # Invalidates (from upper level)
   INVX: 0 # Downgrades (from upper level)
   FWD: 0 # Forwards (from upper level)
   latGETnl: 0 # GET request latency on next level
   latGETnet: 0 # GET request latency on network to next level
   sharedRequests: 0 # Shared Requests
   occHist: # Occupancy MSHR cycle histogram
    0: 23312760767
    1: 551058213
    2: 44771241
    3: 22558
    4: 221
    5: 0
    6: 0
    7: 0
    8: 0
    9: 0
    10: 0
    11: 0
    12: 0
    13: 0
    14: 0
    15: 0
    16: 0
   latHit: 132671 # Cumulative latency accesses that hit (demand and non-demand)
   latMissResp: 629114279 # Cumulative latency for miss start to response
   latMiss: 640669207 # Cumulative latency for miss start to finish (free MSHR)
  l3-0b9: # Timing cache stats
   hGETS: 0 # GETS hits
   hGETX: 0 # GETX hits
   mGETS: 0 # GETS misses
   mGETXIM: 0 # GETX I->M misses
   mGETXSM: 0 # GETX S->M misses (upgrade misses)
   PUTS: 0 # Clean evictions (from lower level)
   PUTX: 0 # Dirty evictions (from lower level)
   INV: 0 # Invalidates (from upper level)
   INVX: 0 # Downgrades (from upper level)
   FWD: 0 # Forwards (from upper level)
   latGETnl: 0 # GET request latency on next level
   latGETnet: 0 # GET request latency on network to next level
   sharedRequests: 0 # Shared Requests
   occHist: # Occupancy MSHR cycle histogram
    0: 23390686392
    1: 486395308
    2: 31504890
    3: 26163
    4: 247
    5: 0
    6: 0
    7: 0
    8: 0
    9: 0
    10: 0
    11: 0
    12: 0
    13: 0
    14: 0
    15: 0
    16: 0
   latHit: 13970 # Cumulative latency accesses that hit (demand and non-demand)
   latMissResp: 535211673 # Cumulative latency for miss start to response
   latMiss: 549484565 # Cumulative latency for miss start to finish (free MSHR)
  l3-0b10: # Timing cache stats
   hGETS: 0 # GETS hits
   hGETX: 0 # GETX hits
   mGETS: 0 # GETS misses
   mGETXIM: 0 # GETX I->M misses
   mGETXSM: 0 # GETX S->M misses (upgrade misses)
   PUTS: 0 # Clean evictions (from lower level)
   PUTX: 0 # Dirty evictions (from lower level)
   INV: 0 # Invalidates (from upper level)
   INVX: 0 # Downgrades (from upper level)
   FWD: 0 # Forwards (from upper level)
   latGETnl: 0 # GET request latency on next level
   latGETnet: 0 # GET request latency on network to next level
   sharedRequests: 0 # Shared Requests
   occHist: # Occupancy MSHR cycle histogram
    0: 23271380694
    1: 594527837
    2: 42679376
    3: 25079
    4: 14
    5: 0
    6: 0
    7: 0
    8: 0
    9: 0
    10: 0
    11: 0
    12: 0
    13: 0
    14: 0
    15: 0
    16: 0
   latHit: 113755 # Cumulative latency accesses that hit (demand and non-demand)
   latMissResp: 667194566 # Cumulative latency for miss start to response
   latMiss: 679961882 # Cumulative latency for miss start to finish (free MSHR)
  l3-0b11: # Timing cache stats
   hGETS: 0 # GETS hits
   hGETX: 0 # GETX hits
   mGETS: 0 # GETS misses
   mGETXIM: 0 # GETX I->M misses
   mGETXSM: 0 # GETX S->M misses (upgrade misses)
   PUTS: 0 # Clean evictions (from lower level)
   PUTX: 0 # Dirty evictions (from lower level)
   INV: 0 # Invalidates (from upper level)
   INVX: 0 # Downgrades (from upper level)
   FWD: 0 # Forwards (from upper level)
   latGETnl: 0 # GET request latency on next level
   latGETnet: 0 # GET request latency on network to next level
   sharedRequests: 0 # Shared Requests
   occHist: # Occupancy MSHR cycle histogram
    0: 23334698465
    1: 537569353
    2: 36318131
    3: 26972
    4: 79
    5: 0
    6: 0
    7: 0
    8: 0
    9: 0
    10: 0
    11: 0
    12: 0
    13: 0
    14: 0
    15: 0
    16: 0
   latHit: 17441 # Cumulative latency accesses that hit (demand and non-demand)
   latMissResp: 597216803 # Cumulative latency for miss start to response
   latMiss: 610286847 # Cumulative latency for miss start to finish (free MSHR)
  l3-0b12: # Timing cache stats
   hGETS: 0 # GETS hits
   hGETX: 0 # GETX hits
   mGETS: 0 # GETS misses
   mGETXIM: 0 # GETX I->M misses
   mGETXSM: 0 # GETX S->M misses (upgrade misses)
   PUTS: 0 # Clean evictions (from lower level)
   PUTX: 0 # Dirty evictions (from lower level)
   INV: 0 # Invalidates (from upper level)
   INVX: 0 # Downgrades (from upper level)
   FWD: 0 # Forwards (from upper level)
   latGETnl: 0 # GET request latency on next level
   latGETnet: 0 # GET request latency on network to next level
   sharedRequests: 0 # Shared Requests
   occHist: # Occupancy MSHR cycle histogram
    0: 23256042972
    1: 614746243
    2: 37804597
    3: 19118
    4: 70
    5: 0
    6: 0
    7: 0
    8: 0
    9: 0
    10: 0
    11: 0
    12: 0
    13: 0
    14: 0
    15: 0
    16: 0
   latHit: 14477 # Cumulative latency accesses that hit (demand and non-demand)
   latMissResp: 675617848 # Cumulative latency for miss start to response
   latMiss: 690413071 # Cumulative latency for miss start to finish (free MSHR)
  l3-0b13: # Timing cache stats
   hGETS: 0 # GETS hits
   hGETX: 0 # GETX hits
   mGETS: 0 # GETS misses
   mGETXIM: 0 # GETX I->M misses
   mGETXSM: 0 # GETX S->M misses (upgrade misses)
   PUTS: 0 # Clean evictions (from lower level)
   PUTX: 0 # Dirty evictions (from lower level)
   INV: 0 # Invalidates (from upper level)
   INVX: 0 # Downgrades (from upper level)
   FWD: 0 # Forwards (from upper level)
   latGETnl: 0 # GET request latency on next level
   latGETnet: 0 # GET request latency on network to next level
   sharedRequests: 0 # Shared Requests
   occHist: # Occupancy MSHR cycle histogram
    0: 23290405450
    1: 577930880
    2: 40249406
    3: 27020
    4: 244
    5: 0
    6: 0
    7: 0
    8: 0
    9: 0
    10: 0
    11: 0
    12: 0
    13: 0
    14: 0
    15: 0
    16: 0
   latHit: 25832 # Cumulative latency accesses that hit (demand and non-demand)
   latMissResp: 644351931 # Cumulative latency for miss start to response
   latMiss: 658511728 # Cumulative latency for miss start to finish (free MSHR)
  l3-0b14: # Timing cache stats
   hGETS: 0 # GETS hits
   hGETX: 0 # GETX hits
   mGETS: 0 # GETS misses
   mGETXIM: 0 # GETX I->M misses
   mGETXSM: 0 # GETX S->M misses (upgrade misses)
   PUTS: 0 # Clean evictions (from lower level)
   PUTX: 0 # Dirty evictions (from lower level)
   INV: 0 # Invalidates (from upper level)
   INVX: 0 # Downgrades (from upper level)
   FWD: 0 # Forwards (from upper level)
   latGETnl: 0 # GET request latency on next level
   latGETnet: 0 # GET request latency on network to next level
   sharedRequests: 0 # Shared Requests
   occHist: # Occupancy MSHR cycle histogram
    0: 23303817139
    1: 559271425
    2: 45374989
    3: 147727
    4: 1720
    5: 0
    6: 0
    7: 0
    8: 0
    9: 0
    10: 0
    11: 0
    12: 0
    13: 0
    14: 0
    15: 0
    16: 0
   latHit: 23734 # Cumulative latency accesses that hit (demand and non-demand)
   latMissResp: 637662442 # Cumulative latency for miss start to response
   latMiss: 650471464 # Cumulative latency for miss start to finish (free MSHR)
  l3-0b15: # Timing cache stats
   hGETS: 0 # GETS hits
   hGETX: 0 # GETX hits
   mGETS: 0 # GETS misses
   mGETXIM: 0 # GETX I->M misses
   mGETXSM: 0 # GETX S->M misses (upgrade misses)
   PUTS: 0 # Clean evictions (from lower level)
   PUTX: 0 # Dirty evictions (from lower level)
   INV: 0 # Invalidates (from upper level)
   INVX: 0 # Downgrades (from upper level)
   FWD: 0 # Forwards (from upper level)
   latGETnl: 0 # GET request latency on next level
   latGETnet: 0 # GET request latency on network to next level
   sharedRequests: 0 # Shared Requests
   occHist: # Occupancy MSHR cycle histogram
    0: 23379477331
    1: 497542434
    2: 31512301
    3: 80801
    4: 133
    5: 0
    6: 0
    7: 0
    8: 0
    9: 0
    10: 0
    11: 0
    12: 0
    13: 0
    14: 0
    15: 0
    16: 0
   latHit: 20611 # Cumulative latency accesses that hit (demand and non-demand)
   latMissResp: 547621179 # Cumulative latency for miss start to response
   latMiss: 560809971 # Cumulative latency for miss start to finish (free MSHR)
 mem: # Memory controller stats
  mem-0: # Memory controller stats
   rd: 197098413 # Read requests
   wr: 131159180 # Write requests
   rdlat: 7721261651 # Total latency experienced by read requests
   wrlat: 4236311308 # Total latency experienced by write requests
   reissuedAccesses: 0 # Number of accesses that were reissued due to full queue
 sched: # Scheduler stats
  thCr: 1 # Threads created
  thFn: 1 # Threads finished
  schedEvs: 1 # Schedule events
  waitEvs: 0 # Wait events
  handoffEvs: 0 # Handoff events
  sleepEvs: 0 # Sleep events
  idlePhases: 0 # Phases with no thread active
  idlePeriods: 0 # Periods with no thread active
  occHist: # Occupancy histogram
   0: 0
   1: 23908613
  rqSzHist: # Run queue size histogram
   0: 23908613
   1: 0
   2: 0
   3: 0
   4: 0
   5: 0
   6: 0
   7: 0
   8: 0
   9: 0
   10: 0
   11: 0
   12: 0
   13: 0
   14: 0
   15: 0
   16: 0
 procCycles: # Per-process unhalted core cycles
  0: 23908613604
  1: 0
  2: 0
  3: 0
  4: 0
  5: 0
  6: 0
  7: 0
  8: 0
  9: 0
  10: 0
  11: 0
  12: 0
  13: 0
  14: 0
  15: 0
  16: 0
  17: 0
  18: 0
  19: 0
  20: 0
  21: 0
  22: 0
  23: 0
  24: 0
  25: 0
  26: 0
  27: 0
  28: 0
  29: 0
  30: 0
  31: 0
  32: 0
  33: 0
  34: 0
  35: 0
  36: 0
  37: 0
  38: 0
  39: 0
  40: 0
  41: 0
  42: 0
  43: 0
  44: 0
  45: 0
  46: 0
  47: 0
  48: 0
  49: 0
  50: 0
  51: 0
  52: 0
  53: 0
  54: 0
  55: 0
  56: 0
  57: 0
  58: 0
  59: 0
  60: 0
  61: 0
  62: 0
  63: 0
 procInstrs: # Per-process instructions
  0: 16187351940
  1: 0
  2: 0
  3: 0
  4: 0
  5: 0
  6: 0
  7: 0
  8: 0
  9: 0
  10: 0
  11: 0
  12: 0
  13: 0
  14: 0
  15: 0
  16: 0
  17: 0
  18: 0
  19: 0
  20: 0
  21: 0
  22: 0
  23: 0
  24: 0
  25: 0
  26: 0
  27: 0
  28: 0
  29: 0
  30: 0
  31: 0
  32: 0
  33: 0
  34: 0
  35: 0
  36: 0
  37: 0
  38: 0
  39: 0
  40: 0
  41: 0
  42: 0
  43: 0
  44: 0
  45: 0
  46: 0
  47: 0
  48: 0
  49: 0
  50: 0
  51: 0
  52: 0
  53: 0
  54: 0
  55: 0
  56: 0
  57: 0
  58: 0
  59: 0
  60: 0
  61: 0
  62: 0
  63: 0
 heartbeats: # Per-process heartbeats
  0: 0
  1: 0
  2: 0
  3: 0
  4: 0
  5: 0
  6: 0
  7: 0
  8: 0
  9: 0
  10: 0
  11: 0
  12: 0
  13: 0
  14: 0
  15: 0
  16: 0
  17: 0
  18: 0
  19: 0
  20: 0
  21: 0
  22: 0
  23: 0
  24: 0
  25: 0
  26: 0
  27: 0
  28: 0
  29: 0
  30: 0
  31: 0
  32: 0
  33: 0
  34: 0
  35: 0
  36: 0
  37: 0
  38: 0
  39: 0
  40: 0
  41: 0
  42: 0
  43: 0
  44: 0
  45: 0
  46: 0
  47: 0
  48: 0
  49: 0
  50: 0
  51: 0
  52: 0
  53: 0
  54: 0
  55: 0
  56: 0
  57: 0
  58: 0
  59: 0
  60: 0
  61: 0
  62: 0
  63: 0
===
