# zsim stats
===
root: # Stats
 contention: # Contention simulation stats
  domain-0: # Domain stats
   time: 5953079442583 # Weave simulation time
 time: # Simulator time breakdown
  init: 576537034
  bound: 10067187223909
  weave: 10610368435282
  ff: 6418114
 trigger: 20000 # Reason for this stats dump
 phase: 26368004 # Simulated phases
 core: # Core stats
  core-0: # Core stats
   cycles: 26368004423 # Simulated unhalted cycles
   cCycles: 675867115 # Cycles due to contention stalls
   instrs: 43066848254 # Simulated instructions
   uops: 58749802714 # Retired micro-ops
   branchUops: 7625265713 # Retired branch micro-ops
   fpAddSubUops: 0 # Retired floating point add and sub micro-ops
   fpMulDivUops: 0 # Retired floating point mul and div micro-ops
   bbls: 7625374603 # Basic blocks
   approxInstrs: 585844473 # Instrs with approx uop decoding
   mispredBranches: 106847655 # Mispredicted branches
   mispredInstrs: 518845696 # Instructions executed in wrong path
   mispredPenalty: 2003993261 # Cycles delayed due to branch misprediction
   opExecuted: 0 # cycles with high (more than 3) number of operations executed
   loadStallsTotal: 9392773151 # stalls due to load
   storeStallsTotal: 5639803217 # stalls due to store
   spatialLocality: 8410 # Spatial Locality times 10000
   temporalLocality: 4578 # Temporal Locality times 10000
 l1d: # Cache stats
  l1d-0: # Filter cache stats
   fhGETS: 17193328167 # Filtered GETS hits
   fhGETX: 10545287824 # Filtered GETX hits
   hGETS: 150046030 # GETS hits
   hGETX: 153663595 # GETX hits
   mGETS: 16068677 # GETS misses
   mGETXIM: 18793788 # GETX I->M misses
   mGETXSM: 0 # GETX S->M misses (upgrade misses)
   PUTS: 0 # Clean evictions (from lower level)
   PUTX: 0 # Dirty evictions (from lower level)
   INV: 38 # Invalidates (from upper level)
   INVX: 0 # Downgrades (from upper level)
   FWD: 0 # Forwards (from upper level)
   latGETnl: 974398904 # GET request latency on next level
   latGETnet: 0 # GET request latency on network to next level
   sharedRequests: 0 # Shared Requests
 l1i: # Cache stats
  l1i-0: # Filter cache stats
   fhGETS: 8872297338 # Filtered GETS hits
   fhGETX: 0 # Filtered GETX hits
   hGETS: 89475685 # GETS hits
   hGETX: 0 # GETX hits
   mGETS: 1834659 # GETS misses
   mGETXIM: 0 # GETX I->M misses
   mGETXSM: 0 # GETX S->M misses (upgrade misses)
   PUTS: 0 # Clean evictions (from lower level)
   PUTX: 0 # Dirty evictions (from lower level)
   INV: 26 # Invalidates (from upper level)
   INVX: 0 # Downgrades (from upper level)
   FWD: 0 # Forwards (from upper level)
   latGETnl: 49538702 # GET request latency on next level
   latGETnet: 0 # GET request latency on network to next level
   sharedRequests: 89475685 # Shared Requests
 l3: # Cache stats
  l3-0: # Timing cache stats
   hGETS: 3222624 # GETS hits
   hGETX: 359242 # GETX hits
   mGETS: 14680712 # GETS misses
   mGETXIM: 18434546 # GETX I->M misses
   mGETXSM: 0 # GETX S->M misses (upgrade misses)
   PUTS: 17275226 # Clean evictions (from lower level)
   PUTX: 19419819 # Dirty evictions (from lower level)
   INV: 0 # Invalidates (from upper level)
   INVX: 0 # Downgrades (from upper level)
   FWD: 0 # Forwards (from upper level)
   latGETnl: 33115258 # GET request latency on next level
   latGETnet: 0 # GET request latency on network to next level
   sharedRequests: 3665392 # Shared Requests
   occHist: # Occupancy MSHR cycle histogram
    0: 25116500278
    1: 1007360890
    2: 20902514
    3: 9164261
    4: 11481599
    5: 15164651
    6: 13919383
    7: 22747018
    8: 33354650
    9: 13808752
    10: 18530351
    11: 22095222
    12: 23436166
    13: 12035661
    14: 10023549
    15: 9797623
    16: 7681432
   latHit: 35866588 # Cumulative latency accesses that hit (demand and non-demand)
   latMissResp: 2317457105 # Cumulative latency for miss start to response
   latMiss: 3147391899 # Cumulative latency for miss start to finish (free MSHR)
 mem: # Memory controller stats
  mem-0: # Memory controller stats
   rd: 33115234 # Read requests
   wr: 18994881 # Write requests
   rdlat: 1422474755 # Total latency experienced by read requests
   wrlat: 1685301314 # Total latency experienced by write requests
   reissuedAccesses: 0 # Number of accesses that were reissued due to full queue
 sched: # Scheduler stats
  thCr: 1 # Threads created
  thFn: 1 # Threads finished
  schedEvs: 1 # Schedule events
  waitEvs: 0 # Wait events
  handoffEvs: 0 # Handoff events
  sleepEvs: 0 # Sleep events
  idlePhases: 0 # Phases with no thread active
  idlePeriods: 0 # Periods with no thread active
  occHist: # Occupancy histogram
   0: 0
   1: 26368004
  rqSzHist: # Run queue size histogram
   0: 26368004
   1: 0
   2: 0
   3: 0
   4: 0
   5: 0
   6: 0
   7: 0
   8: 0
   9: 0
   10: 0
   11: 0
   12: 0
   13: 0
   14: 0
   15: 0
   16: 0
 procCycles: # Per-process unhalted core cycles
  0: 26368004423
  1: 0
  2: 0
  3: 0
  4: 0
  5: 0
  6: 0
  7: 0
  8: 0
  9: 0
  10: 0
  11: 0
  12: 0
  13: 0
  14: 0
  15: 0
  16: 0
  17: 0
  18: 0
  19: 0
  20: 0
  21: 0
  22: 0
  23: 0
  24: 0
  25: 0
  26: 0
  27: 0
  28: 0
  29: 0
  30: 0
  31: 0
  32: 0
  33: 0
  34: 0
  35: 0
  36: 0
  37: 0
  38: 0
  39: 0
  40: 0
  41: 0
  42: 0
  43: 0
  44: 0
  45: 0
  46: 0
  47: 0
  48: 0
  49: 0
  50: 0
  51: 0
  52: 0
  53: 0
  54: 0
  55: 0
  56: 0
  57: 0
  58: 0
  59: 0
  60: 0
  61: 0
  62: 0
  63: 0
 procInstrs: # Per-process instructions
  0: 43066848254
  1: 0
  2: 0
  3: 0
  4: 0
  5: 0
  6: 0
  7: 0
  8: 0
  9: 0
  10: 0
  11: 0
  12: 0
  13: 0
  14: 0
  15: 0
  16: 0
  17: 0
  18: 0
  19: 0
  20: 0
  21: 0
  22: 0
  23: 0
  24: 0
  25: 0
  26: 0
  27: 0
  28: 0
  29: 0
  30: 0
  31: 0
  32: 0
  33: 0
  34: 0
  35: 0
  36: 0
  37: 0
  38: 0
  39: 0
  40: 0
  41: 0
  42: 0
  43: 0
  44: 0
  45: 0
  46: 0
  47: 0
  48: 0
  49: 0
  50: 0
  51: 0
  52: 0
  53: 0
  54: 0
  55: 0
  56: 0
  57: 0
  58: 0
  59: 0
  60: 0
  61: 0
  62: 0
  63: 0
 heartbeats: # Per-process heartbeats
  0: 0
  1: 0
  2: 0
  3: 0
  4: 0
  5: 0
  6: 0
  7: 0
  8: 0
  9: 0
  10: 0
  11: 0
  12: 0
  13: 0
  14: 0
  15: 0
  16: 0
  17: 0
  18: 0
  19: 0
  20: 0
  21: 0
  22: 0
  23: 0
  24: 0
  25: 0
  26: 0
  27: 0
  28: 0
  29: 0
  30: 0
  31: 0
  32: 0
  33: 0
  34: 0
  35: 0
  36: 0
  37: 0
  38: 0
  39: 0
  40: 0
  41: 0
  42: 0
  43: 0
  44: 0
  45: 0
  46: 0
  47: 0
  48: 0
  49: 0
  50: 0
  51: 0
  52: 0
  53: 0
  54: 0
  55: 0
  56: 0
  57: 0
  58: 0
  59: 0
  60: 0
  61: 0
  62: 0
  63: 0
===
