# zsim stats
===
root: # Stats
 contention: # Contention simulation stats
  domain-0: # Domain stats
   time: 5347253321372 # Weave simulation time
 time: # Simulator time breakdown
  init: 578606502
  bound: 9052670634602
  weave: 9728495196800
  ff: 7722611
 trigger: 20000 # Reason for this stats dump
 phase: 23336886 # Simulated phases
 core: # Core stats
  core-0: # Core stats
   cycles: 23336886383 # Simulated unhalted cycles
   cCycles: 611045333 # Cycles due to contention stalls
   instrs: 38182123083 # Simulated instructions
   uops: 52096062621 # Retired micro-ops
   branchUops: 6750756942 # Retired branch micro-ops
   fpAddSubUops: 0 # Retired floating point add and sub micro-ops
   fpMulDivUops: 0 # Retired floating point mul and div micro-ops
   bbls: 6750855942 # Basic blocks
   approxInstrs: 512128200 # Instrs with approx uop decoding
   mispredBranches: 93525764 # Mispredicted branches
   mispredInstrs: 455094423 # Instructions executed in wrong path
   mispredPenalty: 1758266369 # Cycles delayed due to branch misprediction
   opExecuted: 0 # cycles with high (more than 3) number of operations executed
   loadStallsTotal: 8289058482 # stalls due to load
   storeStallsTotal: 4930769097 # stalls due to store
   spatialLocality: 8410 # Spatial Locality times 10000
   temporalLocality: 4578 # Temporal Locality times 10000
 l1d: # Cache stats
  l1d-0: # Filter cache stats
   fhGETS: 15212858255 # Filtered GETS hits
   fhGETX: 9301583113 # Filtered GETX hits
   hGETS: 174855579 # GETS hits
   hGETX: 193472006 # GETX hits
   mGETS: 14749411 # GETS misses
   mGETXIM: 17446588 # GETX I->M misses
   mGETXSM: 0 # GETX S->M misses (upgrade misses)
   PUTS: 0 # Clean evictions (from lower level)
   PUTX: 0 # Dirty evictions (from lower level)
   INV: 0 # Invalidates (from upper level)
   INVX: 0 # Downgrades (from upper level)
   FWD: 0 # Forwards (from upper level)
   latGETnl: 899310780 # GET request latency on next level
   latGETnet: 0 # GET request latency on network to next level
   sharedRequests: 0 # Shared Requests
 l1i: # Cache stats
  l1i-0: # Filter cache stats
   fhGETS: 7857184341 # Filtered GETS hits
   fhGETX: 0 # Filtered GETX hits
   hGETS: 76960887 # GETS hits
   hGETX: 0 # GETX hits
   mGETS: 255938 # GETS misses
   mGETXIM: 0 # GETX I->M misses
   mGETXSM: 0 # GETX S->M misses (upgrade misses)
   PUTS: 0 # Clean evictions (from lower level)
   PUTX: 0 # Dirty evictions (from lower level)
   INV: 6 # Invalidates (from upper level)
   INVX: 0 # Downgrades (from upper level)
   FWD: 0 # Forwards (from upper level)
   latGETnl: 6913698 # GET request latency on next level
   latGETnet: 0 # GET request latency on network to next level
   sharedRequests: 76960887 # Shared Requests
 l3: # Cache stats
  l3-0: # Timing cache stats
   hGETS: 1693967 # GETS hits
   hGETX: 735791 # GETX hits
   mGETS: 13311382 # GETS misses
   mGETXIM: 16710797 # GETX I->M misses
   mGETXSM: 0 # GETX S->M misses (upgrade misses)
   PUTS: 14287590 # Clean evictions (from lower level)
   PUTX: 18162314 # Dirty evictions (from lower level)
   INV: 0 # Invalidates (from upper level)
   INVX: 0 # Downgrades (from upper level)
   FWD: 0 # Forwards (from upper level)
   latGETnl: 30022179 # GET request latency on next level
   latGETnet: 0 # GET request latency on network to next level
   sharedRequests: 507495 # Shared Requests
   occHist: # Occupancy MSHR cycle histogram
    0: 22202203649
    1: 912539196
    2: 19217019
    3: 9605367
    4: 11903176
    5: 10809688
    6: 11817826
    7: 20340864
    8: 30719142
    9: 12511361
    10: 16894032
    11: 20253882
    12: 21437657
    13: 11156976
    14: 9245496
    15: 8998601
    16: 7232068
   latHit: 31313337 # Cumulative latency accesses that hit (demand and non-demand)
   latMissResp: 2102354592 # Cumulative latency for miss start to response
   latMiss: 2827253493 # Cumulative latency for miss start to finish (free MSHR)
 mem: # Memory controller stats
  mem-0: # Memory controller stats
   rd: 30022157 # Read requests
   wr: 17223598 # Write requests
   rdlat: 1290933376 # Total latency experienced by read requests
   wrlat: 1537896653 # Total latency experienced by write requests
   reissuedAccesses: 0 # Number of accesses that were reissued due to full queue
 sched: # Scheduler stats
  thCr: 1 # Threads created
  thFn: 1 # Threads finished
  schedEvs: 1 # Schedule events
  waitEvs: 0 # Wait events
  handoffEvs: 0 # Handoff events
  sleepEvs: 0 # Sleep events
  idlePhases: 0 # Phases with no thread active
  idlePeriods: 0 # Periods with no thread active
  occHist: # Occupancy histogram
   0: 0
   1: 23336886
  rqSzHist: # Run queue size histogram
   0: 23336886
   1: 0
   2: 0
   3: 0
   4: 0
   5: 0
   6: 0
   7: 0
   8: 0
   9: 0
   10: 0
   11: 0
   12: 0
   13: 0
   14: 0
   15: 0
   16: 0
 procCycles: # Per-process unhalted core cycles
  0: 23336886383
  1: 0
  2: 0
  3: 0
  4: 0
  5: 0
  6: 0
  7: 0
  8: 0
  9: 0
  10: 0
  11: 0
  12: 0
  13: 0
  14: 0
  15: 0
  16: 0
  17: 0
  18: 0
  19: 0
  20: 0
  21: 0
  22: 0
  23: 0
  24: 0
  25: 0
  26: 0
  27: 0
  28: 0
  29: 0
  30: 0
  31: 0
  32: 0
  33: 0
  34: 0
  35: 0
  36: 0
  37: 0
  38: 0
  39: 0
  40: 0
  41: 0
  42: 0
  43: 0
  44: 0
  45: 0
  46: 0
  47: 0
  48: 0
  49: 0
  50: 0
  51: 0
  52: 0
  53: 0
  54: 0
  55: 0
  56: 0
  57: 0
  58: 0
  59: 0
  60: 0
  61: 0
  62: 0
  63: 0
 procInstrs: # Per-process instructions
  0: 38182123083
  1: 0
  2: 0
  3: 0
  4: 0
  5: 0
  6: 0
  7: 0
  8: 0
  9: 0
  10: 0
  11: 0
  12: 0
  13: 0
  14: 0
  15: 0
  16: 0
  17: 0
  18: 0
  19: 0
  20: 0
  21: 0
  22: 0
  23: 0
  24: 0
  25: 0
  26: 0
  27: 0
  28: 0
  29: 0
  30: 0
  31: 0
  32: 0
  33: 0
  34: 0
  35: 0
  36: 0
  37: 0
  38: 0
  39: 0
  40: 0
  41: 0
  42: 0
  43: 0
  44: 0
  45: 0
  46: 0
  47: 0
  48: 0
  49: 0
  50: 0
  51: 0
  52: 0
  53: 0
  54: 0
  55: 0
  56: 0
  57: 0
  58: 0
  59: 0
  60: 0
  61: 0
  62: 0
  63: 0
 heartbeats: # Per-process heartbeats
  0: 0
  1: 0
  2: 0
  3: 0
  4: 0
  5: 0
  6: 0
  7: 0
  8: 0
  9: 0
  10: 0
  11: 0
  12: 0
  13: 0
  14: 0
  15: 0
  16: 0
  17: 0
  18: 0
  19: 0
  20: 0
  21: 0
  22: 0
  23: 0
  24: 0
  25: 0
  26: 0
  27: 0
  28: 0
  29: 0
  30: 0
  31: 0
  32: 0
  33: 0
  34: 0
  35: 0
  36: 0
  37: 0
  38: 0
  39: 0
  40: 0
  41: 0
  42: 0
  43: 0
  44: 0
  45: 0
  46: 0
  47: 0
  48: 0
  49: 0
  50: 0
  51: 0
  52: 0
  53: 0
  54: 0
  55: 0
  56: 0
  57: 0
  58: 0
  59: 0
  60: 0
  61: 0
  62: 0
  63: 0
===
