# zsim stats
===
root: # Stats
 contention: # Contention simulation stats
  domain-0: # Domain stats
   time: 443466036528 # Weave simulation time
 time: # Simulator time breakdown
  init: 179786724227
  bound: 629881324429
  weave: 751752477869
  ff: 1506220
 trigger: 20000 # Reason for this stats dump
 phase: 1270584 # Simulated phases
 core: # Core stats
  core-0: # Core stats
   cycles: 1270584312 # Simulated unhalted cycles
   cCycles: 113530958 # Cycles due to contention stalls
   instrs: 1742680779 # Simulated instructions
   uops: 2273162520 # Retired micro-ops
   branchUops: 269225099 # Retired branch micro-ops
   fpAddSubUops: 0 # Retired floating point add and sub micro-ops
   fpMulDivUops: 0 # Retired floating point mul and div micro-ops
   bbls: 269225099 # Basic blocks
   approxInstrs: 40423700 # Instrs with approx uop decoding
   mispredBranches: 7555567 # Mispredicted branches
   mispredInstrs: 36980950 # Instructions executed in wrong path
   mispredPenalty: 143470469 # Cycles delayed due to branch misprediction
   opExecuted: 0 # cycles with high (more than 3) number of operations executed
   loadStallsTotal: 622562682 # stalls due to load
   storeStallsTotal: 620161616 # stalls due to store
   spatialLocality: 6317 # Spatial Locality times 10000
   temporalLocality: 5766 # Temporal Locality times 10000
 l1d: # Cache stats
  l1d-0: # Filter cache stats
   fhGETS: 682424393 # Filtered GETS hits
   fhGETX: 385002483 # Filtered GETX hits
   hGETS: 4832537 # GETS hits
   hGETX: 4046273 # GETX hits
   mGETS: 2349372 # GETS misses
   mGETXIM: 3316401 # GETX I->M misses
   mGETXSM: 0 # GETX S->M misses (upgrade misses)
   PUTS: 0 # Clean evictions (from lower level)
   PUTX: 0 # Dirty evictions (from lower level)
   INV: 0 # Invalidates (from upper level)
   INVX: 0 # Downgrades (from upper level)
   FWD: 0 # Forwards (from upper level)
   latGETnl: 158046099 # GET request latency on next level
   latGETnet: 0 # GET request latency on network to next level
   sharedRequests: 0 # Shared Requests
 l1i: # Cache stats
  l1i-0: # Filter cache stats
   fhGETS: 341205554 # Filtered GETS hits
   fhGETX: 0 # Filtered GETX hits
   hGETS: 7199875 # GETS hits
   hGETX: 0 # GETX hits
   mGETS: 6667 # GETS misses
   mGETXIM: 0 # GETX I->M misses
   mGETXSM: 0 # GETX S->M misses (upgrade misses)
   PUTS: 0 # Clean evictions (from lower level)
   PUTX: 0 # Dirty evictions (from lower level)
   INV: 4 # Invalidates (from upper level)
   INVX: 0 # Downgrades (from upper level)
   FWD: 0 # Forwards (from upper level)
   latGETnl: 180799 # GET request latency on next level
   latGETnet: 0 # GET request latency on network to next level
   sharedRequests: 7199875 # Shared Requests
 l3: # Cache stats
  l3-0: # Timing cache stats
   hGETS: 556390 # GETS hits
   hGETX: 45032 # GETX hits
   mGETS: 1799649 # GETS misses
   mGETXIM: 3271369 # GETX I->M misses
   mGETXSM: 0 # GETX S->M misses (upgrade misses)
   PUTS: 2333885 # Clean evictions (from lower level)
   PUTX: 3336874 # Dirty evictions (from lower level)
   INV: 0 # Invalidates (from upper level)
   INVX: 0 # Downgrades (from upper level)
   FWD: 0 # Forwards (from upper level)
   latGETnl: 5071018 # GET request latency on next level
   latGETnet: 0 # GET request latency on network to next level
   sharedRequests: 11887 # Shared Requests
   occHist: # Occupancy MSHR cycle histogram
    0: 1041057790
    1: 186894944
    2: 15351584
    3: 3444077
    4: 3053560
    5: 2406943
    6: 3233205
    7: 3389933
    8: 3077500
    9: 2158796
    10: 1969011
    11: 1693024
    12: 1337753
    13: 775577
    14: 378330
    15: 201506
    16: 160467
   latHit: 5697514 # Cumulative latency accesses that hit (demand and non-demand)
   latMissResp: 325396442 # Cumulative latency for miss start to response
   latMiss: 414692764 # Cumulative latency for miss start to finish (free MSHR)
 mem: # Memory controller stats
  mem-0: # Memory controller stats
   rd: 5071012 # Read requests
   wr: 3259562 # Write requests
   rdlat: 188440619 # Total latency experienced by read requests
   wrlat: 210478759 # Total latency experienced by write requests
   reissuedAccesses: 0 # Number of accesses that were reissued due to full queue
 sched: # Scheduler stats
  thCr: 1 # Threads created
  thFn: 1 # Threads finished
  schedEvs: 1 # Schedule events
  waitEvs: 0 # Wait events
  handoffEvs: 0 # Handoff events
  sleepEvs: 0 # Sleep events
  idlePhases: 0 # Phases with no thread active
  idlePeriods: 0 # Periods with no thread active
  occHist: # Occupancy histogram
   0: 0
   1: 1270584
  rqSzHist: # Run queue size histogram
   0: 1270584
   1: 0
   2: 0
   3: 0
   4: 0
   5: 0
   6: 0
   7: 0
   8: 0
   9: 0
   10: 0
   11: 0
   12: 0
   13: 0
   14: 0
   15: 0
   16: 0
 procCycles: # Per-process unhalted core cycles
  0: 1270584312
  1: 0
  2: 0
  3: 0
  4: 0
  5: 0
  6: 0
  7: 0
  8: 0
  9: 0
  10: 0
  11: 0
  12: 0
  13: 0
  14: 0
  15: 0
  16: 0
  17: 0
  18: 0
  19: 0
  20: 0
  21: 0
  22: 0
  23: 0
  24: 0
  25: 0
  26: 0
  27: 0
  28: 0
  29: 0
  30: 0
  31: 0
  32: 0
  33: 0
  34: 0
  35: 0
  36: 0
  37: 0
  38: 0
  39: 0
  40: 0
  41: 0
  42: 0
  43: 0
  44: 0
  45: 0
  46: 0
  47: 0
  48: 0
  49: 0
  50: 0
  51: 0
  52: 0
  53: 0
  54: 0
  55: 0
  56: 0
  57: 0
  58: 0
  59: 0
  60: 0
  61: 0
  62: 0
  63: 0
 procInstrs: # Per-process instructions
  0: 1742680779
  1: 0
  2: 0
  3: 0
  4: 0
  5: 0
  6: 0
  7: 0
  8: 0
  9: 0
  10: 0
  11: 0
  12: 0
  13: 0
  14: 0
  15: 0
  16: 0
  17: 0
  18: 0
  19: 0
  20: 0
  21: 0
  22: 0
  23: 0
  24: 0
  25: 0
  26: 0
  27: 0
  28: 0
  29: 0
  30: 0
  31: 0
  32: 0
  33: 0
  34: 0
  35: 0
  36: 0
  37: 0
  38: 0
  39: 0
  40: 0
  41: 0
  42: 0
  43: 0
  44: 0
  45: 0
  46: 0
  47: 0
  48: 0
  49: 0
  50: 0
  51: 0
  52: 0
  53: 0
  54: 0
  55: 0
  56: 0
  57: 0
  58: 0
  59: 0
  60: 0
  61: 0
  62: 0
  63: 0
 heartbeats: # Per-process heartbeats
  0: 0
  1: 0
  2: 0
  3: 0
  4: 0
  5: 0
  6: 0
  7: 0
  8: 0
  9: 0
  10: 0
  11: 0
  12: 0
  13: 0
  14: 0
  15: 0
  16: 0
  17: 0
  18: 0
  19: 0
  20: 0
  21: 0
  22: 0
  23: 0
  24: 0
  25: 0
  26: 0
  27: 0
  28: 0
  29: 0
  30: 0
  31: 0
  32: 0
  33: 0
  34: 0
  35: 0
  36: 0
  37: 0
  38: 0
  39: 0
  40: 0
  41: 0
  42: 0
  43: 0
  44: 0
  45: 0
  46: 0
  47: 0
  48: 0
  49: 0
  50: 0
  51: 0
  52: 0
  53: 0
  54: 0
  55: 0
  56: 0
  57: 0
  58: 0
  59: 0
  60: 0
  61: 0
  62: 0
  63: 0
===
