# zsim stats
===
root: # Stats
 contention: # Contention simulation stats
  domain-0: # Domain stats
   time: 2546944176861 # Weave simulation time
 time: # Simulator time breakdown
  init: 583229970
  bound: 2876092968135
  weave: 4382790378095
  ff: 8825425
 trigger: 20000 # Reason for this stats dump
 phase: 8274541 # Simulated phases
 core: # Core stats
  core-0: # Core stats
   cycles: 8274541395 # Simulated unhalted cycles
   cCycles: 472958825 # Cycles due to contention stalls
   instrs: 12554866425 # Simulated instructions
   uops: 14771704943 # Retired micro-ops
   branchUops: 1114825003 # Retired branch micro-ops
   fpAddSubUops: 0 # Retired floating point add and sub micro-ops
   fpMulDivUops: 0 # Retired floating point mul and div micro-ops
   bbls: 1114911589 # Basic blocks
   approxInstrs: 512193849 # Instrs with approx uop decoding
   mispredBranches: 80490961 # Mispredicted branches
   mispredInstrs: 401644170 # Instructions executed in wrong path
   mispredPenalty: 1589919378 # Cycles delayed due to branch misprediction
   opExecuted: 0 # cycles with high (more than 3) number of operations executed
   loadStallsTotal: 1985978425 # stalls due to load
   storeStallsTotal: 1352904715 # stalls due to store
   spatialLocality: 8410 # Spatial Locality times 10000
   temporalLocality: 4578 # Temporal Locality times 10000
 l1d: # Cache stats
  l1d-0: # Filter cache stats
   fhGETS: 4247477184 # Filtered GETS hits
   fhGETX: 1844296593 # Filtered GETX hits
   hGETS: 105168929 # GETS hits
   hGETX: 159091783 # GETX hits
   mGETS: 14283738 # GETS misses
   mGETXIM: 17118450 # GETX I->M misses
   mGETXSM: 0 # GETX S->M misses (upgrade misses)
   PUTS: 0 # Clean evictions (from lower level)
   PUTX: 0 # Dirty evictions (from lower level)
   INV: 0 # Invalidates (from upper level)
   INVX: 0 # Downgrades (from upper level)
   FWD: 0 # Forwards (from upper level)
   latGETnl: 873596252 # GET request latency on next level
   latGETnet: 0 # GET request latency on network to next level
   sharedRequests: 0 # Shared Requests
 l1i: # Cache stats
  l1i-0: # Filter cache stats
   fhGETS: 1965710810 # Filtered GETS hits
   fhGETX: 0 # Filtered GETX hits
   hGETS: 39446467 # GETS hits
   hGETX: 0 # GETX hits
   mGETS: 1576 # GETS misses
   mGETXIM: 0 # GETX I->M misses
   mGETXSM: 0 # GETX S->M misses (upgrade misses)
   PUTS: 0 # Clean evictions (from lower level)
   PUTX: 0 # Dirty evictions (from lower level)
   INV: 0 # Invalidates (from upper level)
   INVX: 0 # Downgrades (from upper level)
   FWD: 0 # Forwards (from upper level)
   latGETnl: 43996 # GET request latency on next level
   latGETnet: 0 # GET request latency on network to next level
   sharedRequests: 39446467 # Shared Requests
 l3: # Cache stats
  l3-0: # Timing cache stats
   hGETS: 2646615 # GETS hits
   hGETX: 3018529 # GETX hits
   mGETS: 11638699 # GETS misses
   mGETXIM: 14099921 # GETX I->M misses
   mGETXSM: 0 # GETX S->M misses (upgrade misses)
   PUTS: 13632990 # Clean evictions (from lower level)
   PUTX: 17768776 # Dirty evictions (from lower level)
   INV: 0 # Invalidates (from upper level)
   INVX: 0 # Downgrades (from upper level)
   FWD: 0 # Forwards (from upper level)
   latGETnl: 25738620 # GET request latency on next level
   latGETnet: 0 # GET request latency on network to next level
   sharedRequests: 734 # Shared Requests
   occHist: # Occupancy MSHR cycle histogram
    0: 7352003638
    1: 724072435
    2: 26586381
    3: 9337136
    4: 10460467
    5: 8388597
    6: 9310506
    7: 16445548
    8: 25953387
    9: 10240116
    10: 14268649
    11: 17379900
    12: 18435684
    13: 9565572
    14: 8034045
    15: 7858489
    16: 6200450
   latHit: 30585977 # Cumulative latency accesses that hit (demand and non-demand)
   latMissResp: 1753460882 # Cumulative latency for miss start to response
   latMiss: 2368818543 # Cumulative latency for miss start to finish (free MSHR)
 mem: # Memory controller stats
  mem-0: # Memory controller stats
   rd: 25738590 # Read requests
   wr: 14537243 # Write requests
   rdlat: 1057777956 # Total latency experienced by read requests
   wrlat: 1292767340 # Total latency experienced by write requests
   reissuedAccesses: 0 # Number of accesses that were reissued due to full queue
 sched: # Scheduler stats
  thCr: 1 # Threads created
  thFn: 1 # Threads finished
  schedEvs: 1 # Schedule events
  waitEvs: 0 # Wait events
  handoffEvs: 0 # Handoff events
  sleepEvs: 0 # Sleep events
  idlePhases: 0 # Phases with no thread active
  idlePeriods: 0 # Periods with no thread active
  occHist: # Occupancy histogram
   0: 0
   1: 8274541
  rqSzHist: # Run queue size histogram
   0: 8274541
   1: 0
   2: 0
   3: 0
   4: 0
   5: 0
   6: 0
   7: 0
   8: 0
   9: 0
   10: 0
   11: 0
   12: 0
   13: 0
   14: 0
   15: 0
   16: 0
 procCycles: # Per-process unhalted core cycles
  0: 8274541395
  1: 0
  2: 0
  3: 0
  4: 0
  5: 0
  6: 0
  7: 0
  8: 0
  9: 0
  10: 0
  11: 0
  12: 0
  13: 0
  14: 0
  15: 0
  16: 0
  17: 0
  18: 0
  19: 0
  20: 0
  21: 0
  22: 0
  23: 0
  24: 0
  25: 0
  26: 0
  27: 0
  28: 0
  29: 0
  30: 0
  31: 0
  32: 0
  33: 0
  34: 0
  35: 0
  36: 0
  37: 0
  38: 0
  39: 0
  40: 0
  41: 0
  42: 0
  43: 0
  44: 0
  45: 0
  46: 0
  47: 0
  48: 0
  49: 0
  50: 0
  51: 0
  52: 0
  53: 0
  54: 0
  55: 0
  56: 0
  57: 0
  58: 0
  59: 0
  60: 0
  61: 0
  62: 0
  63: 0
 procInstrs: # Per-process instructions
  0: 12554866425
  1: 0
  2: 0
  3: 0
  4: 0
  5: 0
  6: 0
  7: 0
  8: 0
  9: 0
  10: 0
  11: 0
  12: 0
  13: 0
  14: 0
  15: 0
  16: 0
  17: 0
  18: 0
  19: 0
  20: 0
  21: 0
  22: 0
  23: 0
  24: 0
  25: 0
  26: 0
  27: 0
  28: 0
  29: 0
  30: 0
  31: 0
  32: 0
  33: 0
  34: 0
  35: 0
  36: 0
  37: 0
  38: 0
  39: 0
  40: 0
  41: 0
  42: 0
  43: 0
  44: 0
  45: 0
  46: 0
  47: 0
  48: 0
  49: 0
  50: 0
  51: 0
  52: 0
  53: 0
  54: 0
  55: 0
  56: 0
  57: 0
  58: 0
  59: 0
  60: 0
  61: 0
  62: 0
  63: 0
 heartbeats: # Per-process heartbeats
  0: 0
  1: 0
  2: 0
  3: 0
  4: 0
  5: 0
  6: 0
  7: 0
  8: 0
  9: 0
  10: 0
  11: 0
  12: 0
  13: 0
  14: 0
  15: 0
  16: 0
  17: 0
  18: 0
  19: 0
  20: 0
  21: 0
  22: 0
  23: 0
  24: 0
  25: 0
  26: 0
  27: 0
  28: 0
  29: 0
  30: 0
  31: 0
  32: 0
  33: 0
  34: 0
  35: 0
  36: 0
  37: 0
  38: 0
  39: 0
  40: 0
  41: 0
  42: 0
  43: 0
  44: 0
  45: 0
  46: 0
  47: 0
  48: 0
  49: 0
  50: 0
  51: 0
  52: 0
  53: 0
  54: 0
  55: 0
  56: 0
  57: 0
  58: 0
  59: 0
  60: 0
  61: 0
  62: 0
  63: 0
===
