# zsim stats
===
root: # Stats
 contention: # Contention simulation stats
  domain-0: # Domain stats
   time: 16936481662709 # Weave simulation time
 time: # Simulator time breakdown
  init: 2221116134
  bound: 1457077242923
  weave: 21287714456501
  ff: 3881343
 trigger: 20000 # Reason for this stats dump
 phase: 18369444 # Simulated phases
 core: # Core stats
  core-0: # Core stats
   cycles: 18369444540 # Simulated unhalted cycles
   cCycles: 2568690280 # Cycles due to contention stalls
   instrs: 15735509726 # Simulated instructions
   spatialLocality: 5089 # Spatial Locality times 10000
   temporalLocality: 7042 # Temporal Locality times 10000
 l1d: # Cache stats
  l1d-0: # Filter cache stats
   fhGETS: 6239054144 # Filtered GETS hits
   fhGETX: 3772688761 # Filtered GETX hits
   hGETS: 110430833 # GETS hits
   hGETX: 122465831 # GETX hits
   mGETS: 20274101 # GETS misses
   mGETXIM: 23820486 # GETX I->M misses
   mGETXSM: 0 # GETX S->M misses (upgrade misses)
   PUTS: 0 # Clean evictions (from lower level)
   PUTX: 0 # Dirty evictions (from lower level)
   INV: 40886533 # Invalidates (from upper level)
   INVX: 0 # Downgrades (from upper level)
   FWD: 0 # Forwards (from upper level)
   latGETnl: 44094587 # GET request latency on next level
   latGETnet: 0 # GET request latency on network to next level
   sharedRequests: 0 # Shared Requests
 l1i: # Cache stats
  l1i-0: # Filter cache stats
   fhGETS: 2983997954 # Filtered GETS hits
   fhGETX: 0 # Filtered GETX hits
   hGETS: 93695284 # GETS hits
   hGETX: 0 # GETX hits
   mGETS: 21149947 # GETS misses
   mGETXIM: 0 # GETX I->M misses
   mGETXSM: 0 # GETX S->M misses (upgrade misses)
   PUTS: 0 # Clean evictions (from lower level)
   PUTX: 0 # Dirty evictions (from lower level)
   INV: 20411123 # Invalidates (from upper level)
   INVX: 0 # Downgrades (from upper level)
   FWD: 0 # Forwards (from upper level)
   latGETnl: 21149947 # GET request latency on next level
   latGETnet: 0 # GET request latency on network to next level
   sharedRequests: 93695284 # Shared Requests
 l3: # Cache stats
  l3-0b0: # Timing cache stats
   hGETS: 0 # GETS hits
   hGETX: 0 # GETX hits
   mGETS: 0 # GETS misses
   mGETXIM: 0 # GETX I->M misses
   mGETXSM: 0 # GETX S->M misses (upgrade misses)
   PUTS: 0 # Clean evictions (from lower level)
   PUTX: 0 # Dirty evictions (from lower level)
   INV: 0 # Invalidates (from upper level)
   INVX: 0 # Downgrades (from upper level)
   FWD: 0 # Forwards (from upper level)
   latGETnl: 0 # GET request latency on next level
   latGETnet: 0 # GET request latency on network to next level
   sharedRequests: 0 # Shared Requests
   occHist: # Occupancy MSHR cycle histogram
    0: 18179963523
    1: 186369133
    2: 3109763
    3: 1581
    4: 0
    5: 0
    6: 0
    7: 0
    8: 0
    9: 0
    10: 0
    11: 0
    12: 0
    13: 0
    14: 0
    15: 0
    16: 0
   latHit: 31725 # Cumulative latency accesses that hit (demand and non-demand)
   latMissResp: 188508198 # Cumulative latency for miss start to response
   latMiss: 192593402 # Cumulative latency for miss start to finish (free MSHR)
  l3-0b1: # Timing cache stats
   hGETS: 0 # GETS hits
   hGETX: 0 # GETX hits
   mGETS: 0 # GETS misses
   mGETXIM: 0 # GETX I->M misses
   mGETXSM: 0 # GETX S->M misses (upgrade misses)
   PUTS: 0 # Clean evictions (from lower level)
   PUTX: 0 # Dirty evictions (from lower level)
   INV: 0 # Invalidates (from upper level)
   INVX: 0 # Downgrades (from upper level)
   FWD: 0 # Forwards (from upper level)
   latGETnl: 0 # GET request latency on next level
   latGETnet: 0 # GET request latency on network to next level
   sharedRequests: 0 # Shared Requests
   occHist: # Occupancy MSHR cycle histogram
    0: 18181015002
    1: 186206765
    2: 2220416
    3: 1817
    4: 0
    5: 0
    6: 0
    7: 0
    8: 0
    9: 0
    10: 0
    11: 0
    12: 0
    13: 0
    14: 0
    15: 0
    16: 0
   latHit: 11461 # Cumulative latency accesses that hit (demand and non-demand)
   latMissResp: 186346487 # Cumulative latency for miss start to response
   latMiss: 190653048 # Cumulative latency for miss start to finish (free MSHR)
  l3-0b2: # Timing cache stats
   hGETS: 0 # GETS hits
   hGETX: 0 # GETX hits
   mGETS: 0 # GETS misses
   mGETXIM: 0 # GETX I->M misses
   mGETXSM: 0 # GETX S->M misses (upgrade misses)
   PUTS: 0 # Clean evictions (from lower level)
   PUTX: 0 # Dirty evictions (from lower level)
   INV: 0 # Invalidates (from upper level)
   INVX: 0 # Downgrades (from upper level)
   FWD: 0 # Forwards (from upper level)
   latGETnl: 0 # GET request latency on next level
   latGETnet: 0 # GET request latency on network to next level
   sharedRequests: 0 # Shared Requests
   occHist: # Occupancy MSHR cycle histogram
    0: 18248895271
    1: 117767311
    2: 2778476
    3: 2939
    4: 3
    5: 0
    6: 0
    7: 0
    8: 0
    9: 0
    10: 0
    11: 0
    12: 0
    13: 0
    14: 0
    15: 0
    16: 0
   latHit: 7430 # Cumulative latency accesses that hit (demand and non-demand)
   latMissResp: 119953502 # Cumulative latency for miss start to response
   latMiss: 123333092 # Cumulative latency for miss start to finish (free MSHR)
  l3-0b3: # Timing cache stats
   hGETS: 0 # GETS hits
   hGETX: 0 # GETX hits
   mGETS: 0 # GETS misses
   mGETXIM: 0 # GETX I->M misses
   mGETXSM: 0 # GETX S->M misses (upgrade misses)
   PUTS: 0 # Clean evictions (from lower level)
   PUTX: 0 # Dirty evictions (from lower level)
   INV: 0 # Invalidates (from upper level)
   INVX: 0 # Downgrades (from upper level)
   FWD: 0 # Forwards (from upper level)
   latGETnl: 0 # GET request latency on next level
   latGETnet: 0 # GET request latency on network to next level
   sharedRequests: 0 # Shared Requests
   occHist: # Occupancy MSHR cycle histogram
    0: 18211484027
    1: 154972075
    2: 2986034
    3: 1864
    4: 0
    5: 0
    6: 0
    7: 0
    8: 0
    9: 0
    10: 0
    11: 0
    12: 0
    13: 0
    14: 0
    15: 0
    16: 0
   latHit: 109124 # Cumulative latency accesses that hit (demand and non-demand)
   latMissResp: 156367444 # Cumulative latency for miss start to response
   latMiss: 160949735 # Cumulative latency for miss start to finish (free MSHR)
  l3-0b4: # Timing cache stats
   hGETS: 0 # GETS hits
   hGETX: 0 # GETX hits
   mGETS: 0 # GETS misses
   mGETXIM: 0 # GETX I->M misses
   mGETXSM: 0 # GETX S->M misses (upgrade misses)
   PUTS: 0 # Clean evictions (from lower level)
   PUTX: 0 # Dirty evictions (from lower level)
   INV: 0 # Invalidates (from upper level)
   INVX: 0 # Downgrades (from upper level)
   FWD: 0 # Forwards (from upper level)
   latGETnl: 0 # GET request latency on next level
   latGETnet: 0 # GET request latency on network to next level
   sharedRequests: 0 # Shared Requests
   occHist: # Occupancy MSHR cycle histogram
    0: 18190569247
    1: 178332506
    2: 541051
    3: 1196
    4: 0
    5: 0
    6: 0
    7: 0
    8: 0
    9: 0
    10: 0
    11: 0
    12: 0
    13: 0
    14: 0
    15: 0
    16: 0
   latHit: 65031 # Cumulative latency accesses that hit (demand and non-demand)
   latMissResp: 176067914 # Cumulative latency for miss start to response
   latMiss: 179418196 # Cumulative latency for miss start to finish (free MSHR)
  l3-0b5: # Timing cache stats
   hGETS: 0 # GETS hits
   hGETX: 0 # GETX hits
   mGETS: 0 # GETS misses
   mGETXIM: 0 # GETX I->M misses
   mGETXSM: 0 # GETX S->M misses (upgrade misses)
   PUTS: 0 # Clean evictions (from lower level)
   PUTX: 0 # Dirty evictions (from lower level)
   INV: 0 # Invalidates (from upper level)
   INVX: 0 # Downgrades (from upper level)
   FWD: 0 # Forwards (from upper level)
   latGETnl: 0 # GET request latency on next level
   latGETnet: 0 # GET request latency on network to next level
   sharedRequests: 0 # Shared Requests
   occHist: # Occupancy MSHR cycle histogram
    0: 18196143884
    1: 171538992
    2: 1757708
    3: 3416
    4: 0
    5: 0
    6: 0
    7: 0
    8: 0
    9: 0
    10: 0
    11: 0
    12: 0
    13: 0
    14: 0
    15: 0
    16: 0
   latHit: 105964 # Cumulative latency accesses that hit (demand and non-demand)
   latMissResp: 170874889 # Cumulative latency for miss start to response
   latMiss: 175064656 # Cumulative latency for miss start to finish (free MSHR)
  l3-0b6: # Timing cache stats
   hGETS: 0 # GETS hits
   hGETX: 0 # GETX hits
   mGETS: 0 # GETS misses
   mGETXIM: 0 # GETX I->M misses
   mGETXSM: 0 # GETX S->M misses (upgrade misses)
   PUTS: 0 # Clean evictions (from lower level)
   PUTX: 0 # Dirty evictions (from lower level)
   INV: 0 # Invalidates (from upper level)
   INVX: 0 # Downgrades (from upper level)
   FWD: 0 # Forwards (from upper level)
   latGETnl: 0 # GET request latency on next level
   latGETnet: 0 # GET request latency on network to next level
   sharedRequests: 0 # Shared Requests
   occHist: # Occupancy MSHR cycle histogram
    0: 18158288253
    1: 207043826
    2: 4102352
    3: 9569
    4: 0
    5: 0
    6: 0
    7: 0
    8: 0
    9: 0
    10: 0
    11: 0
    12: 0
    13: 0
    14: 0
    15: 0
    16: 0
   latHit: 43594 # Cumulative latency accesses that hit (demand and non-demand)
   latMissResp: 210242091 # Cumulative latency for miss start to response
   latMiss: 215277237 # Cumulative latency for miss start to finish (free MSHR)
  l3-0b7: # Timing cache stats
   hGETS: 0 # GETS hits
   hGETX: 0 # GETX hits
   mGETS: 0 # GETS misses
   mGETXIM: 0 # GETX I->M misses
   mGETXSM: 0 # GETX S->M misses (upgrade misses)
   PUTS: 0 # Clean evictions (from lower level)
   PUTX: 0 # Dirty evictions (from lower level)
   INV: 0 # Invalidates (from upper level)
   INVX: 0 # Downgrades (from upper level)
   FWD: 0 # Forwards (from upper level)
   latGETnl: 0 # GET request latency on next level
   latGETnet: 0 # GET request latency on network to next level
   sharedRequests: 0 # Shared Requests
   occHist: # Occupancy MSHR cycle histogram
    0: 18219686263
    1: 148834541
    2: 922281
    3: 915
    4: 0
    5: 0
    6: 0
    7: 0
    8: 0
    9: 0
    10: 0
    11: 0
    12: 0
    13: 0
    14: 0
    15: 0
    16: 0
   latHit: 73543 # Cumulative latency accesses that hit (demand and non-demand)
   latMissResp: 146785538 # Cumulative latency for miss start to response
   latMiss: 150681848 # Cumulative latency for miss start to finish (free MSHR)
  l3-0b8: # Timing cache stats
   hGETS: 0 # GETS hits
   hGETX: 0 # GETX hits
   mGETS: 0 # GETS misses
   mGETXIM: 0 # GETX I->M misses
   mGETXSM: 0 # GETX S->M misses (upgrade misses)
   PUTS: 0 # Clean evictions (from lower level)
   PUTX: 0 # Dirty evictions (from lower level)
   INV: 0 # Invalidates (from upper level)
   INVX: 0 # Downgrades (from upper level)
   FWD: 0 # Forwards (from upper level)
   latGETnl: 0 # GET request latency on next level
   latGETnet: 0 # GET request latency on network to next level
   sharedRequests: 0 # Shared Requests
   occHist: # Occupancy MSHR cycle histogram
    0: 18190234450
    1: 178771179
    2: 438142
    3: 229
    4: 0
    5: 0
    6: 0
    7: 0
    8: 0
    9: 0
    10: 0
    11: 0
    12: 0
    13: 0
    14: 0
    15: 0
    16: 0
   latHit: 13320 # Cumulative latency accesses that hit (demand and non-demand)
   latMissResp: 177215346 # Cumulative latency for miss start to response
   latMiss: 179648150 # Cumulative latency for miss start to finish (free MSHR)
  l3-0b9: # Timing cache stats
   hGETS: 0 # GETS hits
   hGETX: 0 # GETX hits
   mGETS: 0 # GETS misses
   mGETXIM: 0 # GETX I->M misses
   mGETXSM: 0 # GETX S->M misses (upgrade misses)
   PUTS: 0 # Clean evictions (from lower level)
   PUTX: 0 # Dirty evictions (from lower level)
   INV: 0 # Invalidates (from upper level)
   INVX: 0 # Downgrades (from upper level)
   FWD: 0 # Forwards (from upper level)
   latGETnl: 0 # GET request latency on next level
   latGETnet: 0 # GET request latency on network to next level
   sharedRequests: 0 # Shared Requests
   occHist: # Occupancy MSHR cycle histogram
    0: 18211445872
    1: 154649789
    2: 3345460
    3: 2869
    4: 10
    5: 0
    6: 0
    7: 0
    8: 0
    9: 0
    10: 0
    11: 0
    12: 0
    13: 0
    14: 0
    15: 0
    16: 0
   latHit: 143269 # Cumulative latency accesses that hit (demand and non-demand)
   latMissResp: 157396182 # Cumulative latency for miss start to response
   latMiss: 161349356 # Cumulative latency for miss start to finish (free MSHR)
  l3-0b10: # Timing cache stats
   hGETS: 0 # GETS hits
   hGETX: 0 # GETX hits
   mGETS: 0 # GETS misses
   mGETXIM: 0 # GETX I->M misses
   mGETXSM: 0 # GETX S->M misses (upgrade misses)
   PUTS: 0 # Clean evictions (from lower level)
   PUTX: 0 # Dirty evictions (from lower level)
   INV: 0 # Invalidates (from upper level)
   INVX: 0 # Downgrades (from upper level)
   FWD: 0 # Forwards (from upper level)
   latGETnl: 0 # GET request latency on next level
   latGETnet: 0 # GET request latency on network to next level
   sharedRequests: 0 # Shared Requests
   occHist: # Occupancy MSHR cycle histogram
    0: 18199106206
    1: 166923038
    2: 3412133
    3: 2623
    4: 0
    5: 0
    6: 0
    7: 0
    8: 0
    9: 0
    10: 0
    11: 0
    12: 0
    13: 0
    14: 0
    15: 0
    16: 0
   latHit: 29587 # Cumulative latency accesses that hit (demand and non-demand)
   latMissResp: 169280491 # Cumulative latency for miss start to response
   latMiss: 173755173 # Cumulative latency for miss start to finish (free MSHR)
  l3-0b11: # Timing cache stats
   hGETS: 0 # GETS hits
   hGETX: 0 # GETX hits
   mGETS: 0 # GETS misses
   mGETXIM: 0 # GETX I->M misses
   mGETXSM: 0 # GETX S->M misses (upgrade misses)
   PUTS: 0 # Clean evictions (from lower level)
   PUTX: 0 # Dirty evictions (from lower level)
   INV: 0 # Invalidates (from upper level)
   INVX: 0 # Downgrades (from upper level)
   FWD: 0 # Forwards (from upper level)
   latGETnl: 0 # GET request latency on next level
   latGETnet: 0 # GET request latency on network to next level
   sharedRequests: 0 # Shared Requests
   occHist: # Occupancy MSHR cycle histogram
    0: 18203197453
    1: 159754015
    2: 6490130
    3: 2402
    4: 0
    5: 0
    6: 0
    7: 0
    8: 0
    9: 0
    10: 0
    11: 0
    12: 0
    13: 0
    14: 0
    15: 0
    16: 0
   latHit: 134358 # Cumulative latency accesses that hit (demand and non-demand)
   latMissResp: 169333515 # Cumulative latency for miss start to response
   latMiss: 172741481 # Cumulative latency for miss start to finish (free MSHR)
  l3-0b12: # Timing cache stats
   hGETS: 0 # GETS hits
   hGETX: 0 # GETX hits
   mGETS: 0 # GETS misses
   mGETXIM: 0 # GETX I->M misses
   mGETXSM: 0 # GETX S->M misses (upgrade misses)
   PUTS: 0 # Clean evictions (from lower level)
   PUTX: 0 # Dirty evictions (from lower level)
   INV: 0 # Invalidates (from upper level)
   INVX: 0 # Downgrades (from upper level)
   FWD: 0 # Forwards (from upper level)
   latGETnl: 0 # GET request latency on next level
   latGETnet: 0 # GET request latency on network to next level
   sharedRequests: 0 # Shared Requests
   occHist: # Occupancy MSHR cycle histogram
    0: 18169847970
    1: 195328509
    2: 4260740
    3: 6781
    4: 0
    5: 0
    6: 0
    7: 0
    8: 0
    9: 0
    10: 0
    11: 0
    12: 0
    13: 0
    14: 0
    15: 0
    16: 0
   latHit: 20534 # Cumulative latency accesses that hit (demand and non-demand)
   latMissResp: 199095466 # Cumulative latency for miss start to response
   latMiss: 203870332 # Cumulative latency for miss start to finish (free MSHR)
  l3-0b13: # Timing cache stats
   hGETS: 0 # GETS hits
   hGETX: 0 # GETX hits
   mGETS: 0 # GETS misses
   mGETXIM: 0 # GETX I->M misses
   mGETXSM: 0 # GETX S->M misses (upgrade misses)
   PUTS: 0 # Clean evictions (from lower level)
   PUTX: 0 # Dirty evictions (from lower level)
   INV: 0 # Invalidates (from upper level)
   INVX: 0 # Downgrades (from upper level)
   FWD: 0 # Forwards (from upper level)
   latGETnl: 0 # GET request latency on next level
   latGETnet: 0 # GET request latency on network to next level
   sharedRequests: 0 # Shared Requests
   occHist: # Occupancy MSHR cycle histogram
    0: 18182583930
    1: 184574078
    2: 2283764
    3: 2228
    4: 0
    5: 0
    6: 0
    7: 0
    8: 0
    9: 0
    10: 0
    11: 0
    12: 0
    13: 0
    14: 0
    15: 0
    16: 0
   latHit: 15226 # Cumulative latency accesses that hit (demand and non-demand)
   latMissResp: 185576316 # Cumulative latency for miss start to response
   latMiss: 189148290 # Cumulative latency for miss start to finish (free MSHR)
  l3-0b14: # Timing cache stats
   hGETS: 0 # GETS hits
   hGETX: 0 # GETX hits
   mGETS: 0 # GETS misses
   mGETXIM: 0 # GETX I->M misses
   mGETXSM: 0 # GETX S->M misses (upgrade misses)
   PUTS: 0 # Clean evictions (from lower level)
   PUTX: 0 # Dirty evictions (from lower level)
   INV: 0 # Invalidates (from upper level)
   INVX: 0 # Downgrades (from upper level)
   FWD: 0 # Forwards (from upper level)
   latGETnl: 0 # GET request latency on next level
   latGETnet: 0 # GET request latency on network to next level
   sharedRequests: 0 # Shared Requests
   occHist: # Occupancy MSHR cycle histogram
    0: 18201252251
    1: 166126545
    2: 2063857
    3: 1343
    4: 4
    5: 0
    6: 0
    7: 0
    8: 0
    9: 0
    10: 0
    11: 0
    12: 0
    13: 0
    14: 0
    15: 0
    16: 0
   latHit: 7660 # Cumulative latency accesses that hit (demand and non-demand)
   latMissResp: 166114383 # Cumulative latency for miss start to response
   latMiss: 170258281 # Cumulative latency for miss start to finish (free MSHR)
  l3-0b15: # Timing cache stats
   hGETS: 0 # GETS hits
   hGETX: 0 # GETX hits
   mGETS: 0 # GETS misses
   mGETXIM: 0 # GETX I->M misses
   mGETXSM: 0 # GETX S->M misses (upgrade misses)
   PUTS: 0 # Clean evictions (from lower level)
   PUTX: 0 # Dirty evictions (from lower level)
   INV: 0 # Invalidates (from upper level)
   INVX: 0 # Downgrades (from upper level)
   FWD: 0 # Forwards (from upper level)
   latGETnl: 0 # GET request latency on next level
   latGETnet: 0 # GET request latency on network to next level
   sharedRequests: 0 # Shared Requests
   occHist: # Occupancy MSHR cycle histogram
    0: 18191397163
    1: 176017706
    2: 2026317
    3: 2766
    4: 48
    5: 0
    6: 0
    7: 0
    8: 0
    9: 0
    10: 0
    11: 0
    12: 0
    13: 0
    14: 0
    15: 0
    16: 0
   latHit: 19156 # Cumulative latency accesses that hit (demand and non-demand)
   latMissResp: 175784249 # Cumulative latency for miss start to response
   latMiss: 180078830 # Cumulative latency for miss start to finish (free MSHR)
 mem: # Memory controller stats
  mem-0: # Memory controller stats
   rd: 65244483 # Read requests
   wr: 35093219 # Write requests
   rdlat: 2633934762 # Total latency experienced by read requests
   wrlat: 1012561022 # Total latency experienced by write requests
   reissuedAccesses: 0 # Number of accesses that were reissued due to full queue
 sched: # Scheduler stats
  thCr: 1 # Threads created
  thFn: 1 # Threads finished
  schedEvs: 1 # Schedule events
  waitEvs: 0 # Wait events
  handoffEvs: 0 # Handoff events
  sleepEvs: 0 # Sleep events
  idlePhases: 0 # Phases with no thread active
  idlePeriods: 0 # Periods with no thread active
  occHist: # Occupancy histogram
   0: 0
   1: 18369444
  rqSzHist: # Run queue size histogram
   0: 18369444
   1: 0
   2: 0
   3: 0
   4: 0
   5: 0
   6: 0
   7: 0
   8: 0
   9: 0
   10: 0
   11: 0
   12: 0
   13: 0
   14: 0
   15: 0
   16: 0
 procCycles: # Per-process unhalted core cycles
  0: 18369444540
  1: 0
  2: 0
  3: 0
  4: 0
  5: 0
  6: 0
  7: 0
  8: 0
  9: 0
  10: 0
  11: 0
  12: 0
  13: 0
  14: 0
  15: 0
  16: 0
  17: 0
  18: 0
  19: 0
  20: 0
  21: 0
  22: 0
  23: 0
  24: 0
  25: 0
  26: 0
  27: 0
  28: 0
  29: 0
  30: 0
  31: 0
  32: 0
  33: 0
  34: 0
  35: 0
  36: 0
  37: 0
  38: 0
  39: 0
  40: 0
  41: 0
  42: 0
  43: 0
  44: 0
  45: 0
  46: 0
  47: 0
  48: 0
  49: 0
  50: 0
  51: 0
  52: 0
  53: 0
  54: 0
  55: 0
  56: 0
  57: 0
  58: 0
  59: 0
  60: 0
  61: 0
  62: 0
  63: 0
 procInstrs: # Per-process instructions
  0: 15735509726
  1: 0
  2: 0
  3: 0
  4: 0
  5: 0
  6: 0
  7: 0
  8: 0
  9: 0
  10: 0
  11: 0
  12: 0
  13: 0
  14: 0
  15: 0
  16: 0
  17: 0
  18: 0
  19: 0
  20: 0
  21: 0
  22: 0
  23: 0
  24: 0
  25: 0
  26: 0
  27: 0
  28: 0
  29: 0
  30: 0
  31: 0
  32: 0
  33: 0
  34: 0
  35: 0
  36: 0
  37: 0
  38: 0
  39: 0
  40: 0
  41: 0
  42: 0
  43: 0
  44: 0
  45: 0
  46: 0
  47: 0
  48: 0
  49: 0
  50: 0
  51: 0
  52: 0
  53: 0
  54: 0
  55: 0
  56: 0
  57: 0
  58: 0
  59: 0
  60: 0
  61: 0
  62: 0
  63: 0
 heartbeats: # Per-process heartbeats
  0: 0
  1: 0
  2: 0
  3: 0
  4: 0
  5: 0
  6: 0
  7: 0
  8: 0
  9: 0
  10: 0
  11: 0
  12: 0
  13: 0
  14: 0
  15: 0
  16: 0
  17: 0
  18: 0
  19: 0
  20: 0
  21: 0
  22: 0
  23: 0
  24: 0
  25: 0
  26: 0
  27: 0
  28: 0
  29: 0
  30: 0
  31: 0
  32: 0
  33: 0
  34: 0
  35: 0
  36: 0
  37: 0
  38: 0
  39: 0
  40: 0
  41: 0
  42: 0
  43: 0
  44: 0
  45: 0
  46: 0
  47: 0
  48: 0
  49: 0
  50: 0
  51: 0
  52: 0
  53: 0
  54: 0
  55: 0
  56: 0
  57: 0
  58: 0
  59: 0
  60: 0
  61: 0
  62: 0
  63: 0
===
